{"target": 7.351157439738888, "params": {"x0": 8.831058318749538, "x1": 3.7757543547615153}, "datetime": {"datetime": "2024-05-03 23:13:51", "elapsed": 11742.448798, "delta": 5.822202}}
{"target": 7.351157439738888, "params": {"x0": 8.831058318749657, "x1": 3.775754354761439}, "datetime": {"datetime": "2024-05-03 23:13:56", "elapsed": 11747.380118, "delta": 4.93132}}
{"target": 7.351157439738888, "params": {"x0": 8.831058318749834, "x1": 3.77575435476155}, "datetime": {"datetime": "2024-05-03 23:14:01", "elapsed": 11752.155807, "delta": 4.775689}}
{"target": 7.351157439738888, "params": {"x0": 8.831058318749674, "x1": 3.775754354761624}, "datetime": {"datetime": "2024-05-03 23:14:05", "elapsed": 11756.59722, "delta": 4.441413}}
{"target": 7.351157439738888, "params": {"x0": 8.831058318749726, "x1": 3.7757543547615753}, "datetime": {"datetime": "2024-05-03 23:14:11", "elapsed": 11762.556756, "delta": 5.959536}}
{"target": 7.351157439738888, "params": {"x0": 8.831058318749763, "x1": 3.775754354761487}, "datetime": {"datetime": "2024-05-03 23:14:17", "elapsed": 11768.232669, "delta": 5.675913}}
{"target": 7.351157439738888, "params": {"x0": 8.831058318749767, "x1": 3.7757543547615855}, "datetime": {"datetime": "2024-05-03 23:14:22", "elapsed": 11772.986869, "delta": 4.7542}}
{"target": 7.351157439738888, "params": {"x0": 8.831058318749651, "x1": 3.775754354761506}, "datetime": {"datetime": "2024-05-03 23:14:27", "elapsed": 11777.796231, "delta": 4.809362}}
{"target": 7.351157439738888, "params": {"x0": 8.831058318749797, "x1": 3.7757543547615793}, "datetime": {"datetime": "2024-05-03 23:14:32", "elapsed": 11783.284713, "delta": 5.488482}}
{"target": 7.351157439738888, "params": {"x0": 8.83105831874978, "x1": 3.775754354761507}, "datetime": {"datetime": "2024-05-03 23:14:38", "elapsed": 11789.28615, "delta": 6.001437}}
{"target": 7.351157439738888, "params": {"x0": 8.831058318749657, "x1": 3.775754354761547}, "datetime": {"datetime": "2024-05-03 23:14:44", "elapsed": 11794.768478, "delta": 5.482328}}
{"target": 7.351157439738888, "params": {"x0": 8.831058318749673, "x1": 3.7757543547615295}, "datetime": {"datetime": "2024-05-03 23:14:48", "elapsed": 11799.58171, "delta": 4.813232}}
{"target": 7.351157439738888, "params": {"x0": 8.831058318749657, "x1": 3.7757543547615016}, "datetime": {"datetime": "2024-05-03 23:14:53", "elapsed": 11803.990731, "delta": 4.409021}}
{"target": 7.351157439738888, "params": {"x0": 8.831058318749697, "x1": 3.7757543547615082}, "datetime": {"datetime": "2024-05-03 23:14:58", "elapsed": 11808.938488, "delta": 4.947757}}
{"target": 7.351157439738888, "params": {"x0": 8.831058318749696, "x1": 3.775754354761524}, "datetime": {"datetime": "2024-05-03 23:15:04", "elapsed": 11815.009686, "delta": 6.071198}}
{"target": 7.351157439738888, "params": {"x0": 8.831058318749712, "x1": 3.7757543547615247}, "datetime": {"datetime": "2024-05-03 23:15:09", "elapsed": 11819.79744, "delta": 4.787754}}
{"target": 7.351157439738888, "params": {"x0": 8.831058318749736, "x1": 3.7757543547615176}, "datetime": {"datetime": "2024-05-03 23:15:13", "elapsed": 11824.508237, "delta": 4.710797}}
{"target": 7.351157439738888, "params": {"x0": 8.831058318749703, "x1": 3.775754354761522}, "datetime": {"datetime": "2024-05-03 23:15:18", "elapsed": 11829.140309, "delta": 4.632072}}
{"target": 7.351157439738888, "params": {"x0": 8.831058318749703, "x1": 3.7757543547615326}, "datetime": {"datetime": "2024-05-03 23:15:23", "elapsed": 11833.919853, "delta": 4.779544}}
{"target": 7.351157439738888, "params": {"x0": 8.831058318749674, "x1": 3.7757543547615344}, "datetime": {"datetime": "2024-05-03 23:15:27", "elapsed": 11838.231585, "delta": 4.311732}}
{"target": 7.351157439738888, "params": {"x0": 8.831058318749713, "x1": 3.7757543547615424}, "datetime": {"datetime": "2024-05-03 23:15:33", "elapsed": 11844.546294, "delta": 6.314709}}
{"target": 7.351157439738888, "params": {"x0": 8.831058318749704, "x1": 3.7757543547615278}, "datetime": {"datetime": "2024-05-03 23:15:38", "elapsed": 11848.733996, "delta": 4.187702}}
{"target": 7.351157439738888, "params": {"x0": 8.83105831874968, "x1": 3.7757543547615455}, "datetime": {"datetime": "2024-05-03 23:15:41", "elapsed": 11852.595478, "delta": 3.861482}}
{"target": 7.351157439738888, "params": {"x0": 8.83105831874972, "x1": 3.7757543547615273}, "datetime": {"datetime": "2024-05-03 23:15:46", "elapsed": 11856.745382, "delta": 4.149904}}
{"target": 7.351157439738888, "params": {"x0": 8.831058318749712, "x1": 3.775754354761526}, "datetime": {"datetime": "2024-05-03 23:15:50", "elapsed": 11860.905695, "delta": 4.160313}}
{"target": 7.351157439738888, "params": {"x0": 8.831058318749696, "x1": 3.7757543547615344}, "datetime": {"datetime": "2024-05-03 23:15:54", "elapsed": 11865.604931, "delta": 4.699236}}
{"target": 7.351157439738888, "params": {"x0": 8.831058318749715, "x1": 3.7757543547615384}, "datetime": {"datetime": "2024-05-03 23:15:59", "elapsed": 11869.895982, "delta": 4.291051}}
{"target": 7.351157439738888, "params": {"x0": 8.831058318749712, "x1": 3.7757543547615287}, "datetime": {"datetime": "2024-05-03 23:16:03", "elapsed": 11874.58904, "delta": 4.693058}}
{"target": 7.351157439738888, "params": {"x0": 8.83105831874971, "x1": 3.775754354761536}, "datetime": {"datetime": "2024-05-03 23:16:09", "elapsed": 11880.095934, "delta": 5.506894}}
{"target": 7.351157439738888, "params": {"x0": 8.831058318749708, "x1": 3.7757543547615353}, "datetime": {"datetime": "2024-05-03 23:16:14", "elapsed": 11884.77482, "delta": 4.678886}}
{"target": 7.351157439738888, "params": {"x0": 8.8310583187497, "x1": 3.77575435476153}, "datetime": {"datetime": "2024-05-03 23:16:19", "elapsed": 11889.8758, "delta": 5.10098}}
{"target": 7.351157439738888, "params": {"x0": 8.831058318749696, "x1": 3.775754354761534}, "datetime": {"datetime": "2024-05-03 23:16:24", "elapsed": 11894.956031, "delta": 5.080231}}
{"target": 7.351157439738888, "params": {"x0": 8.831058318749706, "x1": 3.775754354761536}, "datetime": {"datetime": "2024-05-03 23:16:28", "elapsed": 11899.265378, "delta": 4.309347}}
{"target": 7.351157439738888, "params": {"x0": 8.831058318749703, "x1": 3.7757543547615313}, "datetime": {"datetime": "2024-05-03 23:16:33", "elapsed": 11904.299959, "delta": 5.034581}}
{"target": 7.351157439738888, "params": {"x0": 8.831058318749703, "x1": 3.7757543547615384}, "datetime": {"datetime": "2024-05-03 23:16:38", "elapsed": 11909.072088, "delta": 4.772129}}
{"target": 7.351157439738888, "params": {"x0": 8.831058318749701, "x1": 3.7757543547615375}, "datetime": {"datetime": "2024-05-03 23:16:43", "elapsed": 11914.330541, "delta": 5.258453}}
{"target": 7.351157439738888, "params": {"x0": 8.8310583187497, "x1": 3.7757543547615353}, "datetime": {"datetime": "2024-05-03 23:16:47", "elapsed": 11918.285401, "delta": 3.95486}}
{"target": 7.351157439738888, "params": {"x0": 8.831058318749697, "x1": 3.7757543547615358}, "datetime": {"datetime": "2024-05-03 23:16:51", "elapsed": 11922.492078, "delta": 4.206677}}
{"target": 7.351157439738888, "params": {"x0": 8.831058318749697, "x1": 3.7757543547615335}, "datetime": {"datetime": "2024-05-03 23:16:56", "elapsed": 11927.396579, "delta": 4.904501}}
{"target": 7.351157439738888, "params": {"x0": 8.8310583187497, "x1": 3.7757543547615366}, "datetime": {"datetime": "2024-05-03 23:17:00", "elapsed": 11931.423745, "delta": 4.027166}}
{"target": 7.351157439738888, "params": {"x0": 8.831058318749703, "x1": 3.775754354761534}, "datetime": {"datetime": "2024-05-03 23:17:05", "elapsed": 11936.125792, "delta": 4.702047}}
{"target": 7.351157439738888, "params": {"x0": 8.831058318749697, "x1": 3.7757543547615353}, "datetime": {"datetime": "2024-05-03 23:17:09", "elapsed": 11940.625733, "delta": 4.499941}}
{"target": 7.351157439738888, "params": {"x0": 8.831058318749697, "x1": 3.7757543547615344}, "datetime": {"datetime": "2024-05-03 23:17:14", "elapsed": 11944.925182, "delta": 4.299449}}
{"target": 7.351157439738888, "params": {"x0": 8.831058318749703, "x1": 3.7757543547615344}, "datetime": {"datetime": "2024-05-03 23:17:18", "elapsed": 11949.670977, "delta": 4.745795}}
{"target": 7.351157439738888, "params": {"x0": 8.831058318749701, "x1": 3.7757543547615344}, "datetime": {"datetime": "2024-05-03 23:17:22", "elapsed": 11953.53753, "delta": 3.866553}}
{"target": 7.351157439738888, "params": {"x0": 8.831058318749703, "x1": 3.7757543547615358}, "datetime": {"datetime": "2024-05-03 23:17:27", "elapsed": 11957.942406, "delta": 4.404876}}
{"target": 7.351157439738888, "params": {"x0": 8.8310583187497, "x1": 3.7757543547615344}, "datetime": {"datetime": "2024-05-03 23:17:31", "elapsed": 11962.24563, "delta": 4.303224}}
{"target": 7.351157439738888, "params": {"x0": 8.8310583187497, "x1": 3.7757543547615344}, "datetime": {"datetime": "2024-05-03 23:17:34", "elapsed": 11965.227247, "delta": 2.981617}}
{"target": 7.351157439738888, "params": {"x0": 8.831058318749701, "x1": 3.7757543547615358}, "datetime": {"datetime": "2024-05-03 23:17:38", "elapsed": 11969.336087, "delta": 4.10884}}
{"target": 7.351157439738888, "params": {"x0": 8.831058318749701, "x1": 3.7757543547615358}, "datetime": {"datetime": "2024-05-03 23:17:43", "elapsed": 11974.036241, "delta": 4.700154}}
{"target": 7.351157439738888, "params": {"x0": 8.8310583187497, "x1": 3.775754354761535}, "datetime": {"datetime": "2024-05-03 23:17:47", "elapsed": 11978.526819, "delta": 4.490578}}
{"target": 7.351157439738888, "params": {"x0": 8.8310583187497, "x1": 3.775754354761535}, "datetime": {"datetime": "2024-05-03 23:17:50", "elapsed": 11981.252779, "delta": 2.72596}}
{"target": 7.351157439738888, "params": {"x0": 8.831058318749701, "x1": 3.775754354761535}, "datetime": {"datetime": "2024-05-03 23:17:54", "elapsed": 11985.45627, "delta": 4.203491}}
{"target": 7.351157439738888, "params": {"x0": 8.831058318749701, "x1": 3.775754354761535}, "datetime": {"datetime": "2024-05-03 23:17:57", "elapsed": 11988.000929, "delta": 2.544659}}
{"target": 7.351157439738888, "params": {"x0": 8.831058318749701, "x1": 3.775754354761535}, "datetime": {"datetime": "2024-05-03 23:18:00", "elapsed": 11991.212288, "delta": 3.211359}}
{"target": 7.351157439738888, "params": {"x0": 8.831058318749701, "x1": 3.775754354761535}, "datetime": {"datetime": "2024-05-03 23:18:03", "elapsed": 11993.938996, "delta": 2.726708}}
{"target": 7.351157439738888, "params": {"x0": 8.831058318749701, "x1": 3.775754354761535}, "datetime": {"datetime": "2024-05-03 23:18:06", "elapsed": 11997.06071, "delta": 3.121714}}
{"target": 7.351157439738888, "params": {"x0": 8.831058318749701, "x1": 3.775754354761535}, "datetime": {"datetime": "2024-05-03 23:18:09", "elapsed": 12000.024053, "delta": 2.963343}}
{"target": 7.351157439738888, "params": {"x0": 8.831058318749701, "x1": 3.775754354761535}, "datetime": {"datetime": "2024-05-03 23:18:12", "elapsed": 12002.867049, "delta": 2.842996}}
{"target": 7.351157439738888, "params": {"x0": 8.831058318749701, "x1": 3.775754354761535}, "datetime": {"datetime": "2024-05-03 23:18:15", "elapsed": 12005.70508, "delta": 2.838031}}
