{"target": 0.20341050253174883, "params": {"x0": 10.98727801337877, "x1": 7.844163173309049}, "datetime": {"datetime": "2024-05-03 20:01:08", "elapsed": 179.32884, "delta": 1.455458}}
{"target": 0.20577965073843, "params": {"x0": 9.625315235596789, "x1": 8.357332251150908}, "datetime": {"datetime": "2024-05-03 20:01:10", "elapsed": 180.778927, "delta": 1.450087}}
{"target": 0.804720814184331, "params": {"x0": 12.645357975772157, "x1": 4.10406120976479}, "datetime": {"datetime": "2024-05-03 20:01:11", "elapsed": 182.270597, "delta": 1.49167}}
{"target": 0.21490277690921242, "params": {"x0": 15.061186188993299, "x1": 6.672187062269604}, "datetime": {"datetime": "2024-05-03 20:01:13", "elapsed": 183.743034, "delta": 1.472437}}
{"target": 0.5317641328282993, "params": {"x0": 6.6199566288481595, "x1": 5.5211620800067935}, "datetime": {"datetime": "2024-05-03 20:01:14", "elapsed": 185.181109, "delta": 1.438075}}
{"target": 0.1755802928679285, "params": {"x0": 13.80929162050244, "x1": 8.511610667865156}, "datetime": {"datetime": "2024-05-03 20:01:15", "elapsed": 186.638856, "delta": 1.457747}}
{"target": 0.2826775214834916, "params": {"x0": 6.00462328625061, "x1": 8.860554894186357}, "datetime": {"datetime": "2024-05-03 20:01:17", "elapsed": 188.131755, "delta": 1.492899}}
{"target": 0.19125944343501958, "params": {"x0": 10.330673619576405, "x1": 8.842701230149935}, "datetime": {"datetime": "2024-05-03 20:01:18", "elapsed": 189.567206, "delta": 1.435451}}
{"target": 0.18879797427325523, "params": {"x0": 12.95423516120161, "x1": 7.973074847884158}, "datetime": {"datetime": "2024-05-03 20:01:20", "elapsed": 191.076509, "delta": 1.509303}}
{"target": 0.22359359627940253, "params": {"x0": 12.609182304143175, "x1": 6.768457189844103}, "datetime": {"datetime": "2024-05-03 20:01:21", "elapsed": 192.505063, "delta": 1.428554}}
{"target": 0.2720718269623181, "params": {"x0": 9.28412723950048, "x1": 6.521000043936498}, "datetime": {"datetime": "2024-05-03 20:01:23", "elapsed": 194.002751, "delta": 1.497688}}
{"target": 0.17854059843594866, "params": {"x0": 14.62525028258059, "x1": 8.149883018574254}, "datetime": {"datetime": "2024-05-03 20:01:24", "elapsed": 195.461011, "delta": 1.45826}}
{"target": 0.19982147949022344, "params": {"x0": 14.683445167378322, "x1": 7.188343490683818}, "datetime": {"datetime": "2024-05-03 20:01:26", "elapsed": 197.021409, "delta": 1.560398}}
{"target": 0.3596734165377837, "params": {"x0": 15.941513445627898, "x1": 4.9360859810204785}, "datetime": {"datetime": "2024-05-03 20:01:27", "elapsed": 198.504548, "delta": 1.483139}}
{"target": 0.27466996343868116, "params": {"x0": 13.714071094057253, "x1": 5.705243618480095}, "datetime": {"datetime": "2024-05-03 20:01:29", "elapsed": 200.007444, "delta": 1.502896}}
{"target": 0.3534984147363591, "params": {"x0": 10.394181648362448, "x1": 5.464868099533113}, "datetime": {"datetime": "2024-05-03 20:01:30", "elapsed": 201.531411, "delta": 1.523967}}
{"target": 0.4464219946759713, "params": {"x0": 10.617015209899716, "x1": 4.904303675749661}, "datetime": {"datetime": "2024-05-03 20:01:32", "elapsed": 202.961187, "delta": 1.429776}}
{"target": 0.2990191871641828, "params": {"x0": 13.152072731083466, "x1": 5.581483624927586}, "datetime": {"datetime": "2024-05-03 20:01:33", "elapsed": 204.408734, "delta": 1.447547}}
{"target": 0.1946977191356901, "params": {"x0": 17.1987238961634, "x1": 7.066805348605866}, "datetime": {"datetime": "2024-05-03 20:01:35", "elapsed": 205.851411, "delta": 1.442677}}
{"target": 0.40702243955411505, "params": {"x0": 8.283553716911776, "x1": 5.560206056088196}, "datetime": {"datetime": "2024-05-03 20:01:36", "elapsed": 207.273807, "delta": 1.422396}}
{"target": 0.21522965003658903, "params": {"x0": 9.948481757405865, "x1": 7.7858328237514}, "datetime": {"datetime": "2024-05-03 20:01:38", "elapsed": 208.714404, "delta": 1.440597}}
{"target": 0.16999959370097104, "params": {"x0": 16.119980318479463, "x1": 8.423051734958232}, "datetime": {"datetime": "2024-05-03 20:01:39", "elapsed": 210.321474, "delta": 1.60707}}
{"target": 0.46413037979324845, "params": {"x0": 13.621277842315516, "x1": 4.621249572178547}, "datetime": {"datetime": "2024-05-03 20:01:41", "elapsed": 211.802463, "delta": 1.480989}}
{"target": 0.21856647928962397, "params": {"x0": 8.902217067302782, "x1": 8.129387656184415}, "datetime": {"datetime": "2024-05-03 20:01:42", "elapsed": 213.251361, "delta": 1.448898}}
{"target": 0.19567813529695038, "params": {"x0": 12.068718432550586, "x1": 7.812966504027589}, "datetime": {"datetime": "2024-05-03 20:01:44", "elapsed": 214.733474, "delta": 1.482113}}
{"target": 0.2044683281626701, "params": {"x0": 12.583617947703473, "x1": 7.3988551517250665}, "datetime": {"datetime": "2024-05-03 20:01:45", "elapsed": 216.16969, "delta": 1.436216}}
{"target": 0.2006568300675431, "params": {"x0": 11.968633715836642, "x1": 7.625303463011328}, "datetime": {"datetime": "2024-05-03 20:01:46", "elapsed": 217.622932, "delta": 1.453242}}
{"target": 0.28520092405099395, "params": {"x0": 12.541866893104228, "x1": 5.794259271551885}, "datetime": {"datetime": "2024-05-03 20:01:48", "elapsed": 219.099197, "delta": 1.476265}}
{"target": 3.2615786040443577, "params": {"x0": 9.94092244146274, "x1": 3.4092560905002247}, "datetime": {"datetime": "2024-05-03 20:01:49", "elapsed": 220.542755, "delta": 1.443558}}
{"target": 3.8620029119501953, "params": {"x0": 10.346128062273149, "x1": 3.477756466189514}, "datetime": {"datetime": "2024-05-03 20:01:51", "elapsed": 221.971857, "delta": 1.429102}}
{"target": 0.7336579525220593, "params": {"x0": 17.302396807900116, "x1": 4.089677107984583}, "datetime": {"datetime": "2024-05-03 20:01:52", "elapsed": 223.497676, "delta": 1.525819}}
{"target": 0.1748567529765428, "params": {"x0": 15.336375023786207, "x1": 8.249769869735388}, "datetime": {"datetime": "2024-05-03 20:01:54", "elapsed": 224.941906, "delta": 1.44423}}
{"target": 0.2287456935763863, "params": {"x0": 13.916752402438348, "x1": 6.416966476472254}, "datetime": {"datetime": "2024-05-03 20:01:55", "elapsed": 226.441452, "delta": 1.499546}}
{"target": 0.3786348472038006, "params": {"x0": 7.8511715233795005, "x1": 5.801280136579837}, "datetime": {"datetime": "2024-05-03 20:01:57", "elapsed": 228.132627, "delta": 1.691175}}
{"target": 0.8059530919181442, "params": {"x0": 9.969478588284971, "x1": 4.350239746884507}, "datetime": {"datetime": "2024-05-03 20:01:58", "elapsed": 229.551931, "delta": 1.419304}}
{"target": 0.42009163879008565, "params": {"x0": 12.813886490806663, "x1": 4.873619026211502}, "datetime": {"datetime": "2024-05-03 20:02:00", "elapsed": 230.991813, "delta": 1.439882}}
{"target": 0.16906170752324598, "params": {"x0": 16.537513864886034, "x1": 8.457813149709342}, "datetime": {"datetime": "2024-05-03 20:02:01", "elapsed": 232.463585, "delta": 1.471772}}
{"target": 5.537098560354374, "params": {"x0": 8.956860378495257, "x1": 3.665347804464175}, "datetime": {"datetime": "2024-05-03 20:02:03", "elapsed": 233.960134, "delta": 1.496549}}
{"target": 0.3489588985740492, "params": {"x0": 8.219071418219798, "x1": 5.997505024073316}, "datetime": {"datetime": "2024-05-03 20:02:04", "elapsed": 235.402726, "delta": 1.442592}}
{"target": 0.6437906392841048, "params": {"x0": 14.378735181707857, "x1": 4.2491666304527484}, "datetime": {"datetime": "2024-05-03 20:02:06", "elapsed": 237.094161, "delta": 1.691435}}
{"target": 0.2200526497969904, "params": {"x0": 8.852385921338154, "x1": 8.110031249618203}, "datetime": {"datetime": "2024-05-03 20:02:07", "elapsed": 238.583121, "delta": 1.48896}}
{"target": 0.23997314220592433, "params": {"x0": 10.782260260076566, "x1": 6.700110402931417}, "datetime": {"datetime": "2024-05-03 20:02:09", "elapsed": 239.993862, "delta": 1.410741}}
{"target": 5.1203277009728625, "params": {"x0": 8.687160601251376, "x1": 3.6118035565547846}, "datetime": {"datetime": "2024-05-03 20:02:10", "elapsed": 241.422273, "delta": 1.428411}}
{"target": 0.2827548122748388, "params": {"x0": 11.932355695138092, "x1": 5.862845922298694}, "datetime": {"datetime": "2024-05-03 20:02:12", "elapsed": 242.890306, "delta": 1.468033}}
{"target": 0.29729759459489186, "params": {"x0": 7.755723907071378, "x1": 6.730837390442493}, "datetime": {"datetime": "2024-05-03 20:02:13", "elapsed": 244.589291, "delta": 1.698985}}
{"target": 0.2187928628892954, "params": {"x0": 12.256116366360288, "x1": 6.924824081824466}, "datetime": {"datetime": "2024-05-03 20:02:15", "elapsed": 246.001672, "delta": 1.412381}}
{"target": 0.2614288182920698, "params": {"x0": 7.662273711433588, "x1": 7.509166902811463}, "datetime": {"datetime": "2024-05-03 20:02:16", "elapsed": 247.472067, "delta": 1.470395}}
{"target": 0.3182888789865682, "params": {"x0": 8.55356510769911, "x1": 6.116110946196198}, "datetime": {"datetime": "2024-05-03 20:02:18", "elapsed": 248.938595, "delta": 1.466528}}
{"target": 1.965022597759874, "params": {"x0": 15.030904324548617, "x1": 3.133982567950837}, "datetime": {"datetime": "2024-05-03 20:02:19", "elapsed": 250.379309, "delta": 1.440714}}
{"target": 0.20653335214163726, "params": {"x0": 9.730168286851145, "x1": 8.237534258400666}, "datetime": {"datetime": "2024-05-03 20:02:21", "elapsed": 251.826313, "delta": 1.447004}}
{"target": 0.230066624993932, "params": {"x0": 15.7141604874238, "x1": 6.230643555567262}, "datetime": {"datetime": "2024-05-03 20:02:22", "elapsed": 253.262418, "delta": 1.436105}}
{"target": 0.16800135341890313, "params": {"x0": 15.9659951529149, "x1": 8.69883594812176}, "datetime": {"datetime": "2024-05-03 20:02:24", "elapsed": 254.721182, "delta": 1.458764}}
{"target": 0.17580562929625004, "params": {"x0": 15.503680472737425, "x1": 8.124692663019232}, "datetime": {"datetime": "2024-05-03 20:02:25", "elapsed": 256.170112, "delta": 1.44893}}
{"target": 0.30694930149082206, "params": {"x0": 7.135549120934006, "x1": 6.907825994045947}, "datetime": {"datetime": "2024-05-03 20:02:26", "elapsed": 257.653841, "delta": 1.483729}}
{"target": 0.21947310214475702, "params": {"x0": 14.090445363755508, "x1": 6.661444875879778}, "datetime": {"datetime": "2024-05-03 20:02:28", "elapsed": 259.097765, "delta": 1.443924}}
{"target": 3.348210548872155, "params": {"x0": 15.195575509964323, "x1": 3.2074273192298053}, "datetime": {"datetime": "2024-05-03 20:02:29", "elapsed": 260.543205, "delta": 1.44544}}
{"target": 0.19375215185983657, "params": {"x0": 14.85774544738227, "x1": 7.390371604437162}, "datetime": {"datetime": "2024-05-03 20:02:31", "elapsed": 262.010406, "delta": 1.467201}}
{"target": 0.7359613531974208, "params": {"x0": 8.98653152293106, "x1": 4.54241579293288}, "datetime": {"datetime": "2024-05-03 20:02:32", "elapsed": 263.451107, "delta": 1.440701}}
{"target": 0.36938984554702387, "params": {"x0": 13.27148815044647, "x1": 5.07178476954649}, "datetime": {"datetime": "2024-05-03 20:02:34", "elapsed": 264.895609, "delta": 1.444502}}
{"target": 0.273925097373524, "params": {"x0": 15.160769797083805, "x1": 5.676877392020744}, "datetime": {"datetime": "2024-05-03 20:02:35", "elapsed": 266.336387, "delta": 1.440778}}
{"target": 0.16705180460217697, "params": {"x0": 15.001618270017977, "x1": 8.942830701743045}, "datetime": {"datetime": "2024-05-03 20:02:37", "elapsed": 267.833214, "delta": 1.496827}}
{"target": 2.9800308135186118, "params": {"x0": 9.45285590463985, "x1": 3.858034969548596}, "datetime": {"datetime": "2024-05-03 20:02:38", "elapsed": 269.2923, "delta": 1.459086}}
{"target": 0.2277385561375541, "params": {"x0": 16.365047018016647, "x1": 6.249356273324239}, "datetime": {"datetime": "2024-05-03 20:02:40", "elapsed": 270.842915, "delta": 1.550615}}
{"target": 0.20051198730839326, "params": {"x0": 17.209514264833444, "x1": 6.8196264000113835}, "datetime": {"datetime": "2024-05-03 20:02:42", "elapsed": 272.910639, "delta": 2.067724}}
{"target": 0.2240561466779083, "params": {"x0": 17.429999783020506, "x1": 6.27642482485771}, "datetime": {"datetime": "2024-05-03 20:02:43", "elapsed": 274.647975, "delta": 1.737336}}
{"target": 1.5248551387618174, "params": {"x0": 12.053898239913494, "x1": 3.8125674184330194}, "datetime": {"datetime": "2024-05-03 20:02:45", "elapsed": 276.16037, "delta": 1.512395}}
{"target": 1.164777591542783, "params": {"x0": 10.090609466314632, "x1": 3.1573114037782397}, "datetime": {"datetime": "2024-05-03 20:02:47", "elapsed": 278.114087, "delta": 1.953717}}
{"target": 0.2598550009094925, "params": {"x0": 7.844544564475965, "x1": 7.473823156244976}, "datetime": {"datetime": "2024-05-03 20:02:48", "elapsed": 279.57195, "delta": 1.457863}}
{"target": 0.7583415676588555, "params": {"x0": 6.349596434181072, "x1": 5.199258583462466}, "datetime": {"datetime": "2024-05-03 20:02:50", "elapsed": 281.062432, "delta": 1.490482}}
{"target": 0.19528835595130525, "params": {"x0": 15.916981907637508, "x1": 7.156066305044126}, "datetime": {"datetime": "2024-05-03 20:02:51", "elapsed": 282.554028, "delta": 1.491596}}
{"target": 0.7406677712492028, "params": {"x0": 13.945834633760938, "x1": 4.1318208057318655}, "datetime": {"datetime": "2024-05-03 20:02:53", "elapsed": 284.595322, "delta": 2.041294}}
{"target": 0.2515132926032707, "params": {"x0": 11.081899228606868, "x1": 6.489464444065748}, "datetime": {"datetime": "2024-05-03 20:02:55", "elapsed": 286.071424, "delta": 1.476102}}
{"target": 0.5801699085594207, "params": {"x0": 17.38214463813261, "x1": 4.223437351398731}, "datetime": {"datetime": "2024-05-03 20:02:56", "elapsed": 287.554692, "delta": 1.483268}}
{"target": 0.7476261002252598, "params": {"x0": 8.848928370267082, "x1": 4.573038502637472}, "datetime": {"datetime": "2024-05-03 20:02:58", "elapsed": 289.491883, "delta": 1.937191}}
{"target": 0.26840355978273267, "params": {"x0": 14.626982752926917, "x1": 5.741851964614157}, "datetime": {"datetime": "2024-05-03 20:03:00", "elapsed": 291.462095, "delta": 1.970212}}
{"target": 0.42558026805598764, "params": {"x0": 6.654688541727593, "x1": 6.051097443661438}, "datetime": {"datetime": "2024-05-03 20:03:02", "elapsed": 292.991463, "delta": 1.529368}}
{"target": 0.2367891205817814, "params": {"x0": 8.437541893402273, "x1": 7.791625468561261}, "datetime": {"datetime": "2024-05-03 20:03:03", "elapsed": 294.423142, "delta": 1.431679}}
{"target": 1.0780892377585662, "params": {"x0": 9.41931088733363, "x1": 3.1656360717270218}, "datetime": {"datetime": "2024-05-03 20:03:05", "elapsed": 295.88559, "delta": 1.462448}}
{"target": 0.1874718909333532, "params": {"x0": 12.824473168843141, "x1": 8.063042573587133}, "datetime": {"datetime": "2024-05-03 20:03:06", "elapsed": 297.330368, "delta": 1.444778}}
{"target": 0.21896691409927957, "params": {"x0": 10.381685426715464, "x1": 7.499149864356861}, "datetime": {"datetime": "2024-05-03 20:03:08", "elapsed": 298.825947, "delta": 1.495579}}
{"target": 0.25480303725220405, "params": {"x0": 11.878127000416974, "x1": 6.245710829773132}, "datetime": {"datetime": "2024-05-03 20:03:09", "elapsed": 300.300494, "delta": 1.474547}}
{"target": 0.17698175318124704, "params": {"x0": 17.033494692210155, "x1": 7.823765348991881}, "datetime": {"datetime": "2024-05-03 20:04:33", "elapsed": 384.03728, "delta": 83.736786}}
{"target": 0.3287491456631577, "params": {"x0": 6.371715266171101, "x1": 7.256323507387771}, "datetime": {"datetime": "2024-05-03 20:05:56", "elapsed": 467.468322, "delta": 83.431042}}
{"target": 0.1865555740660142, "params": {"x0": 11.347517037980321, "x1": 8.6852936483706}, "datetime": {"datetime": "2024-05-03 20:07:20", "elapsed": 551.688361, "delta": 84.220039}}
{"target": 0.7074472262055431, "params": {"x0": 8.546476444720115, "x1": 4.6024321181061945}, "datetime": {"datetime": "2024-05-03 20:08:44", "elapsed": 634.801009, "delta": 83.112648}}
{"target": 0.49796655357846237, "params": {"x0": 6.936950596088513, "x1": 5.571712971982719}, "datetime": {"datetime": "2024-05-03 20:10:07", "elapsed": 718.023153, "delta": 83.222144}}
{"target": 0.30913812291331766, "params": {"x0": 7.253715786219285, "x1": 6.802720563671507}, "datetime": {"datetime": "2024-05-03 20:11:30", "elapsed": 801.372134, "delta": 83.348981}}
{"target": 0.19758288947983735, "params": {"x0": 15.234077229797986, "x1": 7.180802976721071}, "datetime": {"datetime": "2024-05-03 20:12:54", "elapsed": 885.056001, "delta": 83.683867}}
{"target": 0.35117291754459895, "params": {"x0": 14.81143088237136, "x1": 5.054724719061118}, "datetime": {"datetime": "2024-05-03 20:14:17", "elapsed": 968.058925, "delta": 83.002924}}
{"target": 0.2796811634736401, "params": {"x0": 15.727292054818292, "x1": 5.572612649996655}, "datetime": {"datetime": "2024-05-03 20:15:40", "elapsed": 1051.586756, "delta": 83.527831}}
{"target": 0.2095777009326208, "params": {"x0": 15.476113509741666, "x1": 6.758976951745763}, "datetime": {"datetime": "2024-05-03 20:17:06", "elapsed": 1136.922038, "delta": 85.335282}}
{"target": 1.4684999419942524, "params": {"x0": 7.649365059707817, "x1": 3.4703213991296877}, "datetime": {"datetime": "2024-05-03 20:18:29", "elapsed": 1220.236168, "delta": 83.31413}}
{"target": 1.0995052226498077, "params": {"x0": 6.210825393499584, "x1": 3.400349985836139}, "datetime": {"datetime": "2024-05-03 20:19:53", "elapsed": 1304.01353, "delta": 83.777362}}
{"target": 4.749849192288145, "params": {"x0": 11.273713857646966, "x1": 3.680051536605543}, "datetime": {"datetime": "2024-05-03 20:21:17", "elapsed": 1387.693954, "delta": 83.680424}}
{"target": 0.31227555194703804, "params": {"x0": 6.319508511759705, "x1": 7.529168888342804}, "datetime": {"datetime": "2024-05-03 20:22:40", "elapsed": 1471.347037, "delta": 83.653083}}
{"target": 0.2169558362530165, "params": {"x0": 10.540780525297354, "x1": 7.481630973645151}, "datetime": {"datetime": "2024-05-03 20:24:04", "elapsed": 1554.827453, "delta": 83.480416}}
{"target": 0.3008695128922586, "params": {"x0": 11.202655507584193, "x1": 5.700520482004567}, "datetime": {"datetime": "2024-05-03 20:25:30", "elapsed": 1640.699577, "delta": 85.872124}}
{"target": 0.28875587509922374, "params": {"x0": 11.497833827255057, "x1": 5.844023559373165}, "datetime": {"datetime": "2024-05-03 20:26:59", "elapsed": 1730.640869, "delta": 89.941292}}
{"target": 0.29292870115413905, "params": {"x0": 15.23637843431295, "x1": 5.414355119146415}, "datetime": {"datetime": "2024-05-03 20:28:24", "elapsed": 1815.64941, "delta": 85.008541}}
{"target": 4.077754625193183, "params": {"x0": 16.403890843951665, "x1": 3.222366287724215}, "datetime": {"datetime": "2024-05-03 20:29:49", "elapsed": 1900.255045, "delta": 84.605635}}
{"target": 1.4783430140161702, "params": {"x0": 14.899554941284814, "x1": 3.753848286826433}, "datetime": {"datetime": "2024-05-03 20:31:14", "elapsed": 1984.851154, "delta": 84.596109}}
{"target": 1.2337560592844463, "params": {"x0": 13.112906019488982, "x1": 3.0621855680113916}, "datetime": {"datetime": "2024-05-03 20:32:38", "elapsed": 2069.295232, "delta": 84.444078}}
{"target": 1.14451439970792, "params": {"x0": 12.194213749627991, "x1": 3.0181077397175784}, "datetime": {"datetime": "2024-05-03 20:34:03", "elapsed": 2154.282541, "delta": 84.987309}}
{"target": 0.16819536631857515, "params": {"x0": 16.93872853313735, "x1": 8.432412202216668}, "datetime": {"datetime": "2024-05-03 20:35:28", "elapsed": 2239.547421, "delta": 85.26488}}
{"target": 0.17264200797847776, "params": {"x0": 15.153619832336098, "x1": 8.491645919488725}, "datetime": {"datetime": "2024-05-03 20:36:57", "elapsed": 2328.051285, "delta": 88.503864}}
{"target": 6.181730513639988, "params": {"x0": 7.673919658321566, "x1": 3.9463804192231997}, "datetime": {"datetime": "2024-05-03 20:37:00", "elapsed": 2330.715472, "delta": 2.664187}}
{"target": 0.2852877397879114, "params": {"x0": 8.157764238377991, "x1": 6.734975413799527}, "datetime": {"datetime": "2024-05-03 20:38:28", "elapsed": 2419.657705, "delta": 88.942233}}
{"target": 0.16359115299044627, "params": {"x0": 16.416809204095472, "x1": 8.939731070154442}, "datetime": {"datetime": "2024-05-03 20:40:00", "elapsed": 2511.254679, "delta": 91.596974}}
{"target": 0.19647782069944925, "params": {"x0": 14.177908275806884, "x1": 7.390802454853771}, "datetime": {"datetime": "2024-05-03 20:41:25", "elapsed": 2596.612509, "delta": 85.35783}}
{"target": 0.2858885143431697, "params": {"x0": 16.456871852258928, "x1": 5.405242394226725}, "datetime": {"datetime": "2024-05-03 20:42:50", "elapsed": 2681.24205, "delta": 84.629541}}
{"target": 1.768972227136034, "params": {"x0": 8.873282822587923, "x1": 4.040581024722737}, "datetime": {"datetime": "2024-05-03 20:44:16", "elapsed": 2766.772875, "delta": 85.530825}}
{"target": 0.2596301361007136, "params": {"x0": 7.373756078837884, "x1": 7.875663528196972}, "datetime": {"datetime": "2024-05-03 20:45:41", "elapsed": 2851.841465, "delta": 85.06859}}
{"target": 0.9634217658172176, "params": {"x0": 7.688112294298296, "x1": 4.585784896361404}, "datetime": {"datetime": "2024-05-03 20:47:05", "elapsed": 2936.489471, "delta": 84.648006}}
{"target": 0.384812675113818, "params": {"x0": 15.419525554285604, "x1": 4.86352351076526}, "datetime": {"datetime": "2024-05-03 20:48:30", "elapsed": 3021.17492, "delta": 84.685449}}
{"target": 0.4484103851845208, "params": {"x0": 17.297800666868845, "x1": 4.599832212909812}, "datetime": {"datetime": "2024-05-03 20:49:54", "elapsed": 3105.6902, "delta": 84.51528}}
{"target": 0.4341219882787063, "params": {"x0": 12.13701346716893, "x1": 4.886802067115098}, "datetime": {"datetime": "2024-05-03 20:51:19", "elapsed": 3190.208197, "delta": 84.517997}}
{"target": 0.32279233445675826, "params": {"x0": 16.47388755849913, "x1": 5.199339863107406}, "datetime": {"datetime": "2024-05-03 20:52:44", "elapsed": 3274.69374, "delta": 84.485543}}
{"target": 0.27876639181229657, "params": {"x0": 10.986311763641393, "x1": 6.0737561536701685}, "datetime": {"datetime": "2024-05-03 20:54:08", "elapsed": 3359.5662, "delta": 84.87246}}
