{"target": 2.2569949917281136, "params": {"x0": 16.797194489751703, "x1": 3.185694037626904}, "datetime": {"datetime": "2024-05-03 20:55:34", "elapsed": 3444.756967, "delta": 85.190767}}
{"target": 0.17688367404371821, "params": {"x0": 14.244104631764426, "x1": 8.346113725754034}, "datetime": {"datetime": "2024-05-03 20:57:04", "elapsed": 3534.715655, "delta": 89.958688}}
{"target": 0.43736878936319107, "params": {"x0": 6.313803070450891, "x1": 6.132307483515064}, "datetime": {"datetime": "2024-05-03 20:58:32", "elapsed": 3622.983626, "delta": 88.267971}}
{"target": 0.2084795730671911, "params": {"x0": 9.74888283535529, "x1": 8.156935925193515}, "datetime": {"datetime": "2024-05-03 21:00:01", "elapsed": 3711.912639, "delta": 88.929013}}
{"target": 0.2108400013240752, "params": {"x0": 12.422940335608956, "x1": 7.141367208976487}, "datetime": {"datetime": "2024-05-03 21:01:29", "elapsed": 3799.846273, "delta": 87.933634}}
{"target": 0.23483919268861053, "params": {"x0": 11.207815249442682, "x1": 6.769854225128142}, "datetime": {"datetime": "2024-05-03 21:02:58", "elapsed": 3889.618212, "delta": 89.771939}}
{"target": 0.9952229299363058, "params": {"x0": 9.336113794405398, "x1": 3.056091467799095}, "datetime": {"datetime": "2024-05-03 21:04:27", "elapsed": 3977.877778, "delta": 88.259566}}
{"target": 0.42382453325263714, "params": {"x0": 12.632693252351544, "x1": 4.868665284794777}, "datetime": {"datetime": "2024-05-03 21:05:55", "elapsed": 4065.992345, "delta": 88.114567}}
{"target": 0.18575621354534308, "params": {"x0": 11.948577382762993, "x1": 8.498435118323385}, "datetime": {"datetime": "2024-05-03 21:07:23", "elapsed": 4154.402046, "delta": 88.409701}}
{"target": 0.6465657980917258, "params": {"x0": 10.904460067766053, "x1": 4.484376219614313}, "datetime": {"datetime": "2024-05-03 21:08:53", "elapsed": 4244.543458, "delta": 90.141412}}
{"target": 0.19644049817310336, "params": {"x0": 10.269878254709127, "x1": 8.591166699819244}, "datetime": {"datetime": "2024-05-03 21:10:24", "elapsed": 4335.400109, "delta": 90.856651}}
{"target": 0.17432131916612353, "params": {"x0": 16.773986385054577, "x1": 8.06597969139428}, "datetime": {"datetime": "2024-05-03 21:11:54", "elapsed": 4425.026613, "delta": 89.626504}}
{"target": 0.5378851324784187, "params": {"x0": 16.582374914515096, "x1": 4.367401739707901}, "datetime": {"datetime": "2024-05-03 21:13:23", "elapsed": 4514.133308, "delta": 89.106695}}
{"target": 1.7449966583313994, "params": {"x0": 7.006045409866295, "x1": 4.3638584177081325}, "datetime": {"datetime": "2024-05-03 21:14:52", "elapsed": 4602.983318, "delta": 88.85001}}
{"target": 1.4170989999532357, "params": {"x0": 9.61533108531158, "x1": 4.048595258137869}, "datetime": {"datetime": "2024-05-03 21:16:23", "elapsed": 4693.714798, "delta": 90.73148}}
{"target": 0.31246094238220223, "params": {"x0": 12.981582862683295, "x1": 5.481518490006968}, "datetime": {"datetime": "2024-05-03 21:17:53", "elapsed": 4784.563603, "delta": 90.848805}}
{"target": 0.6930967563071805, "params": {"x0": 15.388042386012962, "x1": 4.110782389614184}, "datetime": {"datetime": "2024-05-03 21:19:26", "elapsed": 4876.986525, "delta": 92.422922}}
{"target": 0.5356091724141995, "params": {"x0": 14.07158009219757, "x1": 4.442133749094833}, "datetime": {"datetime": "2024-05-03 21:21:12", "elapsed": 4983.182772, "delta": 106.196247}}
{"target": 0.37822913120768564, "params": {"x0": 12.603519521669886, "x1": 5.093925583324733}, "datetime": {"datetime": "2024-05-03 21:22:42", "elapsed": 5072.758788, "delta": 89.576016}}
{"target": 2.289026179592416, "params": {"x0": 6.655090594052576, "x1": 4.372882025762255}, "datetime": {"datetime": "2024-05-03 21:24:11", "elapsed": 5161.936974, "delta": 89.178186}}
{"target": 0.25972002181648185, "params": {"x0": 13.637179386580126, "x1": 5.983500560163188}, "datetime": {"datetime": "2024-05-03 21:25:40", "elapsed": 5251.314816, "delta": 89.377842}}
{"target": 0.9983696623413965, "params": {"x0": 11.968683816847307, "x1": 4.048320900653535}, "datetime": {"datetime": "2024-05-03 21:27:09", "elapsed": 5340.686169, "delta": 89.371353}}
{"target": 0.17616178698516718, "params": {"x0": 12.563232292781947, "x1": 8.98052055124926}, "datetime": {"datetime": "2024-05-03 21:28:40", "elapsed": 5431.206096, "delta": 90.519927}}
{"target": 0.21773366687227982, "params": {"x0": 15.393603751103653, "x1": 6.566235742985866}, "datetime": {"datetime": "2024-05-03 21:30:11", "elapsed": 5522.301462, "delta": 91.095366}}
{"target": 0.1675818591296837, "params": {"x0": 17.223874285805408, "x1": 8.409375508015927}, "datetime": {"datetime": "2024-05-03 21:31:44", "elapsed": 5614.708994, "delta": 92.407532}}
{"target": 1.5982943003226957, "params": {"x0": 12.849491236430424, "x1": 3.1945579518867424}, "datetime": {"datetime": "2024-05-03 21:33:14", "elapsed": 5704.987635, "delta": 90.278641}}
{"target": 1.0154686336971082, "params": {"x0": 7.0761366019010286, "x1": 3.3922302902533583}, "datetime": {"datetime": "2024-05-03 21:34:44", "elapsed": 5794.858107, "delta": 89.870472}}
{"target": 0.3682698681593872, "params": {"x0": 11.194931209951966, "x1": 5.252608999007147}, "datetime": {"datetime": "2024-05-03 21:36:16", "elapsed": 5887.337145, "delta": 92.479038}}
{"target": 0.7359976448075366, "params": {"x0": 17.216525394108295, "x1": 4.00789975919769}, "datetime": {"datetime": "2024-05-03 21:37:47", "elapsed": 5978.168328, "delta": 90.831183}}
{"target": 0.18049130817031808, "params": {"x0": 17.187057307225537, "x1": 7.6048492131780785}, "datetime": {"datetime": "2024-05-03 21:39:20", "elapsed": 6071.31114, "delta": 93.142812}}
{"target": 0.2095777009326208, "params": {"x0": 15.478735155681726, "x1": 6.795694900667984}, "datetime": {"datetime": "2024-05-03 21:39:28", "elapsed": 6079.606385, "delta": 8.295245}}
{"target": 0.2671987127434815, "params": {"x0": 13.690426857377417, "x1": 5.86129400112716}, "datetime": {"datetime": "2024-05-03 21:40:59", "elapsed": 6169.920007, "delta": 90.313622}}
{"target": 0.8162818849907801, "params": {"x0": 6.151068104615331, "x1": 5.118036513250948}, "datetime": {"datetime": "2024-05-03 21:42:33", "elapsed": 6263.773656, "delta": 93.853649}}
{"target": 0.21042885400446107, "params": {"x0": 11.658825717175922, "x1": 7.380547266540626}, "datetime": {"datetime": "2024-05-03 21:44:13", "elapsed": 6364.482326, "delta": 100.70867}}
{"target": 0.29946996810345367, "params": {"x0": 11.389225941580257, "x1": 5.74442949653659}, "datetime": {"datetime": "2024-05-03 21:45:58", "elapsed": 6469.297632, "delta": 104.815306}}
{"target": 0.7767593599502873, "params": {"x0": 7.583121520874436, "x1": 3.065332402820874}, "datetime": {"datetime": "2024-05-03 21:47:31", "elapsed": 6562.296595, "delta": 92.998963}}
{"target": 0.370832812622259, "params": {"x0": 14.720199995485457, "x1": 4.919717028466071}, "datetime": {"datetime": "2024-05-03 21:49:04", "elapsed": 6655.558571, "delta": 93.261976}}
{"target": 0.526787125322657, "params": {"x0": 17.32040967722537, "x1": 4.321405356954936}, "datetime": {"datetime": "2024-05-03 21:50:36", "elapsed": 6746.977232, "delta": 91.418661}}
{"target": 0.28821209643461465, "params": {"x0": 9.895142293039317, "x1": 6.14337681399679}, "datetime": {"datetime": "2024-05-03 21:52:07", "elapsed": 6837.903664, "delta": 90.926432}}
{"target": 0.26840355978273267, "params": {"x0": 14.681251756196126, "x1": 5.783146703401774}, "datetime": {"datetime": "2024-05-03 21:52:14", "elapsed": 6845.451904, "delta": 7.54824}}
{"target": 0.7246376811594204, "params": {"x0": 7.435459245784277, "x1": 4.875008270952297}, "datetime": {"datetime": "2024-05-03 21:53:45", "elapsed": 6935.779016, "delta": 90.327112}}
{"target": 0.21823421026386045, "params": {"x0": 11.801970451561438, "x1": 7.043094048101206}, "datetime": {"datetime": "2024-05-03 21:55:14", "elapsed": 7024.941432, "delta": 89.162416}}
{"target": 1.4783430140161702, "params": {"x0": 14.85672449758906, "x1": 3.782014685726126}, "datetime": {"datetime": "2024-05-03 21:55:21", "elapsed": 7031.777774, "delta": 6.836342}}
{"target": 0.4476275738585497, "params": {"x0": 6.26352401020739, "x1": 6.114493933271937}, "datetime": {"datetime": "2024-05-03 21:56:50", "elapsed": 7121.379347, "delta": 89.601573}}
{"target": 1.4193114352503025, "params": {"x0": 15.314870172617788, "x1": 3.0756226021792576}, "datetime": {"datetime": "2024-05-03 21:58:19", "elapsed": 7210.607975, "delta": 89.228628}}
{"target": 0.2037129952797662, "params": {"x0": 13.73340321351794, "x1": 7.120849359941951}, "datetime": {"datetime": "2024-05-03 21:59:49", "elapsed": 7300.399375, "delta": 89.7914}}
{"target": 0.1908445386113808, "params": {"x0": 11.166337666246331, "x1": 8.488732120451605}, "datetime": {"datetime": "2024-05-03 22:01:19", "elapsed": 7389.837396, "delta": 89.438021}}
{"target": 1.2599218848431397, "params": {"x0": 13.41015247470542, "x1": 3.031439025908795}, "datetime": {"datetime": "2024-05-03 22:02:49", "elapsed": 7480.597111, "delta": 90.759715}}
{"target": 0.19308374041821938, "params": {"x0": 11.57092712341532, "x1": 8.1559068365856}, "datetime": {"datetime": "2024-05-03 22:04:29", "elapsed": 7579.914728, "delta": 99.317617}}
{"target": 0.20571192061494697, "params": {"x0": 15.549595055429403, "x1": 6.894925182674868}, "datetime": {"datetime": "2024-05-03 22:05:59", "elapsed": 7669.873632, "delta": 89.958904}}
{"target": 0.2298692044226835, "params": {"x0": 13.747531874834264, "x1": 6.470997478735203}, "datetime": {"datetime": "2024-05-03 22:07:28", "elapsed": 7759.333427, "delta": 89.459795}}
{"target": 0.2870758454383648, "params": {"x0": 9.1523774144188, "x1": 6.363179943216353}, "datetime": {"datetime": "2024-05-03 22:08:57", "elapsed": 7848.382702, "delta": 89.049275}}
{"target": 0.3456102145790139, "params": {"x0": 13.724892525400334, "x1": 5.114577781298453}, "datetime": {"datetime": "2024-05-03 22:10:27", "elapsed": 7938.246997, "delta": 89.864295}}
{"target": 0.6796400897940487, "params": {"x0": 15.842026223420168, "x1": 4.170224916052244}, "datetime": {"datetime": "2024-05-03 22:11:57", "elapsed": 8028.296032, "delta": 90.049035}}
{"target": 0.41975060937294717, "params": {"x0": 14.594189318817117, "x1": 4.737616477121264}, "datetime": {"datetime": "2024-05-03 22:13:32", "elapsed": 8123.139499, "delta": 94.843467}}
{"target": 0.28522264336930087, "params": {"x0": 14.898691803308093, "x1": 5.566423976016457}, "datetime": {"datetime": "2024-05-03 22:15:09", "elapsed": 8219.967755, "delta": 96.828256}}
{"target": 0.3314257571504279, "params": {"x0": 15.288531704790408, "x1": 5.121209176007943}, "datetime": {"datetime": "2024-05-03 22:16:38", "elapsed": 8309.295582, "delta": 89.327827}}
{"target": 0.23979665243873194, "params": {"x0": 8.457472232740184, "x1": 7.603707050530599}, "datetime": {"datetime": "2024-05-03 22:18:08", "elapsed": 8398.965041, "delta": 89.669459}}
{"target": 0.23160301945488526, "params": {"x0": 9.549382397752488, "x1": 7.3994704063585655}, "datetime": {"datetime": "2024-05-03 22:19:39", "elapsed": 8489.956197, "delta": 90.991156}}
{"target": 0.5755286374417061, "params": {"x0": 14.561441260393918, "x1": 4.328380205449206}, "datetime": {"datetime": "2024-05-03 22:21:14", "elapsed": 8584.808748, "delta": 94.852551}}
{"target": 1.5538397711504786, "params": {"x0": 8.462289573437458, "x1": 4.1936875405624}, "datetime": {"datetime": "2024-05-03 22:22:43", "elapsed": 8674.523737, "delta": 89.714989}}
{"target": 0.5170007956642245, "params": {"x0": 7.638960884307213, "x1": 5.262495595244005}, "datetime": {"datetime": "2024-05-03 22:24:13", "elapsed": 8764.202669, "delta": 89.678932}}
{"target": 1.4359563469270533, "params": {"x0": 6.306220673953647, "x1": 3.6655222142054438}, "datetime": {"datetime": "2024-05-03 22:25:43", "elapsed": 8854.30224, "delta": 90.099571}}
{"target": 5.2456814927111255, "params": {"x0": 7.897174977255144, "x1": 3.955250867841465}, "datetime": {"datetime": "2024-05-03 22:26:00", "elapsed": 8870.904724, "delta": 16.602484}}
{"target": 7.293946024799417, "params": {"x0": 8.034446050098136, "x1": 3.897394252521048}, "datetime": {"datetime": "2024-05-03 22:26:28", "elapsed": 8899.109374, "delta": 28.20465}}
{"target": 0.8274036074797286, "params": {"x0": 6.9037948627695105, "x1": 4.874419473911673}, "datetime": {"datetime": "2024-05-03 22:27:58", "elapsed": 8988.95498, "delta": 89.845606}}
{"target": 6.586183504244795, "params": {"x0": 9.197347044847392, "x1": 3.7262591915243504}, "datetime": {"datetime": "2024-05-03 22:28:06", "elapsed": 8997.652471, "delta": 8.697491}}
{"target": 7.293946024799417, "params": {"x0": 8.020433622390051, "x1": 3.8599091215431205}, "datetime": {"datetime": "2024-05-03 22:28:14", "elapsed": 9004.958349, "delta": 7.305878}}
{"target": 6.871293795908832, "params": {"x0": 7.864824072703048, "x1": 3.8291385084668796}, "datetime": {"datetime": "2024-05-03 22:28:23", "elapsed": 9014.221494, "delta": 9.263145}}
{"target": 7.170154947048405, "params": {"x0": 7.974838925094504, "x1": 3.865653690819073}, "datetime": {"datetime": "2024-05-03 22:28:30", "elapsed": 9020.962669, "delta": 6.741175}}
{"target": 3.8555406046258773, "params": {"x0": 8.159023822568523, "x1": 3.928850684689954}, "datetime": {"datetime": "2024-05-03 22:30:00", "elapsed": 9111.242457, "delta": 90.279788}}
{"target": 3.4875650866834302, "params": {"x0": 9.178223341002093, "x1": 3.8346184234348666}, "datetime": {"datetime": "2024-05-03 22:31:27", "elapsed": 9198.452053, "delta": 87.209596}}
{"target": 2.2353012180156338, "params": {"x0": 6.682931427013929, "x1": 3.7702281488475173}, "datetime": {"datetime": "2024-05-03 22:31:42", "elapsed": 9212.731943, "delta": 14.27989}}
{"target": 6.156384478523453, "params": {"x0": 9.300135905189572, "x1": 3.6374469285901703}, "datetime": {"datetime": "2024-05-03 22:33:09", "elapsed": 9300.493411, "delta": 87.761468}}
{"target": 1.8719580681392736, "params": {"x0": 7.533718655078907, "x1": 3.53398778521969}, "datetime": {"datetime": "2024-05-03 22:34:37", "elapsed": 9387.931654, "delta": 87.438243}}
{"target": 6.555958382776186, "params": {"x0": 7.713384054411226, "x1": 3.8323871373155187}, "datetime": {"datetime": "2024-05-03 22:34:42", "elapsed": 9393.625386, "delta": 5.693732}}
{"target": 6.864972849032383, "params": {"x0": 9.068016897025922, "x1": 3.7876403378158536}, "datetime": {"datetime": "2024-05-03 22:34:48", "elapsed": 9399.279191, "delta": 5.653805}}
{"target": 6.864972849032383, "params": {"x0": 9.07713162485273, "x1": 3.7070524839976438}, "datetime": {"datetime": "2024-05-03 22:34:55", "elapsed": 9405.848728, "delta": 6.569537}}
{"target": 7.16676341797281, "params": {"x0": 8.96657103903574, "x1": 3.7885993602489467}, "datetime": {"datetime": "2024-05-03 22:36:22", "elapsed": 9493.119472, "delta": 87.270744}}
{"target": 7.351157439738888, "params": {"x0": 8.831058318749701, "x1": 3.7757543547615353}, "datetime": {"datetime": "2024-05-03 22:37:49", "elapsed": 9580.509021, "delta": 87.389549}}
{"target": 7.087172218284904, "params": {"x0": 8.725110560715175, "x1": 3.789036775450535}, "datetime": {"datetime": "2024-05-03 22:39:17", "elapsed": 9668.174556, "delta": 87.665535}}
{"target": 2.061715388437488, "params": {"x0": 8.43337028822783, "x1": 4.0291032868192005}, "datetime": {"datetime": "2024-05-03 22:40:46", "elapsed": 9757.082486, "delta": 88.90793}}
{"target": 2.494592969738093, "params": {"x0": 8.844257723753355, "x1": 3.9665847842449047}, "datetime": {"datetime": "2024-05-03 22:42:18", "elapsed": 9849.03901, "delta": 91.956524}}
{"target": 7.087172218284904, "params": {"x0": 8.77191446256153, "x1": 3.7278858763288487}, "datetime": {"datetime": "2024-05-03 22:42:23", "elapsed": 9854.470336, "delta": 5.431326}}
{"target": 6.864972849032383, "params": {"x0": 9.022544521911236, "x1": 3.752734746307392}, "datetime": {"datetime": "2024-05-03 22:42:28", "elapsed": 9858.970888, "delta": 4.500552}}
{"target": 6.82747649641216, "params": {"x0": 8.637210014647804, "x1": 3.7513715870856243}, "datetime": {"datetime": "2024-05-03 22:43:54", "elapsed": 9945.654749, "delta": 86.683861}}
{"target": 7.087172218284904, "params": {"x0": 8.798780386053226, "x1": 3.7703515120081788}, "datetime": {"datetime": "2024-05-03 22:44:00", "elapsed": 9951.685055, "delta": 6.030306}}
{"target": 7.351157439738888, "params": {"x0": 8.887774536599927, "x1": 3.7592406557137816}, "datetime": {"datetime": "2024-05-03 22:44:06", "elapsed": 9956.738566, "delta": 5.053511}}
{"target": 4.274728234152514, "params": {"x0": 8.888140313195004, "x1": 3.8033969417920823}, "datetime": {"datetime": "2024-05-03 22:45:33", "elapsed": 10044.138932, "delta": 87.400366}}
{"target": 7.351157439738888, "params": {"x0": 8.851504438853825, "x1": 3.705882223968109}, "datetime": {"datetime": "2024-05-03 22:45:39", "elapsed": 10049.990298, "delta": 5.851366}}
{"target": 6.82747649641216, "params": {"x0": 8.693461457763483, "x1": 3.7244462700143535}, "datetime": {"datetime": "2024-05-03 22:45:44", "elapsed": 10055.129569, "delta": 5.139271}}
{"target": 7.351157439738888, "params": {"x0": 8.85311141264039, "x1": 3.7059922545501527}, "datetime": {"datetime": "2024-05-03 22:45:50", "elapsed": 10061.167195, "delta": 6.037626}}
{"target": 5.0692715963643185, "params": {"x0": 8.649270306147146, "x1": 3.846912043452701}, "datetime": {"datetime": "2024-05-03 22:47:20", "elapsed": 10151.58801, "delta": 90.420815}}
{"target": 7.351157439738888, "params": {"x0": 8.843606553412561, "x1": 3.741990272971893}, "datetime": {"datetime": "2024-05-03 22:47:26", "elapsed": 10157.456113, "delta": 5.868103}}
{"target": 7.16676341797281, "params": {"x0": 8.939942042688713, "x1": 3.737159307028656}, "datetime": {"datetime": "2024-05-03 22:47:33", "elapsed": 10163.70531, "delta": 6.249197}}
{"target": 5.257623554153523, "params": {"x0": 8.784660566490333, "x1": 3.6886847333502155}, "datetime": {"datetime": "2024-05-03 22:49:01", "elapsed": 10252.230602, "delta": 88.525292}}
{"target": 6.82747649641216, "params": {"x0": 8.685112410515092, "x1": 3.771625517741178}, "datetime": {"datetime": "2024-05-03 22:49:10", "elapsed": 10261.450395, "delta": 9.219793}}
{"target": 7.087172218284904, "params": {"x0": 8.739013405015058, "x1": 3.7528064153883425}, "datetime": {"datetime": "2024-05-03 22:49:16", "elapsed": 10267.229362, "delta": 5.778967}}
{"target": 7.351157439738888, "params": {"x0": 8.89771799835312, "x1": 3.7313217626490243}, "datetime": {"datetime": "2024-05-03 22:49:20", "elapsed": 10271.284861, "delta": 4.055499}}
{"target": 4.638218923933209, "params": {"x0": 8.753607712513006, "x1": 3.8328807333695023}, "datetime": {"datetime": "2024-05-03 22:50:47", "elapsed": 10358.296991, "delta": 87.01213}}
{"target": 7.16676341797281, "params": {"x0": 8.926813429142427, "x1": 3.7581286883741254}, "datetime": {"datetime": "2024-05-03 22:50:54", "elapsed": 10364.91121, "delta": 6.614219}}
{"target": 7.351157439738888, "params": {"x0": 8.873281432757608, "x1": 3.7424403664234993}, "datetime": {"datetime": "2024-05-03 22:51:03", "elapsed": 10374.417314, "delta": 9.506104}}
{"target": 7.087172218284904, "params": {"x0": 8.798470524082898, "x1": 3.7707453899606374}, "datetime": {"datetime": "2024-05-03 22:51:09", "elapsed": 10379.993122, "delta": 5.575808}}
{"target": 7.351157439738888, "params": {"x0": 8.88776599008516, "x1": 3.7591113360747346}, "datetime": {"datetime": "2024-05-03 22:51:14", "elapsed": 10384.961653, "delta": 4.968531}}
{"target": 7.351157439738888, "params": {"x0": 8.850624336548075, "x1": 3.762940227310757}, "datetime": {"datetime": "2024-05-03 22:51:18", "elapsed": 10389.315017, "delta": 4.353364}}
{"target": 7.351157439738888, "params": {"x0": 8.831035726739946, "x1": 3.7597253064487126}, "datetime": {"datetime": "2024-05-03 22:51:22", "elapsed": 10393.612387, "delta": 4.29737}}
{"target": 7.087172218284904, "params": {"x0": 8.78017012712748, "x1": 3.749369337848555}, "datetime": {"datetime": "2024-05-03 22:51:27", "elapsed": 10397.720275, "delta": 4.107888}}
{"target": 4.274728234152514, "params": {"x0": 8.812058252254161, "x1": 3.8002375959738566}, "datetime": {"datetime": "2024-05-03 22:51:33", "elapsed": 10404.488342, "delta": 6.768067}}
{"target": 7.351157439738888, "params": {"x0": 8.838534805866162, "x1": 3.768998288330997}, "datetime": {"datetime": "2024-05-03 22:51:38", "elapsed": 10409.015329, "delta": 4.526987}}
{"target": 7.351157439738888, "params": {"x0": 8.8681558104423, "x1": 3.759169430994673}, "datetime": {"datetime": "2024-05-03 22:51:42", "elapsed": 10413.495052, "delta": 4.479723}}
{"target": 7.351157439738888, "params": {"x0": 8.82323820582253, "x1": 3.769550728467745}, "datetime": {"datetime": "2024-05-03 22:51:46", "elapsed": 10417.499478, "delta": 4.004426}}
{"target": 7.351157439738888, "params": {"x0": 8.830355423647081, "x1": 3.769151628229711}, "datetime": {"datetime": "2024-05-03 22:51:50", "elapsed": 10421.042126, "delta": 3.542648}}
{"target": 7.351157439738888, "params": {"x0": 8.85543084259337, "x1": 3.7759743994996997}, "datetime": {"datetime": "2024-05-03 22:51:55", "elapsed": 10425.703833, "delta": 4.661707}}
{"target": 7.351157439738888, "params": {"x0": 8.83038750465665, "x1": 3.7690923582625953}, "datetime": {"datetime": "2024-05-03 22:51:58", "elapsed": 10428.793002, "delta": 3.089169}}
{"target": 7.351157439738888, "params": {"x0": 8.844693104227325, "x1": 3.777419531818059}, "datetime": {"datetime": "2024-05-03 22:52:08", "elapsed": 10439.086674, "delta": 10.293672}}
{"target": 7.351157439738888, "params": {"x0": 8.850773446832308, "x1": 3.770940261055996}, "datetime": {"datetime": "2024-05-03 22:52:13", "elapsed": 10444.613882, "delta": 5.527208}}
{"target": 7.351157439738888, "params": {"x0": 8.837695415880354, "x1": 3.7750664386447483}, "datetime": {"datetime": "2024-05-03 22:52:18", "elapsed": 10449.254058, "delta": 4.640176}}
{"target": 7.351157439738888, "params": {"x0": 8.826044797919822, "x1": 3.7730494866676763}, "datetime": {"datetime": "2024-05-03 22:52:23", "elapsed": 10454.014037, "delta": 4.759979}}
