{"target": 7.351157439738888, "params": {"x0": 8.84495578886924, "x1": 3.7730787737634794}, "datetime": {"datetime": "2024-05-03 22:52:28", "elapsed": 10459.310987, "delta": 5.29695}}
{"target": 7.351157439738888, "params": {"x0": 8.832562608937888, "x1": 3.7728513462733453}, "datetime": {"datetime": "2024-05-03 22:52:32", "elapsed": 10463.515438, "delta": 4.204451}}
{"target": 7.351157439738888, "params": {"x0": 8.8264057193998, "x1": 3.7695036441615075}, "datetime": {"datetime": "2024-05-03 22:52:39", "elapsed": 10470.101193, "delta": 6.585755}}
{"target": 7.351157439738888, "params": {"x0": 8.841489987651702, "x1": 3.775163867869337}, "datetime": {"datetime": "2024-05-03 22:52:45", "elapsed": 10476.009568, "delta": 5.908375}}
{"target": 7.351157439738888, "params": {"x0": 8.828913705785986, "x1": 3.7726632791075447}, "datetime": {"datetime": "2024-05-03 22:52:49", "elapsed": 10480.362608, "delta": 4.35304}}
{"target": 7.351157439738888, "params": {"x0": 8.838242572936485, "x1": 3.7785580292896963}, "datetime": {"datetime": "2024-05-03 22:52:55", "elapsed": 10486.388979, "delta": 6.026371}}
{"target": 7.351157439738888, "params": {"x0": 8.834929400407445, "x1": 3.7765670003523746}, "datetime": {"datetime": "2024-05-03 22:53:00", "elapsed": 10491.124542, "delta": 4.735563}}
{"target": 7.351157439738888, "params": {"x0": 8.824184078643485, "x1": 3.772063372659325}, "datetime": {"datetime": "2024-05-03 22:53:08", "elapsed": 10499.152849, "delta": 8.028307}}
{"target": 7.351157439738888, "params": {"x0": 8.837245134845295, "x1": 3.7765947585033675}, "datetime": {"datetime": "2024-05-03 22:53:14", "elapsed": 10504.899737, "delta": 5.746888}}
{"target": 7.351157439738888, "params": {"x0": 8.833278682968414, "x1": 3.774610676037355}, "datetime": {"datetime": "2024-05-03 22:53:18", "elapsed": 10509.643064, "delta": 4.743327}}
{"target": 7.351157439738888, "params": {"x0": 8.829110396183344, "x1": 3.773063628809024}, "datetime": {"datetime": "2024-05-03 22:53:24", "elapsed": 10515.034379, "delta": 5.391315}}
{"target": 7.351157439738888, "params": {"x0": 8.835568507683389, "x1": 3.773332701404275}, "datetime": {"datetime": "2024-05-03 22:53:29", "elapsed": 10519.933592, "delta": 4.899213}}
{"target": 7.351157439738888, "params": {"x0": 8.834818974775576, "x1": 3.776180574287612}, "datetime": {"datetime": "2024-05-03 22:53:38", "elapsed": 10528.745341, "delta": 8.811749}}
{"target": 7.351157439738888, "params": {"x0": 8.831220830577964, "x1": 3.7737928155421545}, "datetime": {"datetime": "2024-05-03 22:53:44", "elapsed": 10535.324126, "delta": 6.578785}}
{"target": 7.351157439738888, "params": {"x0": 8.828380020124673, "x1": 3.773997405335954}, "datetime": {"datetime": "2024-05-03 22:53:49", "elapsed": 10540.454322, "delta": 5.130196}}
{"target": 7.351157439738888, "params": {"x0": 8.833059018298426, "x1": 3.7750029728511327}, "datetime": {"datetime": "2024-05-03 22:53:54", "elapsed": 10545.426861, "delta": 4.972539}}
{"target": 7.351157439738888, "params": {"x0": 8.831249758356924, "x1": 3.7743243926706067}, "datetime": {"datetime": "2024-05-03 22:54:02", "elapsed": 10552.956618, "delta": 7.529757}}
{"target": 7.351157439738888, "params": {"x0": 8.833453193928662, "x1": 3.7765579334078194}, "datetime": {"datetime": "2024-05-03 22:54:07", "elapsed": 10558.09361, "delta": 5.136992}}
{"target": 7.351157439738888, "params": {"x0": 8.833215528135097, "x1": 3.7745960854678833}, "datetime": {"datetime": "2024-05-03 22:54:12", "elapsed": 10562.761265, "delta": 4.667655}}
{"target": 7.351157439738888, "params": {"x0": 8.829932737521256, "x1": 3.7747119123972483}, "datetime": {"datetime": "2024-05-03 22:54:18", "elapsed": 10569.176016, "delta": 6.414751}}
{"target": 7.351157439738888, "params": {"x0": 8.832805658351873, "x1": 3.774816156633677}, "datetime": {"datetime": "2024-05-03 22:54:25", "elapsed": 10575.922356, "delta": 6.74634}}
{"target": 7.351157439738888, "params": {"x0": 8.832630924391655, "x1": 3.774909976446463}, "datetime": {"datetime": "2024-05-03 22:54:29", "elapsed": 10579.913833, "delta": 3.991477}}
{"target": 7.351157439738888, "params": {"x0": 8.830293627098122, "x1": 3.7749950470273923}, "datetime": {"datetime": "2024-05-03 22:54:34", "elapsed": 10584.844545, "delta": 4.930712}}
{"target": 7.351157439738888, "params": {"x0": 8.832329161629204, "x1": 3.776059415588838}, "datetime": {"datetime": "2024-05-03 22:54:39", "elapsed": 10590.311438, "delta": 5.466893}}
{"target": 7.351157439738888, "params": {"x0": 8.832204748262686, "x1": 3.7751388029698476}, "datetime": {"datetime": "2024-05-03 22:54:48", "elapsed": 10599.617253, "delta": 9.305815}}
{"target": 7.351157439738888, "params": {"x0": 8.832090105311387, "x1": 3.775200358149016}, "datetime": {"datetime": "2024-05-03 22:54:54", "elapsed": 10604.836273, "delta": 5.21902}}
{"target": 7.351157439738888, "params": {"x0": 8.830129710844183, "x1": 3.7752557578102683}, "datetime": {"datetime": "2024-05-03 22:55:00", "elapsed": 10611.689882, "delta": 6.853609}}
{"target": 7.351157439738888, "params": {"x0": 8.831894065864667, "x1": 3.7753056175053947}, "datetime": {"datetime": "2024-05-03 22:55:06", "elapsed": 10616.779753, "delta": 5.089871}}
{"target": 7.351157439738888, "params": {"x0": 8.83181049115317, "x1": 3.7753504912310087}, "datetime": {"datetime": "2024-05-03 22:55:10", "elapsed": 10620.97839, "delta": 4.198637}}
{"target": 7.351157439738888, "params": {"x0": 8.831735273912823, "x1": 3.7753908775840617}, "datetime": {"datetime": "2024-05-03 22:55:14", "elapsed": 10625.657995, "delta": 4.679605}}
{"target": 7.351157439738888, "params": {"x0": 8.83166757839651, "x1": 3.775427225301809}, "datetime": {"datetime": "2024-05-03 22:55:19", "elapsed": 10630.386265, "delta": 4.72827}}
{"target": 7.351157439738888, "params": {"x0": 8.830509985067572, "x1": 3.775459938247782}, "datetime": {"datetime": "2024-05-03 22:55:25", "elapsed": 10636.16529, "delta": 5.779025}}
{"target": 7.351157439738888, "params": {"x0": 8.831551819063618, "x1": 3.775489379899157}, "datetime": {"datetime": "2024-05-03 22:55:30", "elapsed": 10641.612746, "delta": 5.447456}}
{"target": 7.351157439738888, "params": {"x0": 8.831502469032225, "x1": 3.775515877385395}, "datetime": {"datetime": "2024-05-03 22:55:34", "elapsed": 10645.257617, "delta": 3.644871}}
{"target": 7.351157439738888, "params": {"x0": 8.831458054003972, "x1": 3.775539725123009}, "datetime": {"datetime": "2024-05-03 22:55:38", "elapsed": 10649.274418, "delta": 4.016801}}
{"target": 7.351157439738888, "params": {"x0": 8.831418080478546, "x1": 3.7755611880868614}, "datetime": {"datetime": "2024-05-03 22:55:45", "elapsed": 10656.544617, "delta": 7.270199}}
{"target": 7.351157439738888, "params": {"x0": 8.83138210430566, "x1": 3.7755805047543287}, "datetime": {"datetime": "2024-05-03 22:55:51", "elapsed": 10662.564372, "delta": 6.019755}}
{"target": 7.351157439738888, "params": {"x0": 8.831349725750066, "x1": 3.7755978897550495}, "datetime": {"datetime": "2024-05-03 22:55:55", "elapsed": 10666.431228, "delta": 3.866856}}
{"target": 7.351157439738888, "params": {"x0": 8.83132058505003, "x1": 3.775613536255698}, "datetime": {"datetime": "2024-05-03 22:55:59", "elapsed": 10670.258382, "delta": 3.827154}}
{"target": 7.351157439738888, "params": {"x0": 8.831294358419996, "x1": 3.775627618106282}, "datetime": {"datetime": "2024-05-03 22:56:04", "elapsed": 10675.399503, "delta": 5.141121}}
{"target": 7.351157439738888, "params": {"x0": 8.831270754452966, "x1": 3.7756402917718073}, "datetime": {"datetime": "2024-05-03 22:56:10", "elapsed": 10681.324985, "delta": 5.925482}}
{"target": 7.351157439738888, "params": {"x0": 8.83124951088264, "x1": 3.77565169807078}, "datetime": {"datetime": "2024-05-03 22:56:14", "elapsed": 10685.295321, "delta": 3.970336}}
{"target": 7.351157439738888, "params": {"x0": 8.831230391669346, "x1": 3.7756619637398554}, "datetime": {"datetime": "2024-05-03 22:56:18", "elapsed": 10689.592147, "delta": 4.296826}}
{"target": 7.351157439738888, "params": {"x0": 8.831213184377381, "x1": 3.7756712028420236}, "datetime": {"datetime": "2024-05-03 22:56:23", "elapsed": 10694.439684, "delta": 4.847537}}
{"target": 7.351157439738888, "params": {"x0": 8.831197697814613, "x1": 3.7756795180339746}, "datetime": {"datetime": "2024-05-03 22:56:28", "elapsed": 10699.107086, "delta": 4.667402}}
{"target": 7.351157439738888, "params": {"x0": 8.831183759908122, "x1": 3.7756870017067308}, "datetime": {"datetime": "2024-05-03 22:56:33", "elapsed": 10703.774918, "delta": 4.667832}}
{"target": 7.351157439738888, "params": {"x0": 8.83117121579228, "x1": 3.7756937370122112}, "datetime": {"datetime": "2024-05-03 22:56:38", "elapsed": 10709.450781, "delta": 5.675863}}
{"target": 7.351157439738888, "params": {"x0": 8.831159926088022, "x1": 3.7756997987871435}, "datetime": {"datetime": "2024-05-03 22:56:43", "elapsed": 10714.017166, "delta": 4.566385}}
{"target": 7.351157439738888, "params": {"x0": 8.83114976535419, "x1": 3.7757052543845826}, "datetime": {"datetime": "2024-05-03 22:56:46", "elapsed": 10717.587251, "delta": 3.570085}}
{"target": 7.351157439738888, "params": {"x0": 8.831140620693741, "x1": 3.775710164422278}, "datetime": {"datetime": "2024-05-03 22:57:14", "elapsed": 10744.768869, "delta": 27.181618}}
{"target": 7.351157439738888, "params": {"x0": 8.831132390499338, "x1": 3.7757145834562036}, "datetime": {"datetime": "2024-05-03 22:57:22", "elapsed": 10753.205996, "delta": 8.437127}}
{"target": 7.351157439738888, "params": {"x0": 8.831124983324374, "x1": 3.775718560586737}, "datetime": {"datetime": "2024-05-03 22:57:26", "elapsed": 10756.927899, "delta": 3.721903}}
{"target": 7.351157439738888, "params": {"x0": 8.831118316866906, "x1": 3.7757221400042167}, "datetime": {"datetime": "2024-05-03 22:57:30", "elapsed": 10761.174935, "delta": 4.247036}}
{"target": 7.351157439738888, "params": {"x0": 8.831112317055185, "x1": 3.7757253614799486}, "datetime": {"datetime": "2024-05-03 22:57:34", "elapsed": 10765.049908, "delta": 3.874973}}
{"target": 7.351157439738888, "params": {"x0": 8.831106917224638, "x1": 3.775728260808107}, "datetime": {"datetime": "2024-05-03 22:57:39", "elapsed": 10770.453527, "delta": 5.403619}}
{"target": 7.351157439738888, "params": {"x0": 8.831102057377144, "x1": 3.77573087020345}, "datetime": {"datetime": "2024-05-03 22:57:45", "elapsed": 10775.81239, "delta": 5.358863}}
{"target": 7.351157439738888, "params": {"x0": 8.831097683514399, "x1": 3.7757332186592585}, "datetime": {"datetime": "2024-05-03 22:57:49", "elapsed": 10780.323608, "delta": 4.511218}}
{"target": 7.351157439738888, "params": {"x0": 8.83109374703793, "x1": 3.775735332269486}, "datetime": {"datetime": "2024-05-03 22:57:54", "elapsed": 10785.151336, "delta": 4.827728}}
{"target": 7.351157439738888, "params": {"x0": 8.831090204209106, "x1": 3.775737234518691}, "datetime": {"datetime": "2024-05-03 22:57:59", "elapsed": 10789.962173, "delta": 4.810837}}
{"target": 7.351157439738888, "params": {"x0": 8.831087015663167, "x1": 3.7757389465429756}, "datetime": {"datetime": "2024-05-03 22:58:03", "elapsed": 10794.267593, "delta": 4.30542}}
{"target": 7.351157439738888, "params": {"x0": 8.83108414597182, "x1": 3.7757404873648315}, "datetime": {"datetime": "2024-05-03 22:58:08", "elapsed": 10798.797307, "delta": 4.529714}}
{"target": 7.351157439738888, "params": {"x0": 8.831081563249608, "x1": 3.775741874104502}, "datetime": {"datetime": "2024-05-03 22:58:12", "elapsed": 10803.298557, "delta": 4.50125}}
{"target": 7.351157439738888, "params": {"x0": 8.831079238799617, "x1": 3.7757431221702054}, "datetime": {"datetime": "2024-05-03 22:58:17", "elapsed": 10807.912213, "delta": 4.613656}}
{"target": 7.351157439738888, "params": {"x0": 8.831077146794625, "x1": 3.775744245429338}, "datetime": {"datetime": "2024-05-03 22:58:21", "elapsed": 10811.807149, "delta": 3.894936}}
{"target": 7.351157439738888, "params": {"x0": 8.831075263990133, "x1": 3.775745256362558}, "datetime": {"datetime": "2024-05-03 22:58:25", "elapsed": 10816.627347, "delta": 4.820198}}
{"target": 7.351157439738888, "params": {"x0": 8.83107356946609, "x1": 3.7757461662024556}, "datetime": {"datetime": "2024-05-03 22:58:29", "elapsed": 10820.472207, "delta": 3.84486}}
{"target": 7.351157439738888, "params": {"x0": 8.831072044394451, "x1": 3.7757469850583636}, "datetime": {"datetime": "2024-05-03 22:58:34", "elapsed": 10824.724679, "delta": 4.252472}}
{"target": 7.351157439738888, "params": {"x0": 8.831070671829975, "x1": 3.775747722028681}, "datetime": {"datetime": "2024-05-03 22:58:38", "elapsed": 10829.40603, "delta": 4.681351}}
{"target": 7.351157439738888, "params": {"x0": 8.831069436521949, "x1": 3.7757483853019664}, "datetime": {"datetime": "2024-05-03 22:59:03", "elapsed": 10854.62512, "delta": 25.21909}}
{"target": 7.351157439738888, "params": {"x0": 8.831068324744724, "x1": 3.775748982247923}, "datetime": {"datetime": "2024-05-03 22:59:07", "elapsed": 10858.058179, "delta": 3.433059}}
{"target": 7.351157439738888, "params": {"x0": 8.831067324145222, "x1": 3.7757495194992843}, "datetime": {"datetime": "2024-05-03 22:59:11", "elapsed": 10862.172535, "delta": 4.114356}}
{"target": 7.351157439738888, "params": {"x0": 8.83106642360567, "x1": 3.7757500030255096}, "datetime": {"datetime": "2024-05-03 22:59:15", "elapsed": 10866.221282, "delta": 4.048747}}
{"target": 7.351157439738888, "params": {"x0": 8.831065613120073, "x1": 3.775750438199112}, "datetime": {"datetime": "2024-05-03 22:59:29", "elapsed": 10880.532588, "delta": 14.311306}}
{"target": 7.351157439738888, "params": {"x0": 8.831064883683036, "x1": 3.7757508298553546}, "datetime": {"datetime": "2024-05-03 22:59:33", "elapsed": 10884.265707, "delta": 3.733119}}
{"target": 7.351157439738888, "params": {"x0": 8.831064227189701, "x1": 3.7757511823459726}, "datetime": {"datetime": "2024-05-03 22:59:37", "elapsed": 10888.427715, "delta": 4.162008}}
{"target": 7.351157439738888, "params": {"x0": 8.831063636345702, "x1": 3.7757514995875288}, "datetime": {"datetime": "2024-05-03 22:59:42", "elapsed": 10893.091692, "delta": 4.663977}}
{"target": 7.351157439738888, "params": {"x0": 8.83106297975742, "x1": 3.7757518193828226}, "datetime": {"datetime": "2024-05-03 22:59:52", "elapsed": 10902.873313, "delta": 9.781621}}
{"target": 7.351157439738888, "params": {"x0": 8.831062617064735, "x1": 3.7757521163040426}, "datetime": {"datetime": "2024-05-03 22:59:55", "elapsed": 10906.216331, "delta": 3.343018}}
{"target": 7.351157439738888, "params": {"x0": 8.831062178688985, "x1": 3.7757522997385777}, "datetime": {"datetime": "2024-05-03 22:59:59", "elapsed": 10910.057293, "delta": 3.840962}}
{"target": 7.351157439738888, "params": {"x0": 8.831061721254835, "x1": 3.7757525020126748}, "datetime": {"datetime": "2024-05-03 23:00:03", "elapsed": 10914.604827, "delta": 4.547534}}
{"target": 7.351157439738888, "params": {"x0": 8.83106144406858, "x1": 3.775752687416866}, "datetime": {"datetime": "2024-05-03 23:00:15", "elapsed": 10926.272482, "delta": 11.667655}}
{"target": 7.351157439738888, "params": {"x0": 8.831061116572638, "x1": 3.7757528447174273}, "datetime": {"datetime": "2024-05-03 23:00:20", "elapsed": 10931.219591, "delta": 4.947109}}
{"target": 7.351157439738888, "params": {"x0": 8.831060831419862, "x1": 3.775752997690633}, "datetime": {"datetime": "2024-05-03 23:00:24", "elapsed": 10934.754503, "delta": 3.534912}}
{"target": 7.351157439738888, "params": {"x0": 8.831060590422137, "x1": 3.7757531289124073}, "datetime": {"datetime": "2024-05-03 23:00:28", "elapsed": 10939.16465, "delta": 4.410147}}
{"target": 7.351157439738888, "params": {"x0": 8.831060378067928, "x1": 3.7757532856798828}, "datetime": {"datetime": "2024-05-03 23:00:40", "elapsed": 10951.020563, "delta": 11.855913}}
{"target": 7.351157439738888, "params": {"x0": 8.831060152798285, "x1": 3.7757533593227555}, "datetime": {"datetime": "2024-05-03 23:00:44", "elapsed": 10954.729337, "delta": 3.708774}}
{"target": 7.351157439738888, "params": {"x0": 8.831059953185754, "x1": 3.7757534619225734}, "datetime": {"datetime": "2024-05-03 23:00:48", "elapsed": 10959.185899, "delta": 4.456562}}
{"target": 7.351157439738888, "params": {"x0": 8.831059745354194, "x1": 3.7757535539496043}, "datetime": {"datetime": "2024-05-03 23:00:52", "elapsed": 10962.978823, "delta": 3.792924}}
{"target": 7.351157439738888, "params": {"x0": 8.831059620461405, "x1": 3.775753631002789}, "datetime": {"datetime": "2024-05-03 23:01:04", "elapsed": 10975.293907, "delta": 12.315084}}
{"target": 7.351157439738888, "params": {"x0": 8.83105952912665, "x1": 3.775753702930145}, "datetime": {"datetime": "2024-05-03 23:01:17", "elapsed": 10987.749902, "delta": 12.455995}}
{"target": 7.351157439738888, "params": {"x0": 8.831059378294098, "x1": 3.7757537692020304}, "datetime": {"datetime": "2024-05-03 23:01:21", "elapsed": 10992.27405, "delta": 4.524148}}
{"target": 7.351157439738888, "params": {"x0": 8.831059252260696, "x1": 3.77575382803748}, "datetime": {"datetime": "2024-05-03 23:01:26", "elapsed": 10996.857065, "delta": 4.583015}}
{"target": 7.351157439738888, "params": {"x0": 8.831059181190936, "x1": 3.775753883018596}, "datetime": {"datetime": "2024-05-03 23:01:33", "elapsed": 11004.246646, "delta": 7.389581}}
{"target": 7.351157439738888, "params": {"x0": 8.83105911204754, "x1": 3.7757539326263108}, "datetime": {"datetime": "2024-05-03 23:01:41", "elapsed": 11011.730522, "delta": 7.483876}}
{"target": 7.351157439738888, "params": {"x0": 8.831059030213142, "x1": 3.7757539697676563}, "datetime": {"datetime": "2024-05-03 23:01:48", "elapsed": 11018.730326, "delta": 6.999804}}
{"target": 7.351157439738888, "params": {"x0": 8.831058947383005, "x1": 3.7757540088336947}, "datetime": {"datetime": "2024-05-03 23:01:52", "elapsed": 11023.045689, "delta": 4.315363}}
{"target": 7.351157439738888, "params": {"x0": 8.83105889995985, "x1": 3.7757540446576505}, "datetime": {"datetime": "2024-05-03 23:01:59", "elapsed": 11030.312446, "delta": 7.266757}}
{"target": 7.351157439738888, "params": {"x0": 8.831058841930332, "x1": 3.775754077344138}, "datetime": {"datetime": "2024-05-03 23:02:06", "elapsed": 11037.537318, "delta": 7.224872}}
{"target": 7.351157439738888, "params": {"x0": 8.831058786345684, "x1": 3.7757541056750163}, "datetime": {"datetime": "2024-05-03 23:02:12", "elapsed": 11043.197807, "delta": 5.660489}}
{"target": 7.351157439738888, "params": {"x0": 8.83105872879594, "x1": 3.7757541278765907}, "datetime": {"datetime": "2024-05-03 23:02:16", "elapsed": 11047.195942, "delta": 3.998135}}
{"target": 7.351157439738888, "params": {"x0": 8.831058698689747, "x1": 3.7757541520630133}, "datetime": {"datetime": "2024-05-03 23:02:25", "elapsed": 11055.829317, "delta": 8.633375}}
{"target": 7.351157439738888, "params": {"x0": 8.831058661571863, "x1": 3.7757541737102684}, "datetime": {"datetime": "2024-05-03 23:02:35", "elapsed": 11066.57419, "delta": 10.744873}}
{"target": 7.351157439738888, "params": {"x0": 8.831058623492787, "x1": 3.775754191456497}, "datetime": {"datetime": "2024-05-03 23:02:40", "elapsed": 11071.677374, "delta": 5.103184}}
{"target": 7.351157439738888, "params": {"x0": 8.831058594255246, "x1": 3.775754205445809}, "datetime": {"datetime": "2024-05-03 23:02:45", "elapsed": 11075.830708, "delta": 4.153334}}
{"target": 7.351157439738888, "params": {"x0": 8.83105856834247, "x1": 3.775754223083389}, "datetime": {"datetime": "2024-05-03 23:02:52", "elapsed": 11083.045307, "delta": 7.214599}}
{"target": 7.351157439738888, "params": {"x0": 8.83105854347163, "x1": 3.7757542345614468}, "datetime": {"datetime": "2024-05-03 23:02:59", "elapsed": 11090.444816, "delta": 7.399509}}
{"target": 7.351157439738888, "params": {"x0": 8.831058518073759, "x1": 3.7757542460781655}, "datetime": {"datetime": "2024-05-03 23:03:04", "elapsed": 11094.937006, "delta": 4.49219}}
{"target": 7.351157439738888, "params": {"x0": 8.831058499871295, "x1": 3.775754260600642}, "datetime": {"datetime": "2024-05-03 23:03:08", "elapsed": 11098.921736, "delta": 3.98473}}
{"target": 7.351157439738888, "params": {"x0": 8.831058482970771, "x1": 3.7757542679599743}, "datetime": {"datetime": "2024-05-03 23:03:15", "elapsed": 11106.6314, "delta": 7.709664}}
{"target": 7.351157439738888, "params": {"x0": 8.831058466007255, "x1": 3.7757542753753692}, "datetime": {"datetime": "2024-05-03 23:03:22", "elapsed": 11112.799692, "delta": 6.168292}}
{"target": 7.351157439738888, "params": {"x0": 8.831058450286646, "x1": 3.775754284615576}, "datetime": {"datetime": "2024-05-03 23:03:28", "elapsed": 11118.728178, "delta": 5.928486}}
{"target": 7.351157439738888, "params": {"x0": 8.831058436824499, "x1": 3.7757542905887744}, "datetime": {"datetime": "2024-05-03 23:03:34", "elapsed": 11124.859278, "delta": 6.1311}}
{"target": 7.351157439738888, "params": {"x0": 8.831058425119755, "x1": 3.7757542982732923}, "datetime": {"datetime": "2024-05-03 23:03:42", "elapsed": 11132.955284, "delta": 8.096006}}
{"target": 7.351157439738888, "params": {"x0": 8.831058414503746, "x1": 3.7757543026753093}, "datetime": {"datetime": "2024-05-03 23:03:51", "elapsed": 11142.084295, "delta": 9.129011}}
{"target": 7.351157439738888, "params": {"x0": 8.831058402291898, "x1": 3.7757543081750033}, "datetime": {"datetime": "2024-05-03 23:03:57", "elapsed": 11147.870814, "delta": 5.786519}}
{"target": 7.351157439738888, "params": {"x0": 8.83105839698767, "x1": 3.7757543134973828}, "datetime": {"datetime": "2024-05-03 23:04:01", "elapsed": 11152.154466, "delta": 4.283652}}
{"target": 7.351157439738888, "params": {"x0": 8.831058387508635, "x1": 3.775754317559057}, "datetime": {"datetime": "2024-05-03 23:04:06", "elapsed": 11156.927549, "delta": 4.773083}}
{"target": 7.351157439738888, "params": {"x0": 8.831058381052058, "x1": 3.775754320856454}, "datetime": {"datetime": "2024-05-03 23:04:10", "elapsed": 11161.552718, "delta": 4.625169}}
