{"target": 0.21794721187759997, "params": {"x0": 10.7957530540796, "x1": 7.321946960652949}, "datetime": {"datetime": "2024-05-03 19:58:09", "elapsed": 0.0, "delta": 0.0}}
{"target": 1.2004326359219863, "params": {"x0": 6.001315310399466, "x1": 4.813995435791039}, "datetime": {"datetime": "2024-05-03 19:58:10", "elapsed": 1.463538, "delta": 1.463538}}
{"target": 1.953506544246923, "params": {"x0": 7.6876927443968, "x1": 3.554031568612787}, "datetime": {"datetime": "2024-05-03 19:58:12", "elapsed": 3.049714, "delta": 1.586176}}
{"target": 0.5423875901719369, "params": {"x0": 8.141992430843215, "x1": 5.073364362258286}, "datetime": {"datetime": "2024-05-03 19:58:13", "elapsed": 4.552586, "delta": 1.502872}}
{"target": 0.2698909640505236, "params": {"x0": 10.562825953652705, "x1": 6.232900404020142}, "datetime": {"datetime": "2024-05-03 19:58:15", "elapsed": 6.072796, "delta": 1.52021}}
{"target": 0.2233555281721678, "params": {"x0": 10.820736915637891, "x1": 7.111317002380557}, "datetime": {"datetime": "2024-05-03 19:58:16", "elapsed": 7.523569, "delta": 1.450773}}
{"target": 0.22600913076888307, "params": {"x0": 8.35120087191245, "x1": 8.268704618345673}, "datetime": {"datetime": "2024-05-03 19:58:18", "elapsed": 9.045139, "delta": 1.52157}}
{"target": 0.3418414245489317, "params": {"x0": 6.314957321776151, "x1": 7.022805061070414}, "datetime": {"datetime": "2024-05-03 19:58:19", "elapsed": 10.526733, "delta": 1.481594}}
{"target": 0.26085597802340554, "params": {"x0": 10.799005227221961, "x1": 6.35213897067451}, "datetime": {"datetime": "2024-05-03 19:58:21", "elapsed": 11.978824, "delta": 1.452091}}
{"target": 2.2081538288283316, "params": {"x0": 7.614449793845188, "x1": 4.188608934509273}, "datetime": {"datetime": "2024-05-03 19:58:22", "elapsed": 13.552701, "delta": 1.573877}}
{"target": 0.16755563307796179, "params": {"x0": 15.208562539768671, "x1": 8.809569454316385}, "datetime": {"datetime": "2024-05-03 19:58:24", "elapsed": 15.153103, "delta": 1.600402}}
{"target": 0.23722541158608912, "params": {"x0": 9.604378048831293, "x1": 7.1539356940158845}, "datetime": {"datetime": "2024-05-03 19:58:27", "elapsed": 18.468658, "delta": 3.315555}}
{"target": 0.17156975863394786, "params": {"x0": 16.07847525140444, "x1": 8.367639981023084}, "datetime": {"datetime": "2024-05-03 19:58:29", "elapsed": 19.929803, "delta": 1.461145}}
{"target": 0.9484966328369534, "params": {"x0": 6.978008430752446, "x1": 3.2343286993972944}, "datetime": {"datetime": "2024-05-03 19:58:30", "elapsed": 21.392932, "delta": 1.463129}}
{"target": 0.2337468236728498, "params": {"x0": 7.953049824992542, "x1": 8.268855020576478}, "datetime": {"datetime": "2024-05-03 19:58:32", "elapsed": 22.876309, "delta": 1.483377}}
{"target": 0.47910319547458285, "params": {"x0": 7.130988589080076, "x1": 5.526645750030313}, "datetime": {"datetime": "2024-05-03 19:58:33", "elapsed": 24.449234, "delta": 1.572925}}
{"target": 0.23051741708922432, "params": {"x0": 17.015729596730772, "x1": 6.198991709838102}, "datetime": {"datetime": "2024-05-03 19:58:35", "elapsed": 25.952869, "delta": 1.503635}}
{"target": 0.4025170194258738, "params": {"x0": 13.956586810430444, "x1": 4.893093786036378}, "datetime": {"datetime": "2024-05-03 19:58:36", "elapsed": 27.422917, "delta": 1.470048}}
{"target": 0.18307081893252503, "params": {"x0": 13.894760668338211, "x1": 8.007754031384238}, "datetime": {"datetime": "2024-05-03 19:58:38", "elapsed": 28.932013, "delta": 1.509096}}
{"target": 0.31802235887996344, "params": {"x0": 6.210315189458206, "x1": 7.500865889669805}, "datetime": {"datetime": "2024-05-03 19:58:39", "elapsed": 30.455174, "delta": 1.523161}}
{"target": 0.18419937740610437, "params": {"x0": 17.37190252242469, "x1": 7.488993926279036}, "datetime": {"datetime": "2024-05-03 19:58:41", "elapsed": 31.952898, "delta": 1.497724}}
{"target": 0.2239006311087089, "params": {"x0": 9.225105908740659, "x1": 7.735675970708931}, "datetime": {"datetime": "2024-05-03 19:58:42", "elapsed": 33.514759, "delta": 1.561861}}
{"target": 0.4566070353098787, "params": {"x0": 7.187099075642884, "x1": 5.687361157055431}, "datetime": {"datetime": "2024-05-03 19:58:44", "elapsed": 35.012974, "delta": 1.498215}}
{"target": 0.3986816395543218, "params": {"x0": 16.448848285570598, "x1": 4.761684890242077}, "datetime": {"datetime": "2024-05-03 19:58:45", "elapsed": 36.611473, "delta": 1.598499}}
{"target": 6.126212224243873, "params": {"x0": 9.30941639374301, "x1": 3.780171432709666}, "datetime": {"datetime": "2024-05-03 19:58:47", "elapsed": 38.045618, "delta": 1.434145}}
{"target": 0.34862240115073284, "params": {"x0": 6.222720015508417, "x1": 7.073013197639346}, "datetime": {"datetime": "2024-05-03 19:58:48", "elapsed": 39.543839, "delta": 1.498221}}
{"target": 0.8017105295859245, "params": {"x0": 8.433723334000678, "x1": 4.593279956233357}, "datetime": {"datetime": "2024-05-03 19:58:50", "elapsed": 41.001829, "delta": 1.45799}}
{"target": 3.13315599670392, "params": {"x0": 11.65309133172389, "x1": 3.3201752707024825}, "datetime": {"datetime": "2024-05-03 19:58:51", "elapsed": 42.452475, "delta": 1.450646}}
{"target": 1.4098406880022556, "params": {"x0": 12.602352463158152, "x1": 3.880371449434861}, "datetime": {"datetime": "2024-05-03 19:58:53", "elapsed": 43.970304, "delta": 1.517829}}
{"target": 0.20900532900887372, "params": {"x0": 12.777013674387769, "x1": 7.198550160125587}, "datetime": {"datetime": "2024-05-03 19:58:54", "elapsed": 45.441504, "delta": 1.4712}}
{"target": 0.5045747267601711, "params": {"x0": 7.176845931519997, "x1": 5.48433592691741}, "datetime": {"datetime": "2024-05-03 19:58:56", "elapsed": 46.928633, "delta": 1.487129}}
{"target": 0.3027397645956138, "params": {"x0": 13.985601813869069, "x1": 5.4850756171614155}, "datetime": {"datetime": "2024-05-03 19:58:57", "elapsed": 48.380392, "delta": 1.451759}}
{"target": 0.4051043143609479, "params": {"x0": 6.574464777880002, "x1": 6.2153784354930695}, "datetime": {"datetime": "2024-05-03 19:58:59", "elapsed": 49.825471, "delta": 1.445079}}
{"target": 0.25287435962729354, "params": {"x0": 13.633638420027571, "x1": 6.089334672349851}, "datetime": {"datetime": "2024-05-03 19:59:00", "elapsed": 51.563833, "delta": 1.738362}}
{"target": 0.2124645741880613, "params": {"x0": 16.86283969389435, "x1": 6.519330243011957}, "datetime": {"datetime": "2024-05-03 19:59:02", "elapsed": 53.044435, "delta": 1.480602}}
{"target": 1.0595094683063635, "params": {"x0": 16.38912202581066, "x1": 3.8248482248774254}, "datetime": {"datetime": "2024-05-03 19:59:03", "elapsed": 54.482042, "delta": 1.437607}}
{"target": 0.25134046151638223, "params": {"x0": 7.601677993383723, "x1": 7.844347732257143}, "datetime": {"datetime": "2024-05-03 19:59:05", "elapsed": 56.006141, "delta": 1.524099}}
{"target": 1.5008254539997, "params": {"x0": 10.573283625333637, "x1": 3.9921251827015967}, "datetime": {"datetime": "2024-05-03 19:59:06", "elapsed": 57.46665, "delta": 1.460509}}
{"target": 0.3368780767495847, "params": {"x0": 16.666348674554392, "x1": 5.086595158473039}, "datetime": {"datetime": "2024-05-03 19:59:08", "elapsed": 58.990017, "delta": 1.523367}}
{"target": 0.1944932352335387, "params": {"x0": 14.63433918606579, "x1": 7.355987912102709}, "datetime": {"datetime": "2024-05-03 19:59:09", "elapsed": 60.411862, "delta": 1.421845}}
{"target": 0.2071322682454012, "params": {"x0": 16.158020048866813, "x1": 6.742033242333653}, "datetime": {"datetime": "2024-05-03 19:59:11", "elapsed": 61.863215, "delta": 1.451353}}
{"target": 0.3531363985808154, "params": {"x0": 14.635837991314377, "x1": 5.093390051867055}, "datetime": {"datetime": "2024-05-03 19:59:12", "elapsed": 63.402417, "delta": 1.539202}}
{"target": 0.2117701869930751, "params": {"x0": 9.1041707552978, "x1": 8.3753173091764}, "datetime": {"datetime": "2024-05-03 19:59:14", "elapsed": 64.871686, "delta": 1.469269}}
{"target": 0.18793223238872955, "params": {"x0": 10.923048683519891, "x1": 8.789040282890314}, "datetime": {"datetime": "2024-05-03 19:59:15", "elapsed": 66.370922, "delta": 1.499236}}
{"target": 0.21761521147737445, "params": {"x0": 13.629577224912154, "x1": 6.730174321254731}, "datetime": {"datetime": "2024-05-03 19:59:17", "elapsed": 67.812388, "delta": 1.441466}}
{"target": 0.2390228744890886, "params": {"x0": 7.319578688963815, "x1": 8.696935552242428}, "datetime": {"datetime": "2024-05-03 19:59:18", "elapsed": 69.327076, "delta": 1.514688}}
{"target": 0.25041945258307663, "params": {"x0": 11.173989535019317, "x1": 6.47033768632279}, "datetime": {"datetime": "2024-05-03 19:59:20", "elapsed": 70.861309, "delta": 1.534233}}
{"target": 0.6645255652952852, "params": {"x0": 10.693573231754733, "x1": 4.422161881458166}, "datetime": {"datetime": "2024-05-03 19:59:21", "elapsed": 72.349802, "delta": 1.488493}}
{"target": 0.21830090728040075, "params": {"x0": 16.38886448646592, "x1": 6.442076920033715}, "datetime": {"datetime": "2024-05-03 19:59:23", "elapsed": 73.833773, "delta": 1.483971}}
{"target": 0.3901982206961136, "params": {"x0": 6.033008760858328, "x1": 6.702869481724344}, "datetime": {"datetime": "2024-05-03 19:59:24", "elapsed": 75.31575, "delta": 1.481977}}
{"target": 0.29004566188855113, "params": {"x0": 9.756416370379107, "x1": 6.162348613545656}, "datetime": {"datetime": "2024-05-03 19:59:26", "elapsed": 76.851471, "delta": 1.535721}}
{"target": 0.324763158347696, "params": {"x0": 16.188334142073906, "x1": 5.143618560014999}, "datetime": {"datetime": "2024-05-03 19:59:27", "elapsed": 78.340982, "delta": 1.489511}}
{"target": 0.20616146524725873, "params": {"x0": 16.44815423557769, "x1": 6.740160694750816}, "datetime": {"datetime": "2024-05-03 19:59:29", "elapsed": 79.810115, "delta": 1.469133}}
{"target": 0.2854125638610612, "params": {"x0": 6.181944292735397, "x1": 8.576623402462568}, "datetime": {"datetime": "2024-05-03 19:59:30", "elapsed": 81.298484, "delta": 1.488369}}
{"target": 0.17047295847125307, "params": {"x0": 13.945314551444625, "x1": 8.983937102708882}, "datetime": {"datetime": "2024-05-03 19:59:32", "elapsed": 82.741103, "delta": 1.442619}}
{"target": 7.170154947048405, "params": {"x0": 7.981915845971278, "x1": 3.8228144977732663}, "datetime": {"datetime": "2024-05-03 19:59:33", "elapsed": 84.251754, "delta": 1.510651}}
{"target": 0.19299553582026097, "params": {"x0": 16.72484782492738, "x1": 7.180908968939401}, "datetime": {"datetime": "2024-05-03 19:59:35", "elapsed": 85.762354, "delta": 1.5106}}
{"target": 0.29254881103774966, "params": {"x0": 6.759001986303718, "x1": 7.532778315614799}, "datetime": {"datetime": "2024-05-03 19:59:36", "elapsed": 87.180683, "delta": 1.418329}}
{"target": 0.17285089726036515, "params": {"x0": 14.669576167304333, "x1": 8.5381472132789}, "datetime": {"datetime": "2024-05-03 19:59:37", "elapsed": 88.657894, "delta": 1.477211}}
{"target": 1.576459052264347, "params": {"x0": 14.182534724227425, "x1": 3.745625771832988}, "datetime": {"datetime": "2024-05-03 19:59:39", "elapsed": 90.130564, "delta": 1.47267}}
{"target": 0.7063144511936714, "params": {"x0": 6.22862153915765, "x1": 3.1572659212663154}, "datetime": {"datetime": "2024-05-03 19:59:40", "elapsed": 91.593139, "delta": 1.462575}}
{"target": 2.176434869098325, "params": {"x0": 6.325524612239138, "x1": 4.477266405618275}, "datetime": {"datetime": "2024-05-03 19:59:42", "elapsed": 93.085298, "delta": 1.492159}}
{"target": 0.22967386311437757, "params": {"x0": 15.890321409853213, "x1": 6.232986386049917}, "datetime": {"datetime": "2024-05-03 19:59:43", "elapsed": 94.571243, "delta": 1.485945}}
{"target": 0.19005867681529318, "params": {"x0": 12.357452754886307, "x1": 8.052185354157634}, "datetime": {"datetime": "2024-05-03 19:59:45", "elapsed": 96.043569, "delta": 1.472326}}
{"target": 0.8959232802976617, "params": {"x0": 7.427993123878978, "x1": 4.675102074066837}, "datetime": {"datetime": "2024-05-03 19:59:46", "elapsed": 97.60062, "delta": 1.557051}}
{"target": 0.17637825940409194, "params": {"x0": 12.736231621770312, "x1": 8.817574489918048}, "datetime": {"datetime": "2024-05-03 19:59:48", "elapsed": 99.180753, "delta": 1.580133}}
{"target": 1.5338999559770714, "params": {"x0": 12.451847521440666, "x1": 3.111883736237658}, "datetime": {"datetime": "2024-05-03 19:59:50", "elapsed": 100.752553, "delta": 1.5718}}
{"target": 0.560433506525968, "params": {"x0": 15.207275735827087, "x1": 4.397845643046122}, "datetime": {"datetime": "2024-05-03 19:59:51", "elapsed": 102.232547, "delta": 1.479994}}
{"target": 0.3043646190739828, "params": {"x0": 15.28170974961596, "x1": 5.327163864385031}, "datetime": {"datetime": "2024-05-03 19:59:53", "elapsed": 103.745392, "delta": 1.512845}}
{"target": 0.18780400773752512, "params": {"x0": 15.93073132743343, "x1": 7.4827298564231075}, "datetime": {"datetime": "2024-05-03 19:59:54", "elapsed": 105.221653, "delta": 1.476261}}
{"target": 1.4636295378004283, "params": {"x0": 12.396762690889817, "x1": 3.81873135396411}, "datetime": {"datetime": "2024-05-03 19:59:56", "elapsed": 106.713182, "delta": 1.491529}}
{"target": 2.2353012180156338, "params": {"x0": 6.689053429390434, "x1": 3.728060734444424}, "datetime": {"datetime": "2024-05-03 19:59:57", "elapsed": 108.261494, "delta": 1.548312}}
{"target": 1.5766230940597572, "params": {"x0": 6.51234660326476, "x1": 3.6449647746365574}, "datetime": {"datetime": "2024-05-03 19:59:59", "elapsed": 109.751599, "delta": 1.490105}}
{"target": 0.25172855706925534, "params": {"x0": 8.59565739399033, "x1": 7.27793388229606}, "datetime": {"datetime": "2024-05-03 20:00:00", "elapsed": 111.211692, "delta": 1.460093}}
{"target": 1.1721034686057947, "params": {"x0": 12.43674529362264, "x1": 3.075335880954695}, "datetime": {"datetime": "2024-05-03 20:00:02", "elapsed": 112.719478, "delta": 1.507786}}
{"target": 0.24948649442285417, "params": {"x0": 6.8277042164290975, "x1": 8.803657980001631}, "datetime": {"datetime": "2024-05-03 20:00:03", "elapsed": 114.141, "delta": 1.421522}}
{"target": 0.7124536905101169, "params": {"x0": 12.533155312079334, "x1": 4.219759407965943}, "datetime": {"datetime": "2024-05-03 20:00:04", "elapsed": 115.647204, "delta": 1.506204}}
{"target": 0.23730045108442746, "params": {"x0": 8.901746062558718, "x1": 7.462955124450557}, "datetime": {"datetime": "2024-05-03 20:00:06", "elapsed": 117.092177, "delta": 1.444973}}
{"target": 0.30237671118760573, "params": {"x0": 8.247439032757166, "x1": 6.488153563639546}, "datetime": {"datetime": "2024-05-03 20:00:07", "elapsed": 118.523974, "delta": 1.431797}}
{"target": 0.17343848561839406, "params": {"x0": 17.15522987451559, "x1": 8.080972808940212}, "datetime": {"datetime": "2024-05-03 20:00:09", "elapsed": 119.971292, "delta": 1.447318}}
{"target": 0.33220384027639355, "params": {"x0": 8.75824923019724, "x1": 5.96261828561238}, "datetime": {"datetime": "2024-05-03 20:00:10", "elapsed": 121.453886, "delta": 1.482594}}
{"target": 0.1878439775436282, "params": {"x0": 13.129490761385867, "x1": 7.973885397301072}, "datetime": {"datetime": "2024-05-03 20:00:12", "elapsed": 122.909363, "delta": 1.455477}}
{"target": 0.958818735318088, "params": {"x0": 7.803101038429969, "x1": 3.1114572130644573}, "datetime": {"datetime": "2024-05-03 20:00:13", "elapsed": 124.354283, "delta": 1.44492}}
{"target": 0.4251098802763045, "params": {"x0": 6.8052546527710565, "x1": 5.91807066562219}, "datetime": {"datetime": "2024-05-03 20:00:15", "elapsed": 125.806095, "delta": 1.451812}}
{"target": 0.2348833205361071, "params": {"x0": 12.972788809013299, "x1": 6.413108622518888}, "datetime": {"datetime": "2024-05-03 20:00:16", "elapsed": 127.268046, "delta": 1.461951}}
{"target": 0.19642633707898716, "params": {"x0": 9.649667707204848, "x1": 8.931696926474693}, "datetime": {"datetime": "2024-05-03 20:00:18", "elapsed": 128.733213, "delta": 1.465167}}
{"target": 0.3433397411973699, "params": {"x0": 12.667070021326666, "x1": 5.280847035741303}, "datetime": {"datetime": "2024-05-03 20:00:19", "elapsed": 130.212769, "delta": 1.479556}}
{"target": 0.20302643383865934, "params": {"x0": 12.335904519855813, "x1": 7.472006585439012}, "datetime": {"datetime": "2024-05-03 20:00:21", "elapsed": 131.733944, "delta": 1.521175}}
{"target": 0.5008263634997746, "params": {"x0": 13.696178274711624, "x1": 4.589517345976857}, "datetime": {"datetime": "2024-05-03 20:00:22", "elapsed": 133.273886, "delta": 1.539942}}
{"target": 0.6232210932918351, "params": {"x0": 6.762850595927078, "x1": 5.220505187484638}, "datetime": {"datetime": "2024-05-03 20:00:24", "elapsed": 134.774423, "delta": 1.500537}}
{"target": 0.6813998952006961, "params": {"x0": 13.241751330747991, "x1": 4.261044059489038}, "datetime": {"datetime": "2024-05-03 20:00:25", "elapsed": 136.29516, "delta": 1.520737}}
{"target": 5.277044854881266, "params": {"x0": 14.65668886799636, "x1": 3.3992188881246896}, "datetime": {"datetime": "2024-05-03 20:00:27", "elapsed": 137.796719, "delta": 1.501559}}
{"target": 0.22567418470123107, "params": {"x0": 8.993623633653222, "x1": 7.828527382460073}, "datetime": {"datetime": "2024-05-03 20:00:28", "elapsed": 139.277501, "delta": 1.480782}}
{"target": 0.27700316919325874, "params": {"x0": 8.22449425016827, "x1": 6.836765285279641}, "datetime": {"datetime": "2024-05-03 20:00:30", "elapsed": 140.726564, "delta": 1.449063}}
{"target": 0.18375597206909225, "params": {"x0": 12.033708554922939, "x1": 8.548847822396105}, "datetime": {"datetime": "2024-05-03 20:00:31", "elapsed": 142.199639, "delta": 1.473075}}
{"target": 1.636305026892673, "params": {"x0": 9.027912860601777, "x1": 3.3957665441041427}, "datetime": {"datetime": "2024-05-03 20:00:33", "elapsed": 143.862722, "delta": 1.663083}}
{"target": 0.1883605605384249, "params": {"x0": 14.4532585778197, "x1": 7.633068177259481}, "datetime": {"datetime": "2024-05-03 20:00:34", "elapsed": 145.372255, "delta": 1.509533}}
{"target": 0.16803333781422233, "params": {"x0": 16.439882303790526, "x1": 8.591832415181024}, "datetime": {"datetime": "2024-05-03 20:00:36", "elapsed": 146.852022, "delta": 1.479767}}
{"target": 2.655569925139484, "params": {"x0": 6.160443089219366, "x1": 4.406172516728523}, "datetime": {"datetime": "2024-05-03 20:00:37", "elapsed": 148.3311, "delta": 1.479078}}
{"target": 0.17749167697153762, "params": {"x0": 13.092951105519063, "x1": 8.6940979241257}, "datetime": {"datetime": "2024-05-03 20:00:39", "elapsed": 149.840185, "delta": 1.509085}}
{"target": 0.22080416878270662, "params": {"x0": 16.927025371341415, "x1": 6.339919129170939}, "datetime": {"datetime": "2024-05-03 20:00:40", "elapsed": 151.401778, "delta": 1.561593}}
{"target": 0.20246058446726445, "params": {"x0": 16.529473022312157, "x1": 6.849397253678025}, "datetime": {"datetime": "2024-05-03 20:00:42", "elapsed": 152.842973, "delta": 1.441195}}
{"target": 0.2944380649530371, "params": {"x0": 10.485088712624332, "x1": 5.915944002581458}, "datetime": {"datetime": "2024-05-03 20:00:43", "elapsed": 154.28895, "delta": 1.445977}}
{"target": 0.2455353690016016, "params": {"x0": 12.949570553579692, "x1": 6.297287529051376}, "datetime": {"datetime": "2024-05-03 20:00:45", "elapsed": 155.7616, "delta": 1.47265}}
{"target": 0.16758840288252053, "params": {"x0": 16.651086407124218, "x1": 8.512400613801637}, "datetime": {"datetime": "2024-05-03 20:00:46", "elapsed": 157.20496, "delta": 1.44336}}
{"target": 0.19096360233739448, "params": {"x0": 10.541069548620882, "x1": 8.779575170644272}, "datetime": {"datetime": "2024-05-03 20:00:47", "elapsed": 158.668179, "delta": 1.463219}}
{"target": 5.5422234291953245, "params": {"x0": 8.00049016682534, "x1": 3.757977116637824}, "datetime": {"datetime": "2024-05-03 20:00:49", "elapsed": 160.2256, "delta": 1.557421}}
{"target": 0.36716111029519755, "params": {"x0": 7.55341031753741, "x1": 6.03397299406138}, "datetime": {"datetime": "2024-05-03 20:00:50", "elapsed": 161.691356, "delta": 1.465756}}
{"target": 0.2777031836170673, "params": {"x0": 6.247535260653277, "x1": 8.687821267306086}, "datetime": {"datetime": "2024-05-03 20:00:52", "elapsed": 163.191364, "delta": 1.500008}}
{"target": 1.4357501794687724, "params": {"x0": 15.511827918463423, "x1": 3.0901138844527343}, "datetime": {"datetime": "2024-05-03 20:00:53", "elapsed": 164.657249, "delta": 1.465885}}
{"target": 0.592183065104014, "params": {"x0": 8.026256939113136, "x1": 4.992381446201022}, "datetime": {"datetime": "2024-05-03 20:00:55", "elapsed": 166.102142, "delta": 1.444893}}
{"target": 0.2539703824819357, "params": {"x0": 7.506463715325545, "x1": 7.8569441527594925}, "datetime": {"datetime": "2024-05-03 20:00:56", "elapsed": 167.590179, "delta": 1.488037}}
{"target": 0.19770398454587493, "params": {"x0": 9.964471505857874, "x1": 8.640644894000204}, "datetime": {"datetime": "2024-05-03 20:00:58", "elapsed": 169.06466, "delta": 1.474481}}
{"target": 0.18508578726239613, "params": {"x0": 12.69316306939142, "x1": 8.272991906471065}, "datetime": {"datetime": "2024-05-03 20:00:59", "elapsed": 170.52785, "delta": 1.46319}}
{"target": 0.17099863201094392, "params": {"x0": 15.714446122010552, "x1": 8.432353912251894}, "datetime": {"datetime": "2024-05-03 20:01:01", "elapsed": 171.99555, "delta": 1.4677}}
{"target": 0.2610943561060701, "params": {"x0": 11.288623056893279, "x1": 6.27808089612224}, "datetime": {"datetime": "2024-05-03 20:01:02", "elapsed": 173.515928, "delta": 1.520378}}
{"target": 0.4121615689836879, "params": {"x0": 15.183941298248453, "x1": 4.714313110404886}, "datetime": {"datetime": "2024-05-03 20:01:04", "elapsed": 174.966226, "delta": 1.450298}}
{"target": 0.240299875020035, "params": {"x0": 11.637915510129169, "x1": 6.594661845875271}, "datetime": {"datetime": "2024-05-03 20:01:05", "elapsed": 176.417437, "delta": 1.451211}}
{"target": 0.40256563128128187, "params": {"x0": 6.178632668834611, "x1": 6.560888449179823}, "datetime": {"datetime": "2024-05-03 20:01:07", "elapsed": 177.873382, "delta": 1.455945}}
