{"target": 7.351157439738888, "params": {"x0": 8.831058375903021, "x1": 3.7757543248534717}, "datetime": {"datetime": "2024-05-03 23:04:18", "elapsed": 11169.106596, "delta": 7.553878}}
{"target": 7.351157439738888, "params": {"x0": 8.83105837009267, "x1": 3.7757543272604916}, "datetime": {"datetime": "2024-05-03 23:04:22", "elapsed": 11173.006172, "delta": 3.899576}}
{"target": 7.351157439738888, "params": {"x0": 8.831058363249753, "x1": 3.7757543300584717}, "datetime": {"datetime": "2024-05-03 23:04:27", "elapsed": 11177.798231, "delta": 4.792059}}
{"target": 7.351157439738888, "params": {"x0": 8.831058360317588, "x1": 3.775754332467397}, "datetime": {"datetime": "2024-05-03 23:04:31", "elapsed": 11182.012598, "delta": 4.214367}}
{"target": 7.351157439738888, "params": {"x0": 8.831058355878545, "x1": 3.7757543346364497}, "datetime": {"datetime": "2024-05-03 23:04:37", "elapsed": 11188.421952, "delta": 6.409354}}
{"target": 7.351157439738888, "params": {"x0": 8.83105835242558, "x1": 3.7757543366642885}, "datetime": {"datetime": "2024-05-03 23:04:42", "elapsed": 11192.876354, "delta": 4.454402}}
{"target": 7.351157439738888, "params": {"x0": 8.831058348961315, "x1": 3.7757543386949695}, "datetime": {"datetime": "2024-05-03 23:04:46", "elapsed": 11197.211645, "delta": 4.335291}}
{"target": 7.351157439738888, "params": {"x0": 8.831058345746172, "x1": 3.775754340186063}, "datetime": {"datetime": "2024-05-03 23:04:53", "elapsed": 11204.636682, "delta": 7.425037}}
{"target": 7.351157439738888, "params": {"x0": 8.831058342833495, "x1": 3.7757543416659627}, "datetime": {"datetime": "2024-05-03 23:04:59", "elapsed": 11210.643346, "delta": 6.006664}}
{"target": 7.351157439738888, "params": {"x0": 8.831058340759038, "x1": 3.7757543432019864}, "datetime": {"datetime": "2024-05-03 23:05:04", "elapsed": 11215.298502, "delta": 4.655156}}
{"target": 7.351157439738888, "params": {"x0": 8.831058338118389, "x1": 3.7757543441541115}, "datetime": {"datetime": "2024-05-03 23:05:09", "elapsed": 11219.773832, "delta": 4.47533}}
{"target": 7.351157439738888, "params": {"x0": 8.831058336700657, "x1": 3.775754345184636}, "datetime": {"datetime": "2024-05-03 23:05:13", "elapsed": 11224.224095, "delta": 4.450263}}
{"target": 7.351157439738888, "params": {"x0": 8.831058334908017, "x1": 3.775754346155863}, "datetime": {"datetime": "2024-05-03 23:05:17", "elapsed": 11228.396943, "delta": 4.172848}}
{"target": 7.351157439738888, "params": {"x0": 8.831058333237223, "x1": 3.775754346959008}, "datetime": {"datetime": "2024-05-03 23:05:22", "elapsed": 11232.813833, "delta": 4.41689}}
{"target": 7.351157439738888, "params": {"x0": 8.831058331202316, "x1": 3.7757543477482116}, "datetime": {"datetime": "2024-05-03 23:05:26", "elapsed": 11237.474106, "delta": 4.660273}}
{"target": 7.351157439738888, "params": {"x0": 8.831058330201998, "x1": 3.775754348488114}, "datetime": {"datetime": "2024-05-03 23:05:31", "elapsed": 11242.232284, "delta": 4.758178}}
{"target": 7.351157439738888, "params": {"x0": 8.831058329338003, "x1": 3.775754349175407}, "datetime": {"datetime": "2024-05-03 23:05:36", "elapsed": 11247.505833, "delta": 5.273549}}
{"target": 7.351157439738888, "params": {"x0": 8.83105832785891, "x1": 3.7757543496382135}, "datetime": {"datetime": "2024-05-03 23:05:41", "elapsed": 11252.397446, "delta": 4.891613}}
{"target": 7.351157439738888, "params": {"x0": 8.83105832709817, "x1": 3.7757543502289277}, "datetime": {"datetime": "2024-05-03 23:05:45", "elapsed": 11256.606785, "delta": 4.209339}}
{"target": 7.351157439738888, "params": {"x0": 8.831058326395343, "x1": 3.7757543506751094}, "datetime": {"datetime": "2024-05-03 23:05:51", "elapsed": 11261.751427, "delta": 5.144642}}
{"target": 7.351157439738888, "params": {"x0": 8.831058325650835, "x1": 3.7757543510605442}, "datetime": {"datetime": "2024-05-03 23:05:55", "elapsed": 11266.360811, "delta": 4.609384}}
{"target": 7.351157439738888, "params": {"x0": 8.831058324958368, "x1": 3.775754351395482}, "datetime": {"datetime": "2024-05-03 23:06:02", "elapsed": 11272.714207, "delta": 6.353396}}
{"target": 7.351157439738888, "params": {"x0": 8.83105832434858, "x1": 3.775754351764505}, "datetime": {"datetime": "2024-05-03 23:06:08", "elapsed": 11278.928924, "delta": 6.214717}}
{"target": 7.351157439738888, "params": {"x0": 8.83105832376741, "x1": 3.775754352036454}, "datetime": {"datetime": "2024-05-03 23:06:17", "elapsed": 11287.931407, "delta": 9.002483}}
{"target": 7.351157439738888, "params": {"x0": 8.831058323181884, "x1": 3.7757543523119916}, "datetime": {"datetime": "2024-05-03 23:06:23", "elapsed": 11293.858986, "delta": 5.927579}}
{"target": 7.351157439738888, "params": {"x0": 8.831058322727689, "x1": 3.7757543525645985}, "datetime": {"datetime": "2024-05-03 23:06:27", "elapsed": 11298.438438, "delta": 4.579452}}
{"target": 7.351157439738888, "params": {"x0": 8.83105832241598, "x1": 3.775754352792772}, "datetime": {"datetime": "2024-05-03 23:06:33", "elapsed": 11304.399355, "delta": 5.960917}}
{"target": 7.351157439738888, "params": {"x0": 8.831058322047744, "x1": 3.7757543529785638}, "datetime": {"datetime": "2024-05-03 23:06:38", "elapsed": 11309.427433, "delta": 5.028078}}
{"target": 7.351157439738888, "params": {"x0": 8.831058321713847, "x1": 3.775754353185932}, "datetime": {"datetime": "2024-05-03 23:06:44", "elapsed": 11315.1364, "delta": 5.708967}}
{"target": 7.351157439738888, "params": {"x0": 8.831058321348719, "x1": 3.7757543533255866}, "datetime": {"datetime": "2024-05-03 23:06:51", "elapsed": 11321.814815, "delta": 6.678415}}
{"target": 7.351157439738888, "params": {"x0": 8.831058321156293, "x1": 3.7757543534799725}, "datetime": {"datetime": "2024-05-03 23:06:55", "elapsed": 11326.518747, "delta": 4.703932}}
{"target": 7.351157439738888, "params": {"x0": 8.831058320935481, "x1": 3.7757543536075957}, "datetime": {"datetime": "2024-05-03 23:07:03", "elapsed": 11333.695028, "delta": 7.176281}}
{"target": 7.351157439738888, "params": {"x0": 8.831058320713957, "x1": 3.775754353724162}, "datetime": {"datetime": "2024-05-03 23:07:07", "elapsed": 11338.639545, "delta": 4.944517}}
{"target": 7.351157439738888, "params": {"x0": 8.831058320382255, "x1": 3.7757543538137255}, "datetime": {"datetime": "2024-05-03 23:07:12", "elapsed": 11343.531178, "delta": 4.891633}}
{"target": 7.351157439738888, "params": {"x0": 8.831058320337949, "x1": 3.775754353918617}, "datetime": {"datetime": "2024-05-03 23:07:19", "elapsed": 11349.733663, "delta": 6.202485}}
{"target": 7.351157439738888, "params": {"x0": 8.831058320175075, "x1": 3.775754353994415}, "datetime": {"datetime": "2024-05-03 23:07:27", "elapsed": 11357.727465, "delta": 7.993802}}
{"target": 7.351157439738888, "params": {"x0": 8.831058320027044, "x1": 3.7757543540717378}, "datetime": {"datetime": "2024-05-03 23:07:31", "elapsed": 11362.363233, "delta": 4.635768}}
{"target": 7.351157439738888, "params": {"x0": 8.831058319911039, "x1": 3.7757543541398544}, "datetime": {"datetime": "2024-05-03 23:07:37", "elapsed": 11368.556273, "delta": 6.19304}}
{"target": 7.351157439738888, "params": {"x0": 8.83105831974948, "x1": 3.7757543542025003}, "datetime": {"datetime": "2024-05-03 23:07:43", "elapsed": 11373.851955, "delta": 5.295682}}
{"target": 7.351157439738888, "params": {"x0": 8.831058319671456, "x1": 3.775754354288757}, "datetime": {"datetime": "2024-05-03 23:07:47", "elapsed": 11378.617243, "delta": 4.765288}}
{"target": 7.351157439738888, "params": {"x0": 8.831058319577775, "x1": 3.7757543543101018}, "datetime": {"datetime": "2024-05-03 23:07:52", "elapsed": 11383.21698, "delta": 4.599737}}
{"target": 7.351157439738888, "params": {"x0": 8.831058319501723, "x1": 3.7757543543547296}, "datetime": {"datetime": "2024-05-03 23:07:56", "elapsed": 11387.465397, "delta": 4.248417}}
{"target": 7.351157439738888, "params": {"x0": 8.831058319411436, "x1": 3.7757543543995036}, "datetime": {"datetime": "2024-05-03 23:08:01", "elapsed": 11391.840354, "delta": 4.374957}}
{"target": 7.351157439738888, "params": {"x0": 8.831058319348546, "x1": 3.775754354432171}, "datetime": {"datetime": "2024-05-03 23:08:05", "elapsed": 11395.921869, "delta": 4.081515}}
{"target": 7.351157439738888, "params": {"x0": 8.83105831927466, "x1": 3.7757543544684298}, "datetime": {"datetime": "2024-05-03 23:08:09", "elapsed": 11400.225348, "delta": 4.303479}}
{"target": 7.351157439738888, "params": {"x0": 8.83105831923384, "x1": 3.7757543544972374}, "datetime": {"datetime": "2024-05-03 23:08:13", "elapsed": 11404.254563, "delta": 4.029215}}
{"target": 7.351157439738888, "params": {"x0": 8.831058319198094, "x1": 3.775754354522046}, "datetime": {"datetime": "2024-05-03 23:08:18", "elapsed": 11408.908421, "delta": 4.653858}}
{"target": 7.351157439738888, "params": {"x0": 8.831058319115503, "x1": 3.7757543545506436}, "datetime": {"datetime": "2024-05-03 23:08:23", "elapsed": 11414.183241, "delta": 5.27482}}
{"target": 7.351157439738888, "params": {"x0": 8.831058319105452, "x1": 3.775754354566347}, "datetime": {"datetime": "2024-05-03 23:08:27", "elapsed": 11418.631367, "delta": 4.448126}}
{"target": 7.351157439738888, "params": {"x0": 8.831058319056693, "x1": 3.775754354589822}, "datetime": {"datetime": "2024-05-03 23:08:32", "elapsed": 11423.092805, "delta": 4.461438}}
{"target": 7.351157439738888, "params": {"x0": 8.83105831903312, "x1": 3.7757543546030434}, "datetime": {"datetime": "2024-05-03 23:08:36", "elapsed": 11427.168366, "delta": 4.075561}}
{"target": 7.351157439738888, "params": {"x0": 8.831058319014154, "x1": 3.7757543546200782}, "datetime": {"datetime": "2024-05-03 23:08:40", "elapsed": 11430.927531, "delta": 3.759165}}
{"target": 7.351157439738888, "params": {"x0": 8.831058318981253, "x1": 3.775754354641347}, "datetime": {"datetime": "2024-05-03 23:08:44", "elapsed": 11434.790807, "delta": 3.863276}}
{"target": 7.351157439738888, "params": {"x0": 8.831058318946075, "x1": 3.7757543546467507}, "datetime": {"datetime": "2024-05-03 23:08:48", "elapsed": 11439.066247, "delta": 4.27544}}
{"target": 7.351157439738888, "params": {"x0": 8.831058318909767, "x1": 3.7757543546597216}, "datetime": {"datetime": "2024-05-03 23:08:52", "elapsed": 11443.052739, "delta": 3.986492}}
{"target": 7.351157439738888, "params": {"x0": 8.831058318847894, "x1": 3.7757543546713266}, "datetime": {"datetime": "2024-05-03 23:08:56", "elapsed": 11447.515234, "delta": 4.462495}}
{"target": 7.351157439738888, "params": {"x0": 8.831058318900705, "x1": 3.7757543546819856}, "datetime": {"datetime": "2024-05-03 23:09:00", "elapsed": 11451.651583, "delta": 4.136349}}
{"target": 7.351157439738888, "params": {"x0": 8.831058318875945, "x1": 3.775754354688733}, "datetime": {"datetime": "2024-05-03 23:09:05", "elapsed": 11455.795959, "delta": 4.144376}}
{"target": 7.351157439738888, "params": {"x0": 8.831058318865074, "x1": 3.7757543546964563}, "datetime": {"datetime": "2024-05-03 23:09:09", "elapsed": 11459.998998, "delta": 4.203039}}
{"target": 7.351157439738888, "params": {"x0": 8.831058318860926, "x1": 3.775754354700383}, "datetime": {"datetime": "2024-05-03 23:09:13", "elapsed": 11464.077916, "delta": 4.078918}}
{"target": 7.351157439738888, "params": {"x0": 8.831058318845209, "x1": 3.7757543547095587}, "datetime": {"datetime": "2024-05-03 23:09:17", "elapsed": 11468.047202, "delta": 3.969286}}
{"target": 7.351157439738888, "params": {"x0": 8.831058318781977, "x1": 3.775754354712068}, "datetime": {"datetime": "2024-05-03 23:09:21", "elapsed": 11472.046135, "delta": 3.998933}}
{"target": 7.351157439738888, "params": {"x0": 8.831058318821954, "x1": 3.775754354727592}, "datetime": {"datetime": "2024-05-03 23:09:25", "elapsed": 11476.690481, "delta": 4.644346}}
{"target": 7.351157439738888, "params": {"x0": 8.831058318820505, "x1": 3.7757543547231136}, "datetime": {"datetime": "2024-05-03 23:09:29", "elapsed": 11480.666307, "delta": 3.975826}}
{"target": 7.351157439738888, "params": {"x0": 8.83105831881142, "x1": 3.7757543547272325}, "datetime": {"datetime": "2024-05-03 23:09:35", "elapsed": 11486.557314, "delta": 5.891007}}
{"target": 7.351157439738888, "params": {"x0": 8.831058318802949, "x1": 3.775754354736659}, "datetime": {"datetime": "2024-05-03 23:09:39", "elapsed": 11489.943014, "delta": 3.3857}}
{"target": 7.351157439738888, "params": {"x0": 8.831058318794899, "x1": 3.7757543547378116}, "datetime": {"datetime": "2024-05-03 23:09:43", "elapsed": 11494.130832, "delta": 4.187818}}
{"target": 7.351157439738888, "params": {"x0": 8.831058318797215, "x1": 3.7757543547374723}, "datetime": {"datetime": "2024-05-03 23:09:47", "elapsed": 11498.134948, "delta": 4.004116}}
{"target": 7.351157439738888, "params": {"x0": 8.831058318791483, "x1": 3.7757543547432646}, "datetime": {"datetime": "2024-05-03 23:09:51", "elapsed": 11502.050359, "delta": 3.915411}}
{"target": 7.351157439738888, "params": {"x0": 8.831058318748603, "x1": 3.775754354741067}, "datetime": {"datetime": "2024-05-03 23:09:56", "elapsed": 11507.187791, "delta": 5.137432}}
{"target": 7.351157439738888, "params": {"x0": 8.831058318778698, "x1": 3.775754354748822}, "datetime": {"datetime": "2024-05-03 23:10:01", "elapsed": 11511.78278, "delta": 4.594989}}
{"target": 7.351157439738888, "params": {"x0": 8.831058318780755, "x1": 3.775754354744944}, "datetime": {"datetime": "2024-05-03 23:10:05", "elapsed": 11516.622979, "delta": 4.840199}}
{"target": 7.351157439738888, "params": {"x0": 8.831058318768761, "x1": 3.7757543547581545}, "datetime": {"datetime": "2024-05-03 23:10:11", "elapsed": 11521.793397, "delta": 5.170418}}
{"target": 7.351157439738888, "params": {"x0": 8.8310583187682, "x1": 3.775754354748988}, "datetime": {"datetime": "2024-05-03 23:10:15", "elapsed": 11526.171514, "delta": 4.378117}}
{"target": 7.351157439738888, "params": {"x0": 8.831058318766143, "x1": 3.7757543547509624}, "datetime": {"datetime": "2024-05-03 23:10:20", "elapsed": 11530.957511, "delta": 4.785997}}
{"target": 7.351157439738888, "params": {"x0": 8.831058318770724, "x1": 3.775754354751348}, "datetime": {"datetime": "2024-05-03 23:10:25", "elapsed": 11536.585865, "delta": 5.628354}}
{"target": 7.351157439738888, "params": {"x0": 8.831058318758622, "x1": 3.775754354762405}, "datetime": {"datetime": "2024-05-03 23:10:30", "elapsed": 11541.098556, "delta": 4.512691}}
{"target": 7.351157439738888, "params": {"x0": 8.831058318763647, "x1": 3.775754354759141}, "datetime": {"datetime": "2024-05-03 23:10:35", "elapsed": 11546.626081, "delta": 5.527525}}
{"target": 7.351157439738888, "params": {"x0": 8.831058318759775, "x1": 3.775754354753369}, "datetime": {"datetime": "2024-05-03 23:10:40", "elapsed": 11551.093744, "delta": 4.467663}}
{"target": 7.351157439738888, "params": {"x0": 8.83105831874603, "x1": 3.7757543547601475}, "datetime": {"datetime": "2024-05-03 23:10:44", "elapsed": 11555.296161, "delta": 4.202417}}
{"target": 7.351157439738888, "params": {"x0": 8.831058318756021, "x1": 3.7757543547555206}, "datetime": {"datetime": "2024-05-03 23:10:48", "elapsed": 11559.42316, "delta": 4.126999}}
{"target": 7.351157439738888, "params": {"x0": 8.831058318746804, "x1": 3.7757543547638357}, "datetime": {"datetime": "2024-05-03 23:10:52", "elapsed": 11563.413297, "delta": 3.990137}}
{"target": 7.351157439738888, "params": {"x0": 8.83105831873969, "x1": 3.7757543547586407}, "datetime": {"datetime": "2024-05-03 23:10:56", "elapsed": 11567.579321, "delta": 4.166024}}
{"target": 7.351157439738888, "params": {"x0": 8.831058318743649, "x1": 3.7757543547583117}, "datetime": {"datetime": "2024-05-03 23:11:00", "elapsed": 11571.445369, "delta": 3.866048}}
{"target": 7.351157439738888, "params": {"x0": 8.831058318752607, "x1": 3.775754354757523}, "datetime": {"datetime": "2024-05-03 23:11:06", "elapsed": 11577.67404, "delta": 6.228671}}
{"target": 7.351157439738888, "params": {"x0": 8.831058318746376, "x1": 3.7757543547591523}, "datetime": {"datetime": "2024-05-03 23:11:12", "elapsed": 11582.967039, "delta": 5.292999}}
{"target": 7.351157439738888, "params": {"x0": 8.831058318751833, "x1": 3.775754354758435}, "datetime": {"datetime": "2024-05-03 23:11:17", "elapsed": 11587.896112, "delta": 4.929073}}
{"target": 7.351157439738888, "params": {"x0": 8.83105831874845, "x1": 3.7757543547598633}, "datetime": {"datetime": "2024-05-03 23:11:22", "elapsed": 11592.813587, "delta": 4.917475}}
{"target": 7.351157439738888, "params": {"x0": 8.831058318752477, "x1": 3.7757543547600916}, "datetime": {"datetime": "2024-05-03 23:11:29", "elapsed": 11599.89269, "delta": 7.079103}}
{"target": 7.351157439738888, "params": {"x0": 8.831058318753074, "x1": 3.7757543547592554}, "datetime": {"datetime": "2024-05-03 23:11:34", "elapsed": 11604.698928, "delta": 4.806238}}
{"target": 7.351157439738888, "params": {"x0": 8.831058318753831, "x1": 3.775754354760733}, "datetime": {"datetime": "2024-05-03 23:11:37", "elapsed": 11608.439272, "delta": 3.740344}}
{"target": 7.351157439738888, "params": {"x0": 8.83105831875272, "x1": 3.7757543547605423}, "datetime": {"datetime": "2024-05-03 23:11:42", "elapsed": 11612.814197, "delta": 4.374925}}
{"target": 7.351157439738888, "params": {"x0": 8.831058318749406, "x1": 3.775754354759796}, "datetime": {"datetime": "2024-05-03 23:11:46", "elapsed": 11617.61348, "delta": 4.799283}}
{"target": 7.351157439738888, "params": {"x0": 8.83105831874724, "x1": 3.775754354761462}, "datetime": {"datetime": "2024-05-03 23:11:51", "elapsed": 11622.018773, "delta": 4.405293}}
{"target": 7.351157439738888, "params": {"x0": 8.831058318748914, "x1": 3.7757543547611316}, "datetime": {"datetime": "2024-05-03 23:11:55", "elapsed": 11626.169479, "delta": 4.150706}}
{"target": 7.351157439738888, "params": {"x0": 8.831058318752165, "x1": 3.7757543547608403}, "datetime": {"datetime": "2024-05-03 23:12:00", "elapsed": 11630.79633, "delta": 4.626851}}
{"target": 7.351157439738888, "params": {"x0": 8.831058318751037, "x1": 3.7757543547606276}, "datetime": {"datetime": "2024-05-03 23:12:04", "elapsed": 11635.121088, "delta": 4.324758}}
{"target": 7.351157439738888, "params": {"x0": 8.831058318748937, "x1": 3.7757543547609878}, "datetime": {"datetime": "2024-05-03 23:12:09", "elapsed": 11639.870072, "delta": 4.748984}}
{"target": 7.351157439738888, "params": {"x0": 8.831058318749657, "x1": 3.7757543547608985}, "datetime": {"datetime": "2024-05-03 23:12:14", "elapsed": 11644.802278, "delta": 4.932206}}
{"target": 7.351157439738888, "params": {"x0": 8.831058318750788, "x1": 3.7757543547610215}, "datetime": {"datetime": "2024-05-03 23:12:18", "elapsed": 11649.494409, "delta": 4.692131}}
{"target": 7.351157439738888, "params": {"x0": 8.83105831874845, "x1": 3.775754354761793}, "datetime": {"datetime": "2024-05-03 23:12:23", "elapsed": 11653.874748, "delta": 4.380339}}
{"target": 7.351157439738888, "params": {"x0": 8.831058318750651, "x1": 3.775754354761597}, "datetime": {"datetime": "2024-05-03 23:12:27", "elapsed": 11657.719831, "delta": 3.845083}}
{"target": 7.351157439738888, "params": {"x0": 8.831058318749022, "x1": 3.7757543547611543}, "datetime": {"datetime": "2024-05-03 23:12:31", "elapsed": 11662.568143, "delta": 4.848312}}
{"target": 7.351157439738888, "params": {"x0": 8.831058318750435, "x1": 3.7757543547621153}, "datetime": {"datetime": "2024-05-03 23:12:36", "elapsed": 11667.143017, "delta": 4.574874}}
{"target": 7.351157439738888, "params": {"x0": 8.83105831875068, "x1": 3.775754354761539}, "datetime": {"datetime": "2024-05-03 23:12:41", "elapsed": 11672.108355, "delta": 4.965338}}
{"target": 7.351157439738888, "params": {"x0": 8.831058318750257, "x1": 3.7757543547612884}, "datetime": {"datetime": "2024-05-03 23:12:46", "elapsed": 11676.807266, "delta": 4.698911}}
{"target": 7.351157439738888, "params": {"x0": 8.831058318750436, "x1": 3.7757543547619172}, "datetime": {"datetime": "2024-05-03 23:12:51", "elapsed": 11681.695015, "delta": 4.887749}}
{"target": 7.351157439738888, "params": {"x0": 8.831058318749262, "x1": 3.775754354761828}, "datetime": {"datetime": "2024-05-03 23:12:55", "elapsed": 11686.367087, "delta": 4.672072}}
{"target": 7.351157439738888, "params": {"x0": 8.831058318749916, "x1": 3.7757543547613546}, "datetime": {"datetime": "2024-05-03 23:12:59", "elapsed": 11690.521818, "delta": 4.154731}}
{"target": 7.351157439738888, "params": {"x0": 8.83105831874953, "x1": 3.7757543547616357}, "datetime": {"datetime": "2024-05-03 23:13:04", "elapsed": 11695.131236, "delta": 4.609418}}
{"target": 7.351157439738888, "params": {"x0": 8.831058318749353, "x1": 3.7757543547617494}, "datetime": {"datetime": "2024-05-03 23:13:09", "elapsed": 11700.158951, "delta": 5.027715}}
{"target": 7.351157439738888, "params": {"x0": 8.831058318749879, "x1": 3.7757543547616645}, "datetime": {"datetime": "2024-05-03 23:13:14", "elapsed": 11705.664597, "delta": 5.505646}}
{"target": 7.351157439738888, "params": {"x0": 8.83105831875001, "x1": 3.7757543547617285}, "datetime": {"datetime": "2024-05-03 23:13:20", "elapsed": 11711.020789, "delta": 5.356192}}
{"target": 7.351157439738888, "params": {"x0": 8.831058318749617, "x1": 3.775754354761467}, "datetime": {"datetime": "2024-05-03 23:13:25", "elapsed": 11715.783207, "delta": 4.762418}}
{"target": 7.351157439738888, "params": {"x0": 8.831058318749394, "x1": 3.775754354761418}, "datetime": {"datetime": "2024-05-03 23:13:30", "elapsed": 11721.20805, "delta": 5.424843}}
{"target": 7.351157439738888, "params": {"x0": 8.831058318749767, "x1": 3.7757543547616637}, "datetime": {"datetime": "2024-05-03 23:13:35", "elapsed": 11725.898066, "delta": 4.690016}}
{"target": 7.351157439738888, "params": {"x0": 8.83105831874985, "x1": 3.775754354761579}, "datetime": {"datetime": "2024-05-03 23:13:40", "elapsed": 11731.327366, "delta": 5.4293}}
{"target": 7.351157439738888, "params": {"x0": 8.831058318749832, "x1": 3.7757543547614763}, "datetime": {"datetime": "2024-05-03 23:13:45", "elapsed": 11736.626596, "delta": 5.29923}}
