{"target": 5.826045920893949, "params": {"x0": 10.266307612804576, "x1": 8.162017741545533, "x10": 28.233862262159136, "x11": 5.312205029136087, "x12": 7.903114904942781, "x13": 30.035490935838396, "x14": 4.00962082805383, "x15": 18.605992304187716, "x16": 36.61953170289162, "x2": 6.498682045508299, "x3": 7.506278192426134, "x4": 8.123692228766995, "x5": 9.796473859379297, "x6": 5.8504805518152505, "x7": 4.556212686596977, "x8": 6.024160961497756, "x9": 13.141727677950051}, "datetime": {"datetime": "2023-11-30 10:17:38", "elapsed": 475.569003, "delta": 7.246389}}
{"target": 0.0, "params": {"x0": 12.932763162788838, "x1": 16.14392162571292, "x10": 27.31806715295793, "x11": 5.50661893672488, "x12": 9.427971179477497, "x13": 28.428916062549355, "x14": 7.373573616299497, "x15": 15.92067379621303, "x16": 32.541791701303254, "x2": 8.022055539789285, "x3": 3.9835121431810454, "x4": 8.423964630033417, "x5": 9.312107657890081, "x6": 5.649655364526274, "x7": 5.179447557999576, "x8": 3.616126288411154, "x9": 8.868400928197051}, "datetime": {"datetime": "2023-11-30 10:17:53", "elapsed": 490.122507, "delta": 14.553504}}
{"target": 0.0, "params": {"x0": 15.245427628457513, "x1": 16.848227044333314, "x10": 19.950927244590495, "x11": 3.3396640652373186, "x12": 8.77650471902558, "x13": 25.686228525818002, "x14": 5.410544825411968, "x15": 14.226479591090168, "x16": 33.63891127105762, "x2": 8.699741168589233, "x3": 5.956635095049307, "x4": 6.200719893689103, "x5": 8.132248710422914, "x6": 5.557277048699679, "x7": 7.025485749880678, "x8": 3.9349453353061605, "x9": 11.365341982789172}, "datetime": {"datetime": "2023-11-30 10:18:14", "elapsed": 511.081154, "delta": 20.958647}}
{"target": 0.0, "params": {"x0": 15.160407120422189, "x1": 14.30852740387372, "x10": 28.676709225873687, "x11": 4.4147850599748955, "x12": 11.591184839840338, "x13": 17.23595139681713, "x14": 5.9115272802706915, "x15": 19.139466903872353, "x16": 37.82893102816987, "x2": 8.38189236188819, "x3": 6.32191423494306, "x4": 6.989928136609079, "x5": 9.026970348547504, "x6": 4.76123991988614, "x7": 7.5903946628167205, "x8": 6.054058034540944, "x9": 10.527318766377714}, "datetime": {"datetime": "2023-11-30 10:18:29", "elapsed": 525.649951, "delta": 14.568797}}
{"target": 0.0, "params": {"x0": 4.916987142918268, "x1": 24.955187838996466, "x10": 19.336085148983514, "x11": 5.237329937506676, "x12": 10.699550266335605, "x13": 31.55836943532522, "x14": 6.792296973819036, "x15": 18.364023234236043, "x16": 22.312689822992706, "x2": 9.534781490943185, "x3": 4.331305326889586, "x4": 6.078630880524507, "x5": 9.577099962993646, "x6": 4.45630455028305, "x7": 8.919505468888072, "x8": 5.778872552504911, "x9": 9.927383198124032}, "datetime": {"datetime": "2023-11-30 10:18:31", "elapsed": 528.128714, "delta": 2.478763}}
{"target": 0.0, "params": {"x0": 5.836177907088968, "x1": 23.75154122224574, "x10": 23.301907654899498, "x11": 3.326112201047781, "x12": 13.679559766234378, "x13": 30.631591103606752, "x14": 6.18108401649795, "x15": 18.567570158646312, "x16": 32.975748163806045, "x2": 7.95034818286144, "x3": 5.824432360919735, "x4": 7.029743650395197, "x5": 5.545931472699165, "x6": 9.408642626894533, "x7": 6.103581186965389, "x8": 3.2219139261591843, "x9": 7.655283386201059}, "datetime": {"datetime": "2023-11-30 10:18:45", "elapsed": 541.933461, "delta": 13.804747}}
{"target": 0.0, "params": {"x0": 2.2113844128866442, "x1": 21.44415560569969, "x10": 24.82069425281467, "x11": 5.554025188237827, "x12": 10.444434698162413, "x13": 28.80579791513152, "x14": 7.121063525450422, "x15": 17.71037965254535, "x16": 32.66167806558041, "x2": 7.7654518799111525, "x3": 4.8072010158446465, "x4": 6.077027410349343, "x5": 5.455637415998254, "x6": 6.5267408255687, "x7": 5.822279089160711, "x8": 4.245917576990105, "x9": 14.04379450206352}, "datetime": {"datetime": "2023-11-30 10:19:18", "elapsed": 574.629267, "delta": 32.695806}}
{"target": 6.728614780075226, "params": {"x0": 6.804789887330469, "x1": 28.534259136332214, "x10": 26.079528169930907, "x11": 4.138507132468413, "x12": 13.138555319654142, "x13": 25.78642729317472, "x14": 5.078657861226228, "x15": 17.87351693301555, "x16": 33.34864108089652, "x2": 6.261907846771686, "x3": 5.508751078079928, "x4": 8.022370775676062, "x5": 5.967367860172375, "x6": 8.596880110993869, "x7": 6.109298696562389, "x8": 4.708883196770429, "x9": 10.297133181893479}, "datetime": {"datetime": "2023-11-30 10:19:25", "elapsed": 581.80239, "delta": 7.173123}}
{"target": 0.0, "params": {"x0": 14.830346188930546, "x1": 26.031079154917265, "x10": 18.157069905372374, "x11": 4.847999839841234, "x12": 13.451639316807363, "x13": 22.745402520004973, "x14": 8.161775436480905, "x15": 12.287498373801547, "x16": 37.915975567820624, "x2": 7.945110216592104, "x3": 5.032895128879957, "x4": 4.481315715048973, "x5": 6.756305271511069, "x6": 9.271336199817881, "x7": 6.363653769176406, "x8": 5.503969150676484, "x9": 7.8891776148048045}, "datetime": {"datetime": "2023-11-30 10:19:27", "elapsed": 584.545624, "delta": 2.743234}}
{"target": 0.0, "params": {"x0": 7.129292544536787, "x1": 6.246299374293374, "x10": 27.490122434474458, "x11": 5.232543645402529, "x12": 11.839280478782058, "x13": 19.366884522165527, "x14": 7.1053951678082266, "x15": 11.72556064828092, "x16": 33.13339373374273, "x2": 6.33655659023862, "x3": 5.62544548397301, "x4": 4.708651901509708, "x5": 7.901413227941727, "x6": 8.073900001891204, "x7": 7.805200564311108, "x8": 5.060466564396847, "x9": 7.852306175330808}, "datetime": {"datetime": "2023-11-30 10:19:30", "elapsed": 587.066059, "delta": 2.520435}}
{"target": 0.0, "params": {"x0": 4.241701984082937, "x1": 16.077056157788483, "x10": 30.269807892630883, "x11": 3.4935324931569456, "x12": 10.104284848100328, "x13": 22.44414117494462, "x14": 6.20752266495035, "x15": 11.010418981645241, "x16": 30.998719152091176, "x2": 5.766540493256235, "x3": 7.906184609335831, "x4": 8.55572103312176, "x5": 6.809133435252669, "x6": 7.554340086887221, "x7": 5.31104077149842, "x8": 4.592439100007729, "x9": 8.828807363781195}, "datetime": {"datetime": "2023-11-30 10:20:01", "elapsed": 617.694318, "delta": 30.628259}}
{"target": 0.0, "params": {"x0": 14.894764303538016, "x1": 20.26451693210997, "x10": 26.029879525678616, "x11": 3.293760786953438, "x12": 10.163861970315132, "x13": 32.21991276982578, "x14": 8.283431438421664, "x15": 16.267167961015176, "x16": 26.046479036138848, "x2": 7.720677076369108, "x3": 6.60611676867979, "x4": 6.837689039085285, "x5": 6.816583637326943, "x6": 7.514217334308595, "x7": 9.064639566013064, "x8": 5.407382838631065, "x9": 11.000171450129308}, "datetime": {"datetime": "2023-11-30 10:20:56", "elapsed": 673.268254, "delta": 55.573936}}
{"target": 0.0, "params": {"x0": 15.870562723040422, "x1": 4.1220835595451994, "x10": 32.30359910597385, "x11": 3.0516247847788636, "x12": 8.079541456040943, "x13": 22.335807810226143, "x14": 4.41344185530509, "x15": 16.034371569791617, "x16": 23.35290371363132, "x2": 5.884351703615961, "x3": 4.253553007379907, "x4": 8.054230135124321, "x5": 8.09753446091676, "x6": 6.37104747303812, "x7": 5.538699017438887, "x8": 5.393493095078647, "x9": 9.162740214979372}, "datetime": {"datetime": "2023-11-30 10:21:11", "elapsed": 688.18522, "delta": 14.916966}}
{"target": 0.0, "params": {"x0": 13.929517511084642, "x1": 15.378164982177902, "x10": 24.14000076113928, "x11": 2.968939522524344, "x12": 11.498942308041926, "x13": 21.071918881537357, "x14": 4.973584899619921, "x15": 13.971272629446911, "x16": 32.03807947597101, "x2": 6.843507227647346, "x3": 8.535351397186258, "x4": 6.297478404507434, "x5": 8.66205719041442, "x6": 7.2733361501284435, "x7": 9.273290442764669, "x8": 4.0705529009191155, "x9": 8.433394924481982}, "datetime": {"datetime": "2023-11-30 10:21:32", "elapsed": 708.780253, "delta": 20.595033}}
{"target": 0.9447572115679852, "params": {"x0": 15.665288594854525, "x1": 3.5580114159565586, "x10": 31.591978045966208, "x11": 4.75033949623997, "x12": 9.439406227820342, "x13": 32.36856424199802, "x14": 4.187231587688319, "x15": 14.871608154489804, "x16": 22.914185319524034, "x2": 7.368690328984689, "x3": 4.810344188935229, "x4": 7.678368657758767, "x5": 9.7623613443991, "x6": 8.941995215280134, "x7": 6.943383536914399, "x8": 5.2634303599025145, "x9": 12.523346231274523}, "datetime": {"datetime": "2023-11-30 10:25:40", "elapsed": 956.695423, "delta": 247.91517}}
{"target": 0.0, "params": {"x0": 9.422646262738454, "x1": 16.45899083872323, "x10": 17.56804097410356, "x11": 4.119303108984816, "x12": 7.639182326375428, "x13": 27.66758363238219, "x14": 6.114195410634737, "x15": 14.134282282304564, "x16": 45.11305491806222, "x2": 7.143065240573888, "x3": 5.876181458396401, "x4": 5.802860675061505, "x5": 4.919680123384534, "x6": 6.575945172697136, "x7": 4.673214554262276, "x8": 3.855269857000113, "x9": 10.416983217420382}, "datetime": {"datetime": "2023-11-30 10:25:54", "elapsed": 971.405197, "delta": 14.709774}}
{"target": 0.0, "params": {"x0": 16.488995975295836, "x1": 5.30958551754935, "x10": 26.723513505049915, "x11": 4.5597717930371395, "x12": 12.520497445609786, "x13": 17.442216836933614, "x14": 4.301565094987048, "x15": 13.594445771344382, "x16": 42.80110001226127, "x2": 5.40288032755323, "x3": 7.548377269790592, "x4": 5.913743624780477, "x5": 5.691597845995645, "x6": 4.496586751418893, "x7": 6.660055471266434, "x8": 4.158721384220625, "x9": 11.615139476431683}, "datetime": {"datetime": "2023-11-30 10:25:57", "elapsed": 974.058433, "delta": 2.653236}}
{"target": 0.0, "params": {"x0": 3.063776007055808, "x1": 6.459266055324431, "x10": 15.215285172783117, "x11": 3.256794425196129, "x12": 11.557047027531182, "x13": 21.98351621273764, "x14": 5.396219918849321, "x15": 15.319538124626352, "x16": 47.90349046112857, "x2": 8.732640142613393, "x3": 7.230643276346861, "x4": 9.16657949170406, "x5": 4.747674549207476, "x6": 4.7743272275684205, "x7": 7.061505513056355, "x8": 4.051030518282362, "x9": 13.751856204880793}, "datetime": {"datetime": "2023-11-30 10:26:00", "elapsed": 976.651099, "delta": 2.592666}}
{"target": 5.7713728364566075, "params": {"x0": 9.343474417177529, "x1": 16.754666328483125, "x10": 30.61915136748774, "x11": 4.379925298627461, "x12": 13.28886660534403, "x13": 19.37014021553427, "x14": 5.178891306298942, "x15": 12.824185327086157, "x16": 36.32508238587073, "x2": 5.550266531459763, "x3": 7.099202795580897, "x4": 5.149669204919542, "x5": 5.0373662625340785, "x6": 8.917593245343856, "x7": 5.798036452551688, "x8": 4.175331934794646, "x9": 10.94005853412799}, "datetime": {"datetime": "2023-11-30 10:30:26", "elapsed": 1242.887364, "delta": 266.236265}}
{"target": 0.0, "params": {"x0": 9.88702954927205, "x1": 4.422235193160043, "x10": 30.2486521265948, "x11": 6.082312030792034, "x12": 12.792743658877383, "x13": 19.899916447719676, "x14": 6.348173233171744, "x15": 12.944363440105825, "x16": 36.50952419229903, "x2": 9.457409968969353, "x3": 5.422159002405891, "x4": 7.874366418680465, "x5": 6.272753280542277, "x6": 8.421792237958112, "x7": 6.271915502115156, "x8": 5.875433380980022, "x9": 12.325279983059875}, "datetime": {"datetime": "2023-11-30 10:31:09", "elapsed": 1286.081681, "delta": 43.194317}}
{"target": 0.0, "params": {"x0": 13.43948143167666, "x1": 14.888142159694025, "x10": 18.619528186977888, "x11": 3.0127535085229376, "x12": 9.020112911451221, "x13": 15.57530727617842, "x14": 7.112277687471786, "x15": 16.54180705716531, "x16": 33.284588593825674, "x2": 8.387146904269336, "x3": 6.467871602475846, "x4": 4.616474419971644, "x5": 5.254177732494497, "x6": 5.4118969468972775, "x7": 6.324416732605254, "x8": 3.049324806458621, "x9": 11.198200878555117}, "datetime": {"datetime": "2023-11-30 10:31:24", "elapsed": 1301.052409, "delta": 14.970728}}
{"target": 0.0, "params": {"x0": 9.680915412858782, "x1": 18.82446291965635, "x10": 22.50415298957581, "x11": 5.73328046002041, "x12": 10.036778458416391, "x13": 15.19473294406425, "x14": 7.937158073672309, "x15": 16.388004544907, "x16": 43.47729075530259, "x2": 9.34019808991535, "x3": 4.206353531955728, "x4": 5.627672255991455, "x5": 4.873493866735378, "x6": 6.594187849648096, "x7": 9.138481687231737, "x8": 3.1482319672737256, "x9": 10.183268560958366}, "datetime": {"datetime": "2023-11-30 10:31:27", "elapsed": 1303.781024, "delta": 2.728615}}
{"target": 0.0, "params": {"x0": 3.8831466471308547, "x1": 22.958757017645333, "x10": 29.675335261925213, "x11": 3.0188809418153735, "x12": 10.285748297939897, "x13": 19.121719250361345, "x14": 8.302646322377734, "x15": 19.515379199586533, "x16": 38.04847866632258, "x2": 9.452664718144517, "x3": 5.576743584405162, "x4": 9.060866717518591, "x5": 6.851522018320539, "x6": 5.631519820424121, "x7": 9.548731387937057, "x8": 5.1816253912378025, "x9": 7.04477921503843}, "datetime": {"datetime": "2023-11-30 10:31:29", "elapsed": 1306.550436, "delta": 2.769412}}
{"target": 0.0, "params": {"x0": 15.056372852345993, "x1": 21.056715837247012, "x10": 25.529431039362944, "x11": 5.344125859790733, "x12": 8.494291422163815, "x13": 25.45163167933593, "x14": 7.668129167511148, "x15": 9.842947955918072, "x16": 25.495618398398186, "x2": 8.773869295574222, "x3": 6.8517284428066025, "x4": 7.16207085829188, "x5": 5.858893004096541, "x6": 5.938507019792389, "x7": 9.185671886690894, "x8": 4.295669530556859, "x9": 7.041078463049365}, "datetime": {"datetime": "2023-11-30 10:31:32", "elapsed": 1309.412918, "delta": 2.862482}}
{"target": 0.0, "params": {"x0": 15.454776042613737, "x1": 7.809930153119758, "x10": 29.408964433702916, "x11": 5.848246790530625, "x12": 10.288131776610275, "x13": 25.41614514894014, "x14": 6.345506648711077, "x15": 16.046882360572887, "x16": 44.30922636153814, "x2": 5.871482342737178, "x3": 8.089068179137962, "x4": 7.350635910017193, "x5": 5.1492690022716605, "x6": 5.585866035811929, "x7": 7.711394150546138, "x8": 3.680787381811153, "x9": 7.556102447608319}, "datetime": {"datetime": "2023-11-30 10:31:47", "elapsed": 1323.997816, "delta": 14.584898}}
{"target": 0.0, "params": {"x0": 4.427715711857527, "x1": 24.873608985070657, "x10": 25.48134076293156, "x11": 6.12426077900834, "x12": 9.203489199347821, "x13": 25.36636534536455, "x14": 6.675609488086856, "x15": 15.947775024479245, "x16": 23.643330868108784, "x2": 8.296643016096873, "x3": 8.38955268055071, "x4": 7.17963751619027, "x5": 5.561938479648604, "x6": 8.3101562395961, "x7": 4.574995468578858, "x8": 3.9804673961591943, "x9": 13.600808164498684}, "datetime": {"datetime": "2023-11-30 10:32:56", "elapsed": 1392.953226, "delta": 68.95541}}
{"target": 0.0, "params": {"x0": 10.82550999340815, "x1": 25.14806155185, "x10": 25.524963880912672, "x11": 5.64850771787655, "x12": 13.307697018238647, "x13": 20.55178373723838, "x14": 4.484536222500367, "x15": 17.095700133314537, "x16": 33.541016664912036, "x2": 5.066490973355605, "x3": 6.718757847488304, "x4": 4.596833869471874, "x5": 5.602570316237738, "x6": 8.493400162480079, "x7": 4.600451537361827, "x8": 3.896409634613395, "x9": 6.710051214421741}, "datetime": {"datetime": "2023-11-30 10:33:10", "elapsed": 1407.383815, "delta": 14.430589}}
{"target": 0.0, "params": {"x0": 16.96227489092494, "x1": 17.881997370736084, "x10": 20.067762187627665, "x11": 6.007447064212129, "x12": 10.444738399892726, "x13": 22.895727564330226, "x14": 6.624454969180087, "x15": 12.126034675155417, "x16": 30.033999153835065, "x2": 6.335170707431265, "x3": 5.10861657307045, "x4": 7.437954838484142, "x5": 8.243468201591435, "x6": 4.782686600449526, "x7": 9.709931926964472, "x8": 5.413961621165888, "x9": 12.743966094683575}, "datetime": {"datetime": "2023-11-30 10:33:13", "elapsed": 1410.233772, "delta": 2.849957}}
{"target": 0.0, "params": {"x0": 13.274606061219357, "x1": 4.529621995414381, "x10": 23.36912485913105, "x11": 4.376678824081748, "x12": 11.716073220825976, "x13": 22.79133338954566, "x14": 7.1604137100814595, "x15": 16.664593806943074, "x16": 40.20927698671132, "x2": 7.614351846468759, "x3": 4.672872178549708, "x4": 8.350956723663817, "x5": 8.697412140649403, "x6": 9.09325346703351, "x7": 5.781519594194676, "x8": 3.4689852567833084, "x9": 9.552704717918655}, "datetime": {"datetime": "2023-11-30 10:33:29", "elapsed": 1425.655682, "delta": 15.42191}}
{"target": 0.0, "params": {"x0": 6.808469809927403, "x1": 24.091686311549655, "x10": 25.68017713672741, "x11": 5.437349913128992, "x12": 9.83384588553008, "x13": 16.66795273224803, "x14": 4.448083153464873, "x15": 13.313859566262355, "x16": 27.140267439812373, "x2": 8.66146686286682, "x3": 6.764503071271368, "x4": 7.978218441716685, "x5": 7.15263387382929, "x6": 4.866739668834498, "x7": 5.788493648263915, "x8": 4.430430061760688, "x9": 8.072590630380418}, "datetime": {"datetime": "2023-11-30 10:33:43", "elapsed": 1440.557139, "delta": 14.901457}}
{"target": 6.14907825316985, "params": {"x0": 2.3821435366823045, "x1": 21.80197877361366, "x10": 27.63292552879949, "x11": 3.9876739089229294, "x12": 13.030988937653023, "x13": 22.43555366890789, "x14": 7.898577387117596, "x15": 16.39739540490558, "x16": 37.19422050191258, "x2": 5.449768388021772, "x3": 6.4377462980502775, "x4": 9.043159927454825, "x5": 6.161007903250031, "x6": 8.921498255454257, "x7": 9.377794813789492, "x8": 3.985827492313743, "x9": 11.797585573015308}, "datetime": {"datetime": "2023-11-30 10:37:47", "elapsed": 1684.298468, "delta": 243.741329}}
{"target": 0.0, "params": {"x0": 15.488314243489532, "x1": 4.413537054770869, "x10": 30.32687239469755, "x11": 3.516768347413161, "x12": 13.079233241563863, "x13": 26.619692637170267, "x14": 5.503524448817508, "x15": 10.90024327116372, "x16": 38.60512360858608, "x2": 8.801542066442362, "x3": 7.8004617851498175, "x4": 7.664281113136807, "x5": 9.631174443975876, "x6": 7.465801798252487, "x7": 5.590053076604114, "x8": 4.321533590397092, "x9": 9.134805285613796}, "datetime": {"datetime": "2023-11-30 10:38:24", "elapsed": 1720.656979, "delta": 36.358511}}
{"target": 6.414985405908202, "params": {"x0": 16.879175178609216, "x1": 12.514290796719242, "x10": 32.32734193586846, "x11": 4.623453063674832, "x12": 7.870289712777027, "x13": 16.232028213481193, "x14": 5.623043047302451, "x15": 10.596337057502001, "x16": 38.58299369846374, "x2": 6.5541048008783385, "x3": 8.58864867883365, "x4": 9.227170130524186, "x5": 5.331129580146348, "x6": 6.4554901199406265, "x7": 6.995296700007593, "x8": 4.765665479283491, "x9": 12.545602985161871}, "datetime": {"datetime": "2023-11-30 10:42:45", "elapsed": 1981.784418, "delta": 261.127439}}
{"target": 0.0, "params": {"x0": 9.307908636101356, "x1": 13.571828483472407, "x10": 19.517712023552786, "x11": 5.946224235734357, "x12": 6.716936743571118, "x13": 29.319459548917383, "x14": 4.786082349984591, "x15": 16.70928894814509, "x16": 31.330280129226797, "x2": 9.456421412496573, "x3": 4.541363667493195, "x4": 5.3816120437573005, "x5": 9.274949509274744, "x6": 7.43204470967062, "x7": 6.183664737461978, "x8": 2.8753793423575975, "x9": 8.295607970864475}, "datetime": {"datetime": "2023-11-30 10:42:47", "elapsed": 1984.549793, "delta": 2.765375}}
{"target": 0.0, "params": {"x0": 4.181054512568536, "x1": 7.811339728244411, "x10": 30.637772214308285, "x11": 5.818969670033074, "x12": 11.929945370188543, "x13": 23.17280656155392, "x14": 7.725741591535057, "x15": 14.644630432154509, "x16": 31.545265243385824, "x2": 5.8376240723012485, "x3": 8.280141672715889, "x4": 6.4146042334475935, "x5": 7.162069293642075, "x6": 5.727989369988706, "x7": 9.251101612369201, "x8": 4.16608420864376, "x9": 8.833632956162262}, "datetime": {"datetime": "2023-11-30 10:43:28", "elapsed": 2025.316758, "delta": 40.766965}}
{"target": 0.0, "params": {"x0": 12.763924432921316, "x1": 7.4771404883833785, "x10": 16.996687708031192, "x11": 5.697165316301275, "x12": 12.26706344504181, "x13": 25.276879512582553, "x14": 5.036581341248307, "x15": 16.02977041647615, "x16": 38.682617271557746, "x2": 6.106809720501844, "x3": 4.283635317380882, "x4": 8.971189935383212, "x5": 6.986649463163649, "x6": 8.366860679584107, "x7": 5.888718572382917, "x8": 4.868376907843508, "x9": 9.842534469857767}, "datetime": {"datetime": "2023-11-30 10:43:31", "elapsed": 2028.100299, "delta": 2.783541}}
{"target": 0.0, "params": {"x0": 7.731509638237093, "x1": 5.770576010328146, "x10": 19.206841166051273, "x11": 3.140530237534551, "x12": 8.874256361651575, "x13": 27.927230170939303, "x14": 6.749394378896744, "x15": 16.564212092071134, "x16": 22.32438007279469, "x2": 7.9239927162618375, "x3": 6.31482837931094, "x4": 5.606105773508048, "x5": 5.467848599855682, "x6": 5.368211761553298, "x7": 9.034217307040125, "x8": 6.188450985031079, "x9": 13.57107847955737}, "datetime": {"datetime": "2023-11-30 10:43:34", "elapsed": 2030.892309, "delta": 2.79201}}
{"target": 0.0, "params": {"x0": 7.2105413055921925, "x1": 23.153973819790274, "x10": 24.5043768477505, "x11": 5.627803226312755, "x12": 10.264883036911023, "x13": 25.26690022996753, "x14": 7.542216196264671, "x15": 10.34431071131691, "x16": 36.05094900015159, "x2": 6.305793735748809, "x3": 6.786278505184283, "x4": 9.376597030999662, "x5": 6.6289606509438155, "x6": 6.445600129337573, "x7": 8.748513901845383, "x8": 5.049552549873862, "x9": 9.574116582796847}, "datetime": {"datetime": "2023-11-30 10:43:49", "elapsed": 2045.620066, "delta": 14.727757}}
{"target": 0.0, "params": {"x0": 12.334325723453771, "x1": 13.146442800846481, "x10": 17.31084526186213, "x11": 4.39345064580725, "x12": 9.116916942692251, "x13": 18.74582612533031, "x14": 8.179756256972206, "x15": 16.75149405163424, "x16": 37.65604253846215, "x2": 8.277685705597166, "x3": 6.495669089978461, "x4": 8.038761316169023, "x5": 9.494022716963176, "x6": 8.87835447753705, "x7": 5.428130216794745, "x8": 3.7607363223287207, "x9": 7.0962827945162585}, "datetime": {"datetime": "2023-11-30 10:44:03", "elapsed": 2060.345541, "delta": 14.725475}}
