{"target": 8.04867840700557, "params": {"x0": 7.328157367922345, "x1": 28.535068360867044, "x10": 27.172467172220326, "x11": 3.9296680061060068, "x12": 13.873130365211486, "x13": 25.755241937532777, "x14": 3.9454518585854212, "x15": 17.94657200705195, "x16": 33.54977859570646, "x2": 5.787355155616511, "x3": 5.024209504269025, "x4": 9.520643841937519, "x5": 5.497850760589678, "x6": 8.946783672836197, "x7": 6.401087247463944, "x8": 5.000034264108501, "x9": 11.514720431902777}, "datetime": {"datetime": "2023-11-30 16:38:40", "elapsed": 23336.910977, "delta": 11.632601}}
{"target": 0.0, "params": {"x0": 7.328955248049729, "x1": 28.534827737068984, "x10": 27.17200402153231, "x11": 3.9296909259896893, "x12": 13.872926576803229, "x13": 25.75397886850675, "x14": 3.9455561404944355, "x15": 17.945939352326853, "x16": 33.54994495204812, "x2": 5.787149952866711, "x3": 5.024250367001359, "x4": 9.5206333679812, "x5": 5.498050715402266, "x6": 8.946868006323216, "x7": 6.401047025631959, "x8": 4.999932791180008, "x9": 11.514881116144528}, "datetime": {"datetime": "2023-11-30 16:39:20", "elapsed": 23377.53674, "delta": 40.625763}}
{"target": 8.04867840700557, "params": {"x0": 7.328152853583276, "x1": 28.534808596813832, "x10": 27.17248032608672, "x11": 3.9297070773686116, "x12": 13.872815794600617, "x13": 25.754049743282852, "x14": 3.9454527460956403, "x15": 17.946442344772358, "x16": 33.549973881733806, "x2": 5.787273041278286, "x3": 5.024327995130088, "x4": 9.52072179450789, "x5": 5.49785057269801, "x6": 8.946882604043088, "x7": 6.400846910263268, "x8": 5.000050389109686, "x9": 11.514810614674087}, "datetime": {"datetime": "2023-11-30 16:39:32", "elapsed": 23388.87198, "delta": 11.33524}}
{"target": 0.0, "params": {"x0": 7.328382004626451, "x1": 28.53513205547876, "x10": 27.17212025671906, "x11": 3.9296700029608385, "x12": 13.87276739538573, "x13": 25.755303376006434, "x14": 3.945454627883521, "x15": 17.94616586804691, "x16": 33.54951180528246, "x2": 5.787294664620309, "x3": 5.024322905888642, "x4": 9.520664387661224, "x5": 5.497879967039917, "x6": 8.946923420997887, "x7": 6.4008513220352645, "x8": 4.999988349659323, "x9": 11.514665071080586}, "datetime": {"datetime": "2023-11-30 16:40:12", "elapsed": 23429.122229, "delta": 40.250249}}
{"target": 8.04867840700557, "params": {"x0": 7.328308768290155, "x1": 28.53528836758867, "x10": 27.17253225038509, "x11": 3.9297135665443514, "x12": 13.873132883929715, "x13": 25.754524135186852, "x14": 3.9454790902831363, "x15": 17.94666175331565, "x16": 33.54992816464509, "x2": 5.787276462342104, "x3": 5.024327342308155, "x4": 9.520705900529958, "x5": 5.497912782614746, "x6": 8.94683327113599, "x7": 6.4010276990856525, "x8": 5.000073106248324, "x9": 11.514656599606472}, "datetime": {"datetime": "2023-11-30 16:40:23", "elapsed": 23440.452976, "delta": 11.330747}}
{"target": 8.04867840700557, "params": {"x0": 7.328440693424691, "x1": 28.53533225721272, "x10": 27.172185523053475, "x11": 3.929776844580869, "x12": 13.87295529516552, "x13": 25.754666998538028, "x14": 3.9455578415474033, "x15": 17.94634055143273, "x16": 33.549529491710366, "x2": 5.787224685256453, "x3": 5.024363780002356, "x4": 9.520715242108944, "x5": 5.4979843202268155, "x6": 8.946879859567312, "x7": 6.4009650929047535, "x8": 5.000004942294734, "x9": 11.514704631684577}, "datetime": {"datetime": "2023-11-30 16:40:35", "elapsed": 23451.970545, "delta": 11.517569}}
{"target": 8.04867840700557, "params": {"x0": 7.328144220690462, "x1": 28.53498720738408, "x10": 27.172449644182638, "x11": 3.929847069030507, "x12": 13.872836806638045, "x13": 25.754582455991475, "x14": 3.945448596259196, "x15": 17.946602308188737, "x16": 33.54961853808873, "x2": 5.787147137651042, "x3": 5.024280018760722, "x4": 9.520636853625629, "x5": 5.498067915151032, "x6": 8.946817986381342, "x7": 6.4010643326641254, "x8": 5.000059886274599, "x9": 11.51482567582916}, "datetime": {"datetime": "2023-11-30 16:40:47", "elapsed": 23464.084021, "delta": 12.113476}}
{"target": 8.04867840700557, "params": {"x0": 7.328174808374345, "x1": 28.53527440927321, "x10": 27.17196171280633, "x11": 3.929839525003442, "x12": 13.873032359970644, "x13": 25.754502041856586, "x14": 3.9454599235620744, "x15": 17.946576965792527, "x16": 33.54989853334077, "x2": 5.787155303738499, "x3": 5.024436741137692, "x4": 9.520785412121452, "x5": 5.497902596825935, "x6": 8.94682458900206, "x7": 6.401053760363768, "x8": 5.000054250391063, "x9": 11.514812531410415}, "datetime": {"datetime": "2023-11-30 16:41:00", "elapsed": 23476.729517, "delta": 12.645496}}
{"target": 8.04867840700557, "params": {"x0": 7.328697857768753, "x1": 28.535643194364805, "x10": 27.172386955608488, "x11": 3.929832735379083, "x12": 13.87309748793808, "x13": 25.75493722459795, "x14": 3.945470118134665, "x15": 17.94655415763594, "x16": 33.54986216759106, "x2": 5.78716265321721, "x3": 5.024429317446152, "x4": 9.520778375140072, "x5": 5.498051383318523, "x6": 8.946830531360707, "x7": 6.401044245293445, "x8": 5.000049178095881, "x9": 11.514800701433545}, "datetime": {"datetime": "2023-11-30 16:41:12", "elapsed": 23488.74752, "delta": 12.018003}}
{"target": 8.04867840700557, "params": {"x0": 7.328673081744808, "x1": 28.535085424219318, "x10": 27.172393995943047, "x11": 3.92982662471716, "x12": 13.873083652153069, "x13": 25.754762395639055, "x14": 3.945644445325961, "x15": 17.94653363029501, "x16": 33.54982943841631, "x2": 5.78716926774805, "x3": 5.024422636123765, "x4": 9.520772041856828, "x5": 5.497917475475194, "x6": 8.946835879483489, "x7": 6.401035681730155, "x8": 5.000044613030218, "x9": 11.514790054454362}, "datetime": {"datetime": "2023-11-30 16:41:24", "elapsed": 23501.281053, "delta": 12.533533}}
{"target": 8.04867840700557, "params": {"x0": 7.328650783323257, "x1": 28.535587417350254, "x10": 27.172377634701245, "x11": 3.9298211251214292, "x12": 13.873071199946558, "x13": 25.75431466303568, "x14": 3.9454875508537945, "x15": 17.946515155688175, "x16": 33.549269769528145, "x2": 5.787175220825805, "x3": 5.024416622933616, "x4": 9.52076634190191, "x5": 5.49803799253419, "x6": 8.946840692793993, "x7": 6.401027974523194, "x8": 5.000040504471119, "x9": 11.514780472173097}, "datetime": {"datetime": "2023-11-30 16:41:36", "elapsed": 23513.191402, "delta": 11.910349}}
{"target": 8.04867840700557, "params": {"x0": 7.3282694803147335, "x1": 28.535563638728263, "x10": 27.172360098144775, "x11": 3.929816175485272, "x12": 13.873059992960698, "x13": 25.754863687192096, "x14": 3.945628755878744, "x15": 17.94649852854202, "x16": 33.54929628015969, "x2": 5.787180578595786, "x3": 5.024411211062484, "x4": 9.5206688726728, "x5": 5.498032283831395, "x6": 8.946845024773447, "x7": 6.401021038036929, "x8": 5.000036806767932, "x9": 11.51477184811996}, "datetime": {"datetime": "2023-11-30 16:41:48", "elapsed": 23525.037466, "delta": 11.846064}}
{"target": 8.04867840700557, "params": {"x0": 7.32828754203619, "x1": 28.535157024292204, "x10": 27.17206022302911, "x11": 3.92981172081273, "x12": 13.873049906673424, "x13": 25.75437611952333, "x14": 3.945622067219668, "x15": 17.946483564110483, "x16": 33.54932013972808, "x2": 5.78727219646245, "x3": 5.024406340378464, "x4": 9.520673489636284, "x5": 5.49802714599888, "x6": 8.946848923554956, "x7": 6.40101479519929, "x8": 5.000033478835063, "x9": 11.514624376811295}, "datetime": {"datetime": "2023-11-30 16:42:00", "elapsed": 23536.991794, "delta": 11.954328}}
{"target": 8.04867840700557, "params": {"x0": 7.328596397473094, "x1": 28.535522977284657, "x10": 27.172074427639853, "x11": 3.929807711607442, "x12": 13.873040829014878, "x13": 25.75473130745956, "x14": 3.945507691149458, "x15": 17.9464700961221, "x16": 33.54934161333963, "x2": 5.787189740382452, "x3": 5.0243230516817246, "x4": 9.520677644903419, "x5": 5.497939289062872, "x6": 8.946852432458313, "x7": 6.401009176645416, "x8": 5.000030483695481, "x9": 11.514757100989092}, "datetime": {"datetime": "2023-11-30 16:42:12", "elapsed": 23549.074144, "delta": 12.08235}}
{"target": 0.0, "params": {"x0": 7.32831842757988, "x1": 28.535505642669225, "x10": 27.17208721178952, "x11": 3.929804103322683, "x12": 13.872885601053737, "x13": 25.754425899278324, "x14": 3.9456106296126467, "x15": 17.946457974932553, "x16": 33.549701721907134, "x2": 5.787193646196768, "x3": 5.02439801150879, "x4": 9.520681384643842, "x5": 5.498018360305279, "x6": 8.946912434705725, "x7": 6.401004119946928, "x8": 4.999979266808627, "x9": 11.514750814054354}, "datetime": {"datetime": "2023-11-30 16:42:53", "elapsed": 23590.363473, "delta": 41.289329}}
{"target": 8.04867840700557, "params": {"x0": 7.328568600483772, "x1": 28.535209220745337, "x10": 27.17230582074884, "x11": 3.9297424016533062, "x12": 13.873025306218764, "x13": 25.754669174836234, "x14": 3.945517984995777, "x15": 17.946447065861964, "x16": 33.54937833321538, "x2": 5.787260435621566, "x3": 5.024330547664431, "x4": 9.52074533420506, "x5": 5.497947196187113, "x6": 8.946858432683054, "x7": 6.40099956891829, "x8": 5.000025362006795, "x9": 11.514643307470338}, "datetime": {"datetime": "2023-11-30 16:43:06", "elapsed": 23602.935443, "delta": 12.57197}}
{"target": 8.04867840700557, "params": {"x0": 7.328343444870269, "x1": 28.535223261783838, "x10": 27.17229546558761, "x11": 3.9297979331557458, "x12": 13.873018688605683, "x13": 25.754810015587793, "x14": 3.945522373424997, "x15": 17.94643724769843, "x16": 33.54967576420898, "x2": 5.787200325139247, "x3": 5.024333743320216, "x4": 9.520742305015318, "x5": 5.497950567119026, "x6": 8.946860990673601, "x7": 6.4009217463285735, "x8": 5.00002317855004, "x9": 11.514648399887475}, "datetime": {"datetime": "2023-11-30 16:43:19", "elapsed": 23615.781962, "delta": 12.846519}}
{"target": 8.04867840700557, "params": {"x0": 7.328354110136172, "x1": 28.535235898718486, "x10": 27.1722861459425, "x11": 3.9297953027161565, "x12": 13.873012732753912, "x13": 25.75448341061527, "x14": 3.9455263230112956, "x15": 17.946269357102036, "x16": 33.54940807631474, "x2": 5.787203172477884, "x3": 5.024388389034147, "x4": 9.52073957874455, "x5": 5.497953600957747, "x6": 8.946863292865094, "x7": 6.40092543266177, "x8": 5.00002121343896, "x9": 11.51473548022053}, "datetime": {"datetime": "2023-11-30 16:43:31", "elapsed": 23628.334401, "delta": 12.552439}}
{"target": 8.04867840700557, "params": {"x0": 7.3285364861831095, "x1": 28.535451990301002, "x10": 27.172277758261902, "x11": 3.929792935320526, "x12": 13.873007372487317, "x13": 25.75477735509054, "x14": 3.945529877638964, "x15": 17.946277309814498, "x16": 33.54942075626763, "x2": 5.787251861968562, "x3": 5.0243858005529605, "x4": 9.52073712510086, "x5": 5.498005479599891, "x6": 8.946865364837437, "x7": 6.400988468959441, "x8": 5.000019444838989, "x9": 11.514657107920781}, "datetime": {"datetime": "2023-11-30 16:43:43", "elapsed": 23640.557831, "delta": 12.22343}}
{"target": 8.04867840700557, "params": {"x0": 7.328527847317728, "x1": 28.53525750787674, "x10": 27.172270209349367, "x11": 3.9297908046644587, "x12": 13.873002548247381, "x13": 25.754512805062795, "x14": 3.9455330768038652, "x15": 17.946413301197577, "x16": 33.54963758346196, "x2": 5.787208041426951, "x3": 5.024383470919894, "x4": 9.520695167793743, "x5": 5.497958788821962, "x6": 8.946867229612547, "x7": 6.400985483029552, "x8": 5.000017853099014, "x9": 11.514727642990554}, "datetime": {"datetime": "2023-11-30 16:43:56", "elapsed": 23652.769102, "delta": 12.211271}}
{"target": 8.04867840700557, "params": {"x0": 7.328380122719708, "x1": 28.535384358198545, "x10": 27.172263415328082, "x11": 3.9297543704457083, "x12": 13.87299820643144, "x13": 25.754706720709095, "x14": 3.9455359560522765, "x15": 17.946406859500485, "x16": 33.54944243898706, "x2": 5.7872474799144005, "x3": 5.024381374250132, "x4": 9.520732929370148, "x5": 5.49796100049039, "x6": 8.946868907910146, "x7": 6.40098279569265, "x8": 5.000016420533036, "x9": 11.51472430185567}, "datetime": {"datetime": "2023-11-30 16:44:09", "elapsed": 23665.854089, "delta": 13.084987}}
{"target": 8.04867840700557, "params": {"x0": 7.328513074857926, "x1": 28.535275011294924, "x10": 27.172257300708928, "x11": 3.929787161242584, "x12": 13.87299429879709, "x13": 25.75468352238403, "x14": 3.9455851912001103, "x15": 17.9464010619731, "x16": 33.54945168267271, "x2": 5.787211985275697, "x3": 5.024379487247348, "x4": 9.520698943951384, "x5": 5.497998820020513, "x6": 8.946870418377983, "x7": 6.400936842231649, "x8": 5.000015131223657, "x9": 11.514721294834274}, "datetime": {"datetime": "2023-11-30 16:44:21", "elapsed": 23678.546589, "delta": 12.6925}}
{"target": 8.04867840700557, "params": {"x0": 7.328506777125063, "x1": 28.535282473278464, "x10": 27.172152740721373, "x11": 3.9297576495253956, "x12": 13.872990781926179, "x13": 25.754546764932144, "x14": 3.94554087956706, "x15": 17.946301924254836, "x16": 33.5494600019898, "x2": 5.78724393045053, "x3": 5.024347219499729, "x4": 9.520729530828271, "x5": 5.497964782443403, "x6": 8.94687177779904, "x7": 6.40097820034655, "x8": 5.000013970845216, "x9": 11.51466987476841}, "datetime": {"datetime": "2023-11-30 16:44:34", "elapsed": 23690.901079, "delta": 12.35449}}
{"target": 8.04867840700557, "params": {"x0": 7.328501109165487, "x1": 28.535410073197024, "x10": 27.172246844710173, "x11": 3.9297590474488415, "x12": 13.872987616742357, "x13": 25.75472033620535, "x14": 3.945542978539152, "x15": 17.946306620252017, "x16": 33.549602262312, "x2": 5.787242417258038, "x3": 5.024348747971985, "x4": 9.520728081976209, "x5": 5.497966394749687, "x6": 8.946873001277988, "x7": 6.400940978043139, "x8": 5.000012926504619, "x9": 11.514716152827688}, "datetime": {"datetime": "2023-11-30 16:44:46", "elapsed": 23702.645563, "delta": 11.744484}}
{"target": 8.04867840700557, "params": {"x0": 7.328496008001867, "x1": 28.535295233270322, "x10": 27.172162151120254, "x11": 3.9297603055799426, "x12": 13.872984768076916, "x13": 25.754712114408196, "x14": 3.9455448676140343, "x15": 17.94638692180381, "x16": 33.54959552366516, "x2": 5.787241055384795, "x3": 5.024374884847556, "x4": 9.520726778009353, "x5": 5.497993965187146, "x6": 8.946874102409042, "x7": 6.400942741204879, "x8": 5.00001198659808, "x9": 11.514674502574337}, "datetime": {"datetime": "2023-11-30 16:44:57", "elapsed": 23714.14852, "delta": 11.502957}}
{"target": 8.04867840700557, "params": {"x0": 7.3284087781039835, "x1": 28.535300673056323, "x10": 27.17223837535118, "x11": 3.9297614378979335, "x12": 13.872982204278022, "x13": 25.754630997905398, "x14": 3.9455465677814288, "x15": 17.946314650407196, "x16": 33.549589458883005, "x2": 5.787239829698876, "x3": 5.024351361659542, "x4": 9.52072560443918, "x5": 5.497992659219056, "x6": 8.946875093426991, "x7": 6.4009728912706425, "x8": 5.000011140682197, "x9": 11.514676475481075}, "datetime": {"datetime": "2023-11-30 16:45:09", "elapsed": 23726.268385, "delta": 12.119865}}
{"target": 0.0, "params": {"x0": 7.328487285012079, "x1": 28.535305568863723, "x10": 27.172234764729716, "x11": 3.9297808005355805, "x12": 13.872938363316907, "x13": 25.75469805513507, "x14": 3.945548097932084, "x15": 17.94637969466415, "x16": 33.54953654910245, "x2": 5.78723872658155, "x3": 5.0243524759158165, "x4": 9.520705536389254, "x5": 5.497970327164714, "x6": 8.946875985343144, "x7": 6.4009714631096335, "x8": 4.999996675520583, "x9": 11.51467825109714}, "datetime": {"datetime": "2023-11-30 16:45:51", "elapsed": 23768.063154, "delta": 41.794769}}
{"target": 8.04867840700557, "params": {"x0": 7.328416628794793, "x1": 28.53538928717029, "x10": 27.172173023102665, "x11": 3.9297633741616984, "x12": 13.87297782018191, "x13": 25.754584175022718, "x14": 3.9455494750676734, "x15": 17.94632115483289, "x16": 33.549490663581665, "x2": 5.787219863275262, "x3": 5.024371529698107, "x4": 9.520723597634188, "x5": 5.497990426013621, "x6": 8.946876788067684, "x7": 6.400947041556365, "x8": 5.000009694166035, "x9": 11.514708614131832}, "datetime": {"datetime": "2023-11-30 16:46:04", "elapsed": 23781.196203, "delta": 13.133049}}
{"target": 8.04867840700557, "params": {"x0": 7.32848021939035, "x1": 28.53531394069438, "x10": 27.17217594770605, "x11": 3.929764199621514, "x12": 13.872975951172515, "x13": 25.754589569343832, "x14": 3.9455730240862534, "x15": 17.946323927772266, "x16": 33.54957466687932, "x2": 5.787220756800297, "x3": 5.0243706271505255, "x4": 9.520722742101533, "x5": 5.497989473962884, "x6": 8.946877510519768, "x7": 6.400948198366782, "x8": 5.000009077493356, "x9": 11.51470717588282}, "datetime": {"datetime": "2023-11-30 16:46:17", "elapsed": 23793.69481, "delta": 12.498607}}
{"target": 8.04867840700557, "params": {"x0": 7.328422987854348, "x1": 28.5353817525227, "x10": 27.1721785798491, "x11": 3.929764942535348, "x12": 13.87297426906406, "x13": 25.754681812234832, "x14": 3.945571908606426, "x15": 17.946326423417705, "x16": 33.54957068777575, "x2": 5.787221560972828, "x3": 5.024369814857701, "x4": 9.520721972122145, "x5": 5.49798861711722, "x6": 8.946889864450416, "x7": 6.400949239496159, "x8": 5.000008522487945, "x9": 11.51470588145871}, "datetime": {"datetime": "2023-11-30 16:46:29", "elapsed": 23806.339241, "delta": 12.644431}}
{"target": 8.04867840700557, "params": {"x0": 7.328425698821843, "x1": 28.535320721877213, "x10": 27.172180948777843, "x11": 3.9297656111577983, "x12": 13.87297275516645, "x13": 25.75459879363293, "x14": 3.945570904674581, "x15": 17.94636909895469, "x16": 33.549502645104646, "x2": 5.787235312323112, "x3": 5.024369083794159, "x4": 9.520721279140695, "x5": 5.497987845956122, "x6": 8.946878745912834, "x7": 6.400950176512597, "x8": 5.000008022983074, "x9": 11.51470471647701}, "datetime": {"datetime": "2023-11-30 16:46:42", "elapsed": 23818.809973, "delta": 12.470732}}
{"target": 8.04867840700557, "params": {"x0": 7.328472056366005, "x1": 28.53537564945815, "x10": 27.17218308081371, "x11": 3.929766212918004, "x12": 13.8729713926586, "x13": 25.754673510374644, "x14": 3.9455700011359207, "x15": 17.9463306909714, "x16": 33.54950586817854, "x2": 5.787234660943361, "x3": 5.024368425836972, "x4": 9.520720655457389, "x5": 5.4979871519111345, "x6": 8.946879272580402, "x7": 6.400951019827392, "x8": 5.000007573428691, "x9": 11.51470366799348}, "datetime": {"datetime": "2023-11-30 16:46:54", "elapsed": 23831.2298, "delta": 12.419827}}
{"target": 8.04867840700557, "params": {"x0": 7.328430334576259, "x1": 28.535326214635305, "x10": 27.17221953862707, "x11": 3.929776503017518, "x12": 13.872970166401537, "x13": 25.754606265307103, "x14": 3.9455545506248306, "x15": 17.946332510296926, "x16": 33.549508768945046, "x2": 5.787223522349632, "x3": 5.0243678336755035, "x4": 9.520720094142414, "x5": 5.497975283741843, "x6": 8.946879746581216, "x7": 6.4009517788107075, "x8": 5.000007168829746, "x9": 11.514702724358303}, "datetime": {"datetime": "2023-11-30 16:47:06", "elapsed": 23843.557261, "delta": 12.327461}}
{"target": 8.04867840700557, "params": {"x0": 7.328432310871563, "x1": 28.535370705975865, "x10": 27.172186726595047, "x11": 3.9297760155917514, "x12": 13.87296906277018, "x13": 25.754609450599773, "x14": 3.9455552824911453, "x15": 17.94636362076339, "x16": 33.54955837205228, "x2": 5.78722404996723, "x3": 5.024367300730182, "x4": 9.520719588958936, "x5": 5.497985965094205, "x6": 8.946880173181947, "x7": 6.400964757425398, "x8": 5.000006804690696, "x9": 11.514701875086645}, "datetime": {"datetime": "2023-11-30 16:47:23", "elapsed": 23859.872663, "delta": 16.315402}}
{"target": 8.04867840700557, "params": {"x0": 7.328466105521257, "x1": 28.535368598491313, "x10": 27.172188280849195, "x11": 3.9297676806111452, "x12": 13.872968069501958, "x13": 25.75461231736318, "x14": 3.9455559411708285, "x15": 17.94633562134357, "x16": 33.54951372925577, "x2": 5.78723307222815, "x3": 5.024358187365179, "x4": 9.520719134293808, "x5": 5.49798545913541, "x6": 8.946887468054456, "x7": 6.400964142648912, "x8": 5.000006476965551, "x9": 11.514701110742152}, "datetime": {"datetime": "2023-11-30 16:47:39", "elapsed": 23875.909458, "delta": 16.036795}}
{"target": 8.04867840700557, "params": {"x0": 7.328435690336533, "x1": 28.53533256050546, "x10": 27.172189679677928, "x11": 3.929768075426016, "x12": 13.872967175560559, "x13": 25.754625536890764, "x14": 3.945556533982544, "x15": 17.94633694763188, "x16": 33.549553907772626, "x2": 5.787232644857896, "x3": 5.024358619050889, "x4": 9.520711359520092, "x5": 5.497985003772492, "x6": 8.946887122507862, "x7": 6.4009536299710135, "x8": 5.000006182012919, "x9": 11.51468804045132}, "datetime": {"datetime": "2023-11-30 16:47:52", "elapsed": 23888.830026, "delta": 12.920568}}
