{"target": 0.0, "params": {"x0": 4.914349731292801, "x1": 25.77155870710036, "x10": 18.10628297162555, "x11": 5.0292199684042895, "x12": 12.2416215357126, "x13": 24.78869330571125, "x14": 6.813031971939152, "x15": 10.547925240519161, "x16": 30.105373228050198, "x2": 7.450464233449738, "x3": 5.812651845425618, "x4": 7.849240701821907, "x5": 9.075214347517303, "x6": 5.395350422637111, "x7": 9.348636950237145, "x8": 4.165788589694681, "x9": 13.79700572923726}, "datetime": {"datetime": "2023-11-30 11:24:35", "elapsed": 4492.056385, "delta": 3.017197}}
{"target": 0.0, "params": {"x0": 11.260734695374477, "x1": 23.41654086248094, "x10": 23.949022124639676, "x11": 4.665094656760781, "x12": 9.064438450052052, "x13": 17.19254093651988, "x14": 5.685255495911158, "x15": 11.591623332094011, "x16": 22.96009895338338, "x2": 5.8339137784948445, "x3": 4.810845557532887, "x4": 8.945247031897477, "x5": 4.968828404634525, "x6": 5.362579203244155, "x7": 8.28707554581759, "x8": 5.97463584665881, "x9": 8.479063455830449}, "datetime": {"datetime": "2023-11-30 11:24:38", "elapsed": 4495.063414, "delta": 3.007029}}
{"target": 0.0, "params": {"x0": 2.3195169719207236, "x1": 27.949418975285653, "x10": 26.88443715989264, "x11": 3.921100201597875, "x12": 10.177590447816094, "x13": 25.430015022619052, "x14": 5.639442263502357, "x15": 18.76090704195017, "x16": 40.96293313154884, "x2": 9.353484849953414, "x3": 5.605667467518363, "x4": 9.264561779578827, "x5": 7.088647859474764, "x6": 7.737231268199082, "x7": 8.46085630693404, "x8": 5.603830042612767, "x9": 9.592379771289721}, "datetime": {"datetime": "2023-11-30 11:24:53", "elapsed": 4510.085888, "delta": 15.022474}}
{"target": 0.0, "params": {"x0": 8.719189677721566, "x1": 24.13956889459917, "x10": 27.503908304506297, "x11": 6.047601572113798, "x12": 14.077436194183214, "x13": 18.061158134495113, "x14": 4.96766746869175, "x15": 17.037902273791605, "x16": 41.51368851767288, "x2": 7.534470090924482, "x3": 8.058971500800686, "x4": 5.7153105937336255, "x5": 6.34478883681331, "x6": 6.972270673193789, "x7": 6.214464330024528, "x8": 4.713329663074984, "x9": 11.793000960490176}, "datetime": {"datetime": "2023-11-30 11:24:56", "elapsed": 4513.133526, "delta": 3.047638}}
{"target": 0.0, "params": {"x0": 5.305503517305422, "x1": 15.309976275558924, "x10": 32.332258988199584, "x11": 3.9666499014547587, "x12": 6.8175836542009165, "x13": 29.253366225386323, "x14": 6.235220463552526, "x15": 9.828492186322531, "x16": 45.22489451992098, "x2": 6.505384488298253, "x3": 8.30127157513853, "x4": 6.492764940286909, "x5": 4.945362413279499, "x6": 5.680659926541562, "x7": 6.402187974407976, "x8": 5.406057549723471, "x9": 7.966154644152702}, "datetime": {"datetime": "2023-11-30 11:24:59", "elapsed": 4516.349627, "delta": 3.216101}}
{"target": 0.0, "params": {"x0": 8.464604805888115, "x1": 25.62832816710477, "x10": 24.281852188419712, "x11": 3.2208852863212165, "x12": 6.7342435939682455, "x13": 27.29796930023388, "x14": 8.425328015382481, "x15": 17.789917507449346, "x16": 41.96403926300622, "x2": 7.908818131212143, "x3": 7.677633635412377, "x4": 4.617292129784294, "x5": 5.946223733787398, "x6": 8.012159236332641, "x7": 9.15531382015006, "x8": 5.149193428258691, "x9": 7.901016637613413}, "datetime": {"datetime": "2023-11-30 11:25:02", "elapsed": 4519.451509, "delta": 3.101882}}
{"target": 0.0, "params": {"x0": 16.044626899185396, "x1": 26.429873422948685, "x10": 16.44423077769575, "x11": 3.524059326790559, "x12": 8.661549135152097, "x13": 27.869503138821123, "x14": 7.874123555503185, "x15": 15.54141134503083, "x16": 27.290816674883455, "x2": 6.560165617878658, "x3": 4.611699591631267, "x4": 9.162112247926638, "x5": 8.609420850507004, "x6": 7.052907659115482, "x7": 6.952647830014225, "x8": 3.202958309169291, "x9": 8.995867344450698}, "datetime": {"datetime": "2023-11-30 11:25:17", "elapsed": 4534.561162, "delta": 15.109653}}
{"target": 0.0, "params": {"x0": 3.809491930360947, "x1": 23.210192485436117, "x10": 24.476838308257697, "x11": 3.639724795847312, "x12": 8.269505949903191, "x13": 19.489636641370232, "x14": 5.340279504361263, "x15": 13.469287405542993, "x16": 29.833034107466773, "x2": 7.930099533681719, "x3": 4.132513213200278, "x4": 6.1096114313444865, "x5": 8.506915098587507, "x6": 9.293745362689975, "x7": 8.812959027239433, "x8": 3.6854439615782515, "x9": 8.336493870215929}, "datetime": {"datetime": "2023-11-30 11:25:33", "elapsed": 4549.764386, "delta": 15.203224}}
{"target": 0.0, "params": {"x0": 4.855051920757837, "x1": 25.874434427239006, "x10": 19.09445291075093, "x11": 5.431204695645256, "x12": 8.552806964878073, "x13": 15.504644564039795, "x14": 7.294513073876516, "x15": 17.14894939355971, "x16": 24.416665650681296, "x2": 6.102312516075337, "x3": 8.390278982861224, "x4": 5.254075812655715, "x5": 4.997790934294705, "x6": 7.490048140418223, "x7": 9.496314002563338, "x8": 3.3242215216482873, "x9": 10.490046321034413}, "datetime": {"datetime": "2023-11-30 11:25:48", "elapsed": 4565.047713, "delta": 15.283327}}
{"target": 0.0, "params": {"x0": 12.259988211754365, "x1": 6.970671605541602, "x10": 15.122092688854178, "x11": 5.868197955490783, "x12": 6.81657914754542, "x13": 19.438098190118822, "x14": 6.918171261295949, "x15": 12.361331955337148, "x16": 22.358773277219637, "x2": 7.390840502528609, "x3": 5.403927601596421, "x4": 5.1948428403939975, "x5": 9.710997484911188, "x6": 5.2645563477165735, "x7": 8.410710430411381, "x8": 5.87845971177571, "x9": 13.148017038778193}, "datetime": {"datetime": "2023-11-30 11:25:51", "elapsed": 4568.325153, "delta": 3.27744}}
{"target": 0.0, "params": {"x0": 4.7638560073767025, "x1": 8.699106996266766, "x10": 15.246608035471997, "x11": 6.015734608738524, "x12": 13.366419878847367, "x13": 25.363579221737467, "x14": 4.421997444766946, "x15": 11.141212696766097, "x16": 37.088399167858675, "x2": 5.713583122730751, "x3": 5.3684010865464575, "x4": 5.295714467524835, "x5": 5.546144679219691, "x6": 6.810521579742538, "x7": 7.252608526164307, "x8": 4.599075179684673, "x9": 14.212301372812508}, "datetime": {"datetime": "2023-11-30 11:25:55", "elapsed": 4571.718679, "delta": 3.393526}}
{"target": 0.0, "params": {"x0": 3.943937259052097, "x1": 22.51411903111376, "x10": 28.839732032900702, "x11": 4.846427841291244, "x12": 10.103508772818735, "x13": 30.58700500873281, "x14": 7.7305479123497784, "x15": 9.801392649193627, "x16": 47.11211392293107, "x2": 4.448020639283875, "x3": 6.640942338236537, "x4": 7.375191631682236, "x5": 8.981574854003874, "x6": 6.402829231853445, "x7": 5.021065750276993, "x8": 4.835645521758499, "x9": 6.736729881992584}, "datetime": {"datetime": "2023-11-30 11:25:58", "elapsed": 4574.966167, "delta": 3.247488}}
{"target": 0.0, "params": {"x0": 7.426936413607421, "x1": 28.60942693546959, "x10": 30.154914850621235, "x11": 3.387385005399011, "x12": 12.687554268316594, "x13": 29.14196259561102, "x14": 8.190952188198565, "x15": 11.693891602457738, "x16": 35.063188823350664, "x2": 8.696160393509373, "x3": 7.080110105661597, "x4": 7.486589222727926, "x5": 8.009727173066514, "x6": 5.645512946298887, "x7": 4.672077572218213, "x8": 5.357226489527584, "x9": 9.058271628238986}, "datetime": {"datetime": "2023-11-30 11:26:13", "elapsed": 4589.784205, "delta": 14.818038}}
{"target": 0.0, "params": {"x0": 7.651353303802196, "x1": 18.69558704037814, "x10": 26.445197491657872, "x11": 3.5574620502617194, "x12": 12.896726081878288, "x13": 21.589949913916403, "x14": 6.826393163450205, "x15": 19.760171934990005, "x16": 36.77227825667464, "x2": 6.269159714466278, "x3": 6.854638646946544, "x4": 7.009288351567218, "x5": 6.9462606481603935, "x6": 8.203162406037471, "x7": 9.4617900791153, "x8": 4.490053463732944, "x9": 7.224066338979337}, "datetime": {"datetime": "2023-11-30 11:26:28", "elapsed": 4605.406143, "delta": 15.621938}}
{"target": 0.0, "params": {"x0": 10.544803350261109, "x1": 8.915692746054596, "x10": 15.618524534910108, "x11": 5.532300313298444, "x12": 8.64290586442089, "x13": 28.547211983575757, "x14": 6.16572812324639, "x15": 12.710853897521147, "x16": 30.26087325129162, "x2": 4.627688257246073, "x3": 6.460372039649016, "x4": 8.675997060063217, "x5": 4.982994438116686, "x6": 4.972334095053157, "x7": 7.3558755783511955, "x8": 5.100382522393865, "x9": 11.887324036679658}, "datetime": {"datetime": "2023-11-30 11:26:32", "elapsed": 4608.839464, "delta": 3.433321}}
{"target": 0.0, "params": {"x0": 6.69832542720329, "x1": 3.404888836443497, "x10": 22.1922360187355, "x11": 3.6355634502015923, "x12": 6.5542714838786535, "x13": 26.9457229410605, "x14": 8.300753454760205, "x15": 13.506754328072077, "x16": 29.904429196117036, "x2": 7.27843438932133, "x3": 7.940913315098477, "x4": 8.527931259909343, "x5": 8.184383724125857, "x6": 6.64831473293248, "x7": 8.214632457783784, "x8": 3.6017559452634225, "x9": 8.728827516224653}, "datetime": {"datetime": "2023-11-30 11:26:47", "elapsed": 4623.816725, "delta": 14.977261}}
{"target": 0.0, "params": {"x0": 13.667309163505765, "x1": 27.137471626813085, "x10": 18.256381828102743, "x11": 3.8718359638128836, "x12": 6.5934482603210025, "x13": 22.49024509711261, "x14": 4.886546156262872, "x15": 16.227372241227396, "x16": 40.532319327827175, "x2": 5.025268560584153, "x3": 4.351955337472865, "x4": 9.10481566042614, "x5": 6.609864085259856, "x6": 7.173030115837954, "x7": 9.668151057860037, "x8": 5.434151858822801, "x9": 9.048649132119591}, "datetime": {"datetime": "2023-11-30 11:26:50", "elapsed": 4627.098008, "delta": 3.281283}}
{"target": 0.0, "params": {"x0": 3.287739516804403, "x1": 16.658238843911732, "x10": 20.81718068995718, "x11": 2.9459752290328782, "x12": 12.474781829455004, "x13": 21.672387991818233, "x14": 6.548276989490348, "x15": 17.470078288218502, "x16": 46.5373086136025, "x2": 7.581829714386345, "x3": 5.439376985473027, "x4": 4.980196310647553, "x5": 4.929839834791258, "x6": 6.065998208660739, "x7": 8.056950932357594, "x8": 5.218521127217118, "x9": 8.142760922828288}, "datetime": {"datetime": "2023-11-30 11:26:53", "elapsed": 4630.387489, "delta": 3.289481}}
{"target": 0.0, "params": {"x0": 3.2419390788252116, "x1": 10.526583590208428, "x10": 24.524010578986573, "x11": 5.419357349547983, "x12": 10.61802327493483, "x13": 19.955697375907867, "x14": 6.791574430239129, "x15": 12.133633343758355, "x16": 39.05491582935883, "x2": 8.771031680542503, "x3": 6.947774738557628, "x4": 7.339971009299481, "x5": 6.1724531581951485, "x6": 8.951705066878638, "x7": 9.804443001773773, "x8": 5.496326592674825, "x9": 10.956218163315924}, "datetime": {"datetime": "2023-11-30 11:27:08", "elapsed": 4645.047218, "delta": 14.659729}}
{"target": 0.0, "params": {"x0": 4.119189989615025, "x1": 10.777111995643256, "x10": 21.355963970494606, "x11": 3.8577712338350802, "x12": 9.974452811478606, "x13": 25.629454400199954, "x14": 4.898603277223195, "x15": 11.969738384949043, "x16": 25.018866737608935, "x2": 6.003308891925477, "x3": 6.288103874761607, "x4": 6.947204324798257, "x5": 9.8404353847176, "x6": 9.492142356669587, "x7": 6.862006447517131, "x8": 6.152786386169247, "x9": 8.194119726046164}, "datetime": {"datetime": "2023-11-30 11:27:11", "elapsed": 4648.115892, "delta": 3.068674}}
{"target": 0.0, "params": {"x0": 10.116813291634301, "x1": 14.461379364894862, "x10": 31.887464538733443, "x11": 5.694393047347953, "x12": 8.192190045869207, "x13": 22.6300841842453, "x14": 4.694065805094267, "x15": 15.006195429974845, "x16": 42.71079914022569, "x2": 4.595853991643967, "x3": 4.861115087071527, "x4": 9.473219823555823, "x5": 9.655128046477996, "x6": 7.293144794148887, "x7": 7.978371364130364, "x8": 3.7909506674312246, "x9": 13.86594752161174}, "datetime": {"datetime": "2023-11-30 11:27:14", "elapsed": 4651.41284, "delta": 3.296948}}
{"target": 0.0, "params": {"x0": 12.0466220949086, "x1": 20.13709267069106, "x10": 15.119348095974772, "x11": 5.751061461332803, "x12": 12.529938964944602, "x13": 26.931828620139406, "x14": 7.328270528966546, "x15": 10.956736198839119, "x16": 40.77084428729975, "x2": 4.911519367390828, "x3": 7.264798326756113, "x4": 4.423632703930107, "x5": 8.67162443558891, "x6": 6.956266217168374, "x7": 5.624973223635024, "x8": 5.333569775784541, "x9": 8.97263835762801}, "datetime": {"datetime": "2023-11-30 11:27:17", "elapsed": 4654.461964, "delta": 3.049124}}
{"target": 0.0, "params": {"x0": 15.257263849962676, "x1": 7.194211771177105, "x10": 31.378056100026594, "x11": 6.148499299590588, "x12": 8.886765247420751, "x13": 30.044604078656217, "x14": 7.794982048321073, "x15": 13.87049492635439, "x16": 31.550347544950125, "x2": 5.873026111357533, "x3": 8.599469889178375, "x4": 5.73479031961084, "x5": 9.441359584860603, "x6": 6.628776407275362, "x7": 9.519955121755025, "x8": 5.703398008518347, "x9": 7.743409545727432}, "datetime": {"datetime": "2023-11-30 11:27:21", "elapsed": 4657.662316, "delta": 3.200352}}
{"target": 0.0, "params": {"x0": 10.614250315263249, "x1": 20.31518019063925, "x10": 22.03897520940686, "x11": 2.889257098900825, "x12": 9.04704246206163, "x13": 29.631908304939834, "x14": 4.207766216144048, "x15": 10.400675895643241, "x16": 40.329731311936314, "x2": 7.073339826977052, "x3": 6.291453738124416, "x4": 6.345298344038783, "x5": 7.751520549624788, "x6": 8.820608212423059, "x7": 6.011446044866793, "x8": 5.723362742779561, "x9": 9.74891798571159}, "datetime": {"datetime": "2023-11-30 11:27:36", "elapsed": 4672.780273, "delta": 15.117957}}
{"target": 0.0, "params": {"x0": 9.514760185909108, "x1": 21.807981869913593, "x10": 19.46024676561533, "x11": 5.982771618313278, "x12": 11.943631282669923, "x13": 25.774921675152843, "x14": 5.175205076379295, "x15": 16.818990229700994, "x16": 28.785692487191497, "x2": 8.639224832296334, "x3": 4.022484585316788, "x4": 5.272664993907778, "x5": 7.508112852124251, "x6": 8.09961557794096, "x7": 7.1599369240490525, "x8": 5.834880381793943, "x9": 14.04877360194622}, "datetime": {"datetime": "2023-11-30 11:27:39", "elapsed": 4675.949274, "delta": 3.169001}}
{"target": 0.0, "params": {"x0": 8.964156013163649, "x1": 22.828453654242633, "x10": 23.598352369382035, "x11": 5.117109317616393, "x12": 8.274673770977088, "x13": 16.845032027831518, "x14": 8.424782337866484, "x15": 18.11418094779988, "x16": 29.517140033703996, "x2": 7.444591031336631, "x3": 5.7408919590097245, "x4": 5.323431051187905, "x5": 6.767553642183682, "x6": 5.949432773939049, "x7": 4.624573239607322, "x8": 4.179935615136783, "x9": 13.62623172105322}, "datetime": {"datetime": "2023-11-30 11:28:16", "elapsed": 4712.918383, "delta": 36.969109}}
{"target": 0.0, "params": {"x0": 14.42300388061173, "x1": 17.670388488228255, "x10": 20.510770727718974, "x11": 3.6531782366614203, "x12": 13.896152170704799, "x13": 24.82265380273396, "x14": 4.920193691221932, "x15": 11.966719584672688, "x16": 47.02415075263937, "x2": 5.64705721047531, "x3": 4.466501079913518, "x4": 5.362922847918826, "x5": 8.618445771258674, "x6": 8.081398845723934, "x7": 6.869354575212515, "x8": 5.551413928813664, "x9": 10.524648084807744}, "datetime": {"datetime": "2023-11-30 11:28:31", "elapsed": 4728.118562, "delta": 15.200179}}
{"target": 0.0, "params": {"x0": 8.203972416936605, "x1": 5.523955503653883, "x10": 30.420191332503766, "x11": 3.802761742706173, "x12": 11.283882197393964, "x13": 32.18497427304855, "x14": 4.79045327186299, "x15": 19.74687258358545, "x16": 39.05549888576266, "x2": 5.076829711810117, "x3": 7.567724354992552, "x4": 9.340198531371744, "x5": 7.534494768745256, "x6": 7.976715934747206, "x7": 4.676381498619268, "x8": 6.210336993178015, "x9": 8.99418941139948}, "datetime": {"datetime": "2023-11-30 11:28:34", "elapsed": 4731.217022, "delta": 3.09846}}
{"target": 0.0, "params": {"x0": 2.35855669049329, "x1": 23.907806402618732, "x10": 31.986401184007764, "x11": 5.361718667862848, "x12": 6.566734518360665, "x13": 16.035447780693666, "x14": 6.607875218381508, "x15": 12.904124650368058, "x16": 45.004917261289606, "x2": 8.93560733326894, "x3": 8.572813152380107, "x4": 8.118009599796036, "x5": 9.208036352580496, "x6": 6.065787579445432, "x7": 5.128350799828726, "x8": 5.792884638552062, "x9": 8.878979416686981}, "datetime": {"datetime": "2023-11-30 11:28:37", "elapsed": 4734.315558, "delta": 3.098536}}
{"target": 0.0, "params": {"x0": 8.289984472503292, "x1": 19.584404838103833, "x10": 25.53245088122663, "x11": 4.29316285638701, "x12": 9.514656825568245, "x13": 17.075372272413496, "x14": 6.375859481071766, "x15": 11.785963749500581, "x16": 41.706493546385246, "x2": 7.90582962597211, "x3": 4.3043235099405575, "x4": 9.534391066931445, "x5": 8.69427455274009, "x6": 5.590138094093295, "x7": 4.699797736167185, "x8": 4.487017906768339, "x9": 9.257795504970758}, "datetime": {"datetime": "2023-11-30 11:28:58", "elapsed": 4755.192653, "delta": 20.877095}}
{"target": 4.653153907718652, "params": {"x0": 10.197672490463418, "x1": 19.9470612143029, "x10": 28.9004415548831, "x11": 2.918504043973952, "x12": 12.037632488009145, "x13": 20.101731014145955, "x14": 8.458813775143904, "x15": 18.45385535652754, "x16": 36.6584133087561, "x2": 7.506426250252027, "x3": 4.864456787547246, "x4": 5.581983228881, "x5": 5.356582214184604, "x6": 6.367074175865808, "x7": 5.132498607451944, "x8": 4.598039252279452, "x9": 11.454701607900338}, "datetime": {"datetime": "2023-11-30 11:33:01", "elapsed": 4998.290223, "delta": 243.09757}}
{"target": 5.625119533790094, "params": {"x0": 2.4994972040085215, "x1": 23.332460872986463, "x10": 25.888068905208755, "x11": 5.161783043350085, "x12": 11.254577036716425, "x13": 19.604464473721357, "x14": 4.28423295191409, "x15": 18.535798142148913, "x16": 35.928590022466345, "x2": 6.336491796338295, "x3": 6.620542707946968, "x4": 8.384389910383923, "x5": 7.976794450747274, "x6": 6.21427880632562, "x7": 8.567379613293827, "x8": 4.047264366230584, "x9": 11.343406385848468}, "datetime": {"datetime": "2023-11-30 11:37:48", "elapsed": 5285.232879, "delta": 286.942656}}
{"target": 6.162302729283879, "params": {"x0": 2.8324890037545862, "x1": 21.85753244236009, "x10": 26.61406089848734, "x11": 4.623948349828499, "x12": 11.145678038085014, "x13": 21.732560419371723, "x14": 6.13833422108012, "x15": 17.95677376916301, "x16": 36.074615126271674, "x2": 6.408154129601409, "x3": 6.205166997267228, "x4": 9.531081325643093, "x5": 7.068701941897401, "x6": 7.302209168831169, "x7": 8.21260363139051, "x8": 4.264968627186436, "x9": 12.843130791680863}, "datetime": {"datetime": "2023-11-30 11:41:48", "elapsed": 5525.2955, "delta": 240.062621}}
{"target": 6.687129282270414, "params": {"x0": 5.534506550843091, "x1": 26.80543164535367, "x10": 26.733521624629116, "x11": 4.076611531862977, "x12": 13.271103748390766, "x13": 24.18699297141564, "x14": 5.3601921620299295, "x15": 18.063474649490075, "x16": 34.185957629770954, "x2": 5.77620424330097, "x3": 5.66166144534751, "x4": 8.615015109170553, "x5": 6.115578121605374, "x6": 8.502822763429267, "x7": 6.92421612243748, "x8": 4.562905818226374, "x9": 11.343077570010816}, "datetime": {"datetime": "2023-11-30 11:45:56", "elapsed": 5773.518838, "delta": 248.223338}}
{"target": 7.5119628007602115, "params": {"x0": 6.282192677478543, "x1": 28.951806616665905, "x10": 26.78465783348916, "x11": 3.8654564825336153, "x12": 14.089300912591794, "x13": 24.973249723554332, "x14": 4.4662886493389795, "x15": 18.785579701943256, "x16": 33.34459391301141, "x2": 5.3537392464358975, "x3": 5.225428418521485, "x4": 9.099659554640974, "x5": 5.7777422088049875, "x6": 8.83961678062016, "x7": 6.420774962108063, "x8": 4.881242323671916, "x9": 11.560775070662343}, "datetime": {"datetime": "2023-11-30 11:50:17", "elapsed": 6034.182932, "delta": 260.664094}}
{"target": 5.3810597459063585, "params": {"x0": 7.071437483224975, "x1": 27.97287867013397, "x10": 27.887687411941123, "x11": 2.957016434663658, "x12": 13.949266327815389, "x13": 25.204864518353745, "x14": 5.406162353385346, "x15": 18.326393149907993, "x16": 33.52848224529722, "x2": 5.261030534673491, "x3": 5.020148837939183, "x4": 8.427055114499408, "x5": 4.9346103965902826, "x6": 9.59, "x7": 5.948239277846962, "x8": 5.367654291883917, "x9": 11.787692072298313}, "datetime": {"datetime": "2023-11-30 11:54:38", "elapsed": 6294.816887, "delta": 260.633955}}
{"target": 0.0, "params": {"x0": 5.402527154971095, "x1": 29.0, "x10": 26.058492634432735, "x11": 4.7359893849671755, "x12": 14.15957647196008, "x13": 25.22863473540333, "x14": 3.9186, "x15": 18.369540484793127, "x16": 33.22449740488963, "x2": 4.980600292860348, "x3": 6.4255109489577675, "x4": 9.34453416588671, "x5": 7.006622251091884, "x6": 8.892647381474127, "x7": 7.557390119020204, "x8": 4.040150180589331, "x9": 10.989636005673121}, "datetime": {"datetime": "2023-11-30 11:56:12", "elapsed": 6389.201732, "delta": 94.384845}}
{"target": 6.053781797488892, "params": {"x0": 6.391283839068809, "x1": 28.29890679258747, "x10": 26.50772265403068, "x11": 3.839592294508921, "x12": 13.39769877771191, "x13": 24.51358585431103, "x14": 5.0093208258644895, "x15": 18.764510867489356, "x16": 33.752490034013476, "x2": 6.222747016193671, "x3": 4.64508088814982, "x4": 8.691259241197047, "x5": 5.457550318965754, "x6": 8.126221842422636, "x7": 5.878092112821381, "x8": 5.106569199161535, "x9": 11.38978024201542}, "datetime": {"datetime": "2023-11-30 12:00:26", "elapsed": 6642.767355, "delta": 253.565623}}
{"target": 6.571036186696279, "params": {"x0": 6.032732012457704, "x1": 28.350868605132398, "x10": 26.88067832819593, "x11": 3.9292362287095415, "x12": 13.927478160501343, "x13": 25.227585148559324, "x14": 5.404317228281086, "x15": 17.84717513539244, "x16": 33.60769971213075, "x2": 5.586582093019274, "x3": 5.181681508937363, "x4": 8.580343870373092, "x5": 5.420612711296788, "x6": 9.04792162232597, "x7": 6.414364868027838, "x8": 4.713169014113232, "x9": 11.109174133980277}, "datetime": {"datetime": "2023-11-30 12:04:40", "elapsed": 6897.001367, "delta": 254.234012}}
