{"target": 7.926254131559967, "params": {"x0": 7.297014792508551, "x1": 28.555922506520602, "x10": 27.201334064296788, "x11": 3.9219539319649717, "x12": 13.853065569829196, "x13": 25.659777307789035, "x14": 3.95733992991866, "x15": 17.98616978837026, "x16": 33.60111810947602, "x2": 5.801749165439291, "x3": 5.02261253694695, "x4": 9.510115724114897, "x5": 5.5051135647245175, "x6": 8.955863532541276, "x7": 6.38930882889726, "x8": 4.992370764381287, "x9": 11.537963295992183}, "datetime": {"datetime": "2023-11-30 14:47:29", "elapsed": 16666.176139, "delta": 263.706324}}
{"target": 8.03025801218993, "params": {"x0": 7.360805744293357, "x1": 28.478301275725382, "x10": 27.19757858010563, "x11": 3.922873693184325, "x12": 13.855298900786664, "x13": 25.760115427559132, "x14": 3.956028593159796, "x15": 17.983163342491906, "x16": 33.596776965471946, "x2": 5.782226325860445, "x3": 5.02356523080464, "x4": 9.530149439844623, "x5": 5.48514992590405, "x6": 8.941323487456872, "x7": 6.3905326618348, "x8": 5.0046682288674305, "x9": 11.508144270444783}, "datetime": {"datetime": "2023-11-30 14:51:57", "elapsed": 16934.393363, "delta": 268.217224}}
{"target": 7.934807620589239, "params": {"x0": 7.357784067629866, "x1": 28.54816038344108, "x10": 27.194198644333593, "x11": 3.938601610035269, "x12": 13.893488860159374, "x13": 25.75536256925423, "x14": 3.954848390076818, "x15": 17.980457541201393, "x16": 33.52254340300223, "x2": 5.799796881481407, "x3": 5.039856295771147, "x4": 9.529200474362687, "x5": 5.50311720084247, "x6": 8.954409528032835, "x7": 6.411460205066727, "x8": 4.993600510829902, "x9": 11.509556750602291}, "datetime": {"datetime": "2023-11-30 14:56:54", "elapsed": 17230.941079, "delta": 296.547716}}
{"target": 0.0, "params": {"x0": 7.355064558632725, "x1": 28.485287186496954, "x10": 27.191156702138755, "x11": 3.937856603447593, "x12": 13.859117896723935, "x13": 25.674088692240453, "x14": 3.934666917357901, "x15": 17.97802232003993, "x16": 33.52605972964554, "x2": 5.798964592004624, "x3": 5.039084613746417, "x4": 9.512973164621611, "x5": 5.486946653397892, "x6": 8.942632091514469, "x7": 6.392625416157992, "x8": 4.9941247711579955, "x9": 11.533710161295685}, "datetime": {"datetime": "2023-11-30 14:58:21", "elapsed": 17317.592456, "delta": 86.651377}}
{"target": 8.044987570494204, "params": {"x0": 7.334785771334243, "x1": 28.498612149481808, "x10": 27.147703148902053, "x11": 3.931147405633129, "x12": 13.869972719353633, "x13": 25.684560529709827, "x14": 3.9439408433730496, "x15": 17.96131394783598, "x16": 33.53345473440608, "x2": 5.797324086122628, "x3": 5.026528617907701, "x4": 9.52339644205171, "x5": 5.494997971184027, "x6": 8.944024109234213, "x7": 6.40253271677656, "x8": 4.999888047575459, "x9": 11.52397372699963}, "datetime": {"datetime": "2023-11-30 15:02:53", "elapsed": 17589.627357, "delta": 272.034901}}
{"target": 7.938902208602595, "params": {"x0": 7.350414198247612, "x1": 28.53919268008747, "x10": 27.14160346378486, "x11": 3.925720446134346, "x12": 13.888586475374636, "x13": 25.681403341171695, "x14": 3.951969874757436, "x15": 17.973858091853824, "x16": 33.583340690664926, "x2": 5.797541376999326, "x3": 5.026513913563578, "x4": 9.52688594755225, "x5": 5.500810770128007, "x6": 8.952729693666269, "x7": 6.408773769385534, "x8": 5.002664971902638, "x9": 11.513001789706454}, "datetime": {"datetime": "2023-11-30 15:07:20", "elapsed": 17857.388446, "delta": 267.761089}}
{"target": 8.045764307380379, "params": {"x0": 7.332057465845248, "x1": 28.51807703642192, "x10": 27.16819501048583, "x11": 3.9304001544419753, "x12": 13.876876806573227, "x13": 25.71310951603346, "x14": 3.94498639080588, "x15": 17.9565113643979, "x16": 33.562661461495225, "x2": 5.7918120264573165, "x3": 5.029227225049105, "x4": 9.519139222865437, "x5": 5.498915584959486, "x6": 8.946441989755641, "x7": 6.406704620248587, "x8": 4.995706117832123, "x9": 11.521075242657393}, "datetime": {"datetime": "2023-11-30 15:11:53", "elapsed": 18129.708413, "delta": 272.319967}}
{"target": 7.9376418853487, "params": {"x0": 7.316072461577366, "x1": 28.537466642834104, "x10": 27.15045343542457, "x11": 3.926038534528232, "x12": 13.866268750195383, "x13": 25.738342020161433, "x14": 3.951220482448294, "x15": 17.97087080009367, "x16": 33.54214564390219, "x2": 5.786914342313051, "x3": 5.024816132385019, "x4": 9.524106386404291, "x5": 5.503725675852752, "x6": 8.942870192819159, "x7": 6.4123003021512215, "x8": 4.998644972829546, "x9": 11.513628435451652}, "datetime": {"datetime": "2023-11-30 15:16:28", "elapsed": 18405.21219, "delta": 275.503777}}
{"target": 7.939028262940616, "params": {"x0": 7.317670962004154, "x1": 28.500626390650954, "x10": 27.152227592930696, "x11": 3.9264746965196062, "x12": 13.867329555833168, "x13": 25.69040026231828, "x14": 3.9505970732840527, "x15": 17.94358787227171, "x16": 33.58112569732896, "x2": 5.787404110727477, "x3": 5.025257241651428, "x4": 9.523609670050407, "x5": 5.503244666763425, "x6": 8.949656606998476, "x7": 6.411740733960958, "x8": 4.993061148334442, "x9": 11.514373116172226}, "datetime": {"datetime": "2023-11-30 15:21:05", "elapsed": 18682.360852, "delta": 277.148662}}
{"target": 8.047318231199453, "params": {"x0": 7.328520232672506, "x1": 28.518163544096495, "x10": 27.154580480928608, "x11": 3.929635949546067, "x12": 13.87186506554372, "x13": 25.725686224432778, "x14": 3.945176771290696, "x15": 17.94973314748638, "x16": 33.55145038838793, "x2": 5.792695045479848, "x3": 5.029101620469359, "x4": 9.515929084036165, "x5": 5.495379843686649, "x6": 8.9448986272661, "x7": 6.40613261179682, "x8": 4.9969934714021855, "x9": 11.521926258624823}, "datetime": {"datetime": "2023-11-30 15:25:35", "elapsed": 18952.448966, "delta": 270.088114}}
{"target": 8.047642040882021, "params": {"x0": 7.319961178633161, "x1": 28.525291380889126, "x10": 27.164784384558487, "x11": 3.9318653026108215, "x12": 13.877699634742287, "x13": 25.740956108713057, "x14": 3.942418232920752, "x15": 17.9533820923268, "x16": 33.53832099783918, "x2": 5.789495111149433, "x3": 5.026651701390613, "x4": 9.51854509252417, "x5": 5.49556614987911, "x6": 8.945051604747585, "x7": 6.403892712177994, "x8": 4.998439415608324, "x9": 11.518342167362666}, "datetime": {"datetime": "2023-11-30 15:30:09", "elapsed": 19225.903201, "delta": 273.454235}}
{"target": 8.04738299105131, "params": {"x0": 7.330441325418514, "x1": 28.51287378799874, "x10": 27.155626502363372, "x11": 3.9344500851428807, "x12": 13.88355210962417, "x13": 25.75784747849179, "x14": 3.946299265472884, "x15": 17.962065065289956, "x16": 33.55216529167179, "x2": 5.792293027968969, "x3": 5.023825532046999, "x4": 9.521224042874135, "x5": 5.498547329665695, "x6": 8.947313836649986, "x7": 6.400270363391019, "x8": 5.000370417868717, "x9": 11.513838543015813}, "datetime": {"datetime": "2023-11-30 15:34:49", "elapsed": 19505.830064, "delta": 279.926863}}
{"target": 8.046929693975263, "params": {"x0": 7.3105290465263435, "x1": 28.536467214490475, "x10": 27.156542290582884, "x11": 3.9341916068896747, "x12": 13.882966862135982, "x13": 25.725753875912197, "x14": 3.9459111622176706, "x15": 17.945567416659962, "x16": 33.550780862288526, "x2": 5.792013236287016, "x3": 5.024108148981361, "x4": 9.520956147839138, "x5": 5.492883088071183, "x6": 8.943015596035425, "x7": 6.400632598269717, "x8": 5.000177317642677, "x9": 11.514288905450497}, "datetime": {"datetime": "2023-11-30 15:39:24", "elapsed": 19781.004301, "delta": 275.174237}}
{"target": 8.04867840700557, "params": {"x0": 7.328450097529297, "x1": 28.535349631130337, "x10": 27.17220226913653, "x11": 3.929771628759853, "x12": 13.872959130087962, "x13": 25.75463811823383, "x14": 3.9455618692879786, "x15": 17.946348884226644, "x16": 33.54953487584359, "x2": 5.787228798525609, "x3": 5.024362504222285, "x4": 9.520715042307641, "x5": 5.497980905506244, "x6": 8.94688401258853, "x7": 6.400958609660544, "x8": 5.000003527439242, "x9": 11.514694231641714}, "datetime": {"datetime": "2023-11-30 15:43:56", "elapsed": 20052.710071, "delta": 271.70577}}
{"target": 8.047512513881959, "params": {"x0": 7.330102835171825, "x1": 28.531313671085623, "x10": 27.170486102916545, "x11": 3.929534047436516, "x12": 13.872400578673464, "x13": 25.74706917081868, "x14": 3.9446793187639124, "x15": 17.94690384438666, "x16": 33.55855307645935, "x2": 5.786702874791577, "x3": 5.0247508448250215, "x4": 9.521544793444436, "x5": 5.496398196229153, "x6": 8.947022023579539, "x7": 6.400596910135469, "x8": 4.9998000463153875, "x9": 11.512385243395903}, "datetime": {"datetime": "2023-11-30 15:48:31", "elapsed": 20327.941084, "delta": 275.231013}}
{"target": 8.04039494419966, "params": {"x0": 7.334944120484841, "x1": 28.527655069695808, "x10": 27.166527587434327, "x11": 3.9281699682638624, "x12": 13.876585616148521, "x13": 25.74417138095044, "x14": 3.947966751108907, "x15": 17.940968480030026, "x16": 33.540956259170216, "x2": 5.785495069368383, "x3": 5.0226112683885145, "x4": 9.522375053891997, "x5": 5.499828193561002, "x6": 8.948285804586853, "x7": 6.398714021234696, "x8": 4.99880698188859, "x9": 11.511903560815187}, "datetime": {"datetime": "2023-11-30 15:53:02", "elapsed": 20598.741741, "delta": 270.800657}}
{"target": 8.04867840700557, "params": {"x0": 7.328919170936663, "x1": 28.53552859625617, "x10": 27.172277862084112, "x11": 3.929653845470386, "x12": 13.873164943778642, "x13": 25.754350903266133, "x14": 3.9454634929174066, "x15": 17.946572757428502, "x16": 33.55014736157562, "x2": 5.78713618656536, "x3": 5.0244971905826965, "x4": 9.520736635900823, "x5": 5.498091417907993, "x6": 8.946971587643295, "x7": 6.400960167189748, "x8": 5.000046477090859, "x9": 11.514455272015928}, "datetime": {"datetime": "2023-11-30 15:57:39", "elapsed": 20876.067668, "delta": 277.325927}}
{"target": 8.047965876624684, "params": {"x0": 7.3330225462763154, "x1": 28.54058092361013, "x10": 27.167666385392305, "x11": 3.929918060273464, "x12": 13.870673515152978, "x13": 25.749444136083547, "x14": 3.944472171499837, "x15": 17.94466754378743, "x16": 33.55509013551153, "x2": 5.787999836331432, "x3": 5.024223857707591, "x4": 9.521092830007529, "x5": 5.499133592253145, "x6": 8.946184770928118, "x7": 6.401097837660284, "x8": 5.000944389224054, "x9": 11.51545731229004}, "datetime": {"datetime": "2023-11-30 16:02:16", "elapsed": 21153.424778, "delta": 277.35711}}
{"target": 8.043111075363951, "params": {"x0": 7.3237159547947055, "x1": 28.54095896641611, "x10": 27.176339112097438, "x11": 3.928604018258276, "x12": 13.87560283842611, "x13": 25.747007866754238, "x14": 3.9473150281354354, "x15": 17.95027119888598, "x16": 33.55578868739848, "x2": 5.788492687081226, "x3": 5.023085853299467, "x4": 9.521925190752636, "x5": 5.499327578498162, "x6": 8.947905918955307, "x7": 6.399322304698101, "x8": 5.0008758091456675, "x9": 11.516728630674253}, "datetime": {"datetime": "2023-11-30 16:06:48", "elapsed": 21424.950752, "delta": 271.525974}}
{"target": 8.046929693975263, "params": {"x0": 7.327918584007771, "x1": 28.534147873296064, "x10": 27.16907569752001, "x11": 3.9306846681391914, "x12": 13.87281924840345, "x13": 25.754529864533662, "x14": 3.9454193638452644, "x15": 17.944705789067637, "x16": 33.550354050829846, "x2": 5.787740776065938, "x3": 5.023938060175225, "x4": 9.521502414549747, "x5": 5.498620196756463, "x6": 8.94597482155973, "x7": 6.400821635485432, "x8": 5.000714683850305, "x9": 11.515582335950938}, "datetime": {"datetime": "2023-11-30 16:11:10", "elapsed": 21686.81533, "delta": 261.864578}}
{"target": 8.0477715720517, "params": {"x0": 7.332284753144316, "x1": 28.530806069548863, "x10": 27.175553111934864, "x11": 3.930717393266131, "x12": 13.875100533841861, "x13": 25.7608186219323, "x14": 3.9469819279544187, "x15": 17.949525959100708, "x16": 33.55460046320305, "x2": 5.7862050487955585, "x3": 5.023328416974802, "x4": 9.521695262548088, "x5": 5.496890100382791, "x6": 8.946056268431441, "x7": 6.402284016680124, "x8": 5.000710075621447, "x9": 11.516342094858071}, "datetime": {"datetime": "2023-11-30 16:15:46", "elapsed": 21962.884889, "delta": 276.069559}}
{"target": 8.042399530323868, "params": {"x0": 7.331901287582814, "x1": 28.53126042570701, "x10": 27.17521802765503, "x11": 3.930622816815503, "x12": 13.871031866709453, "x13": 25.74907566490521, "x14": 3.946839922087775, "x15": 17.9492082516133, "x16": 33.54497584722007, "x2": 5.788150173282654, "x3": 5.02343182569955, "x4": 9.521597240524043, "x5": 5.498962630117353, "x6": 8.94613904284715, "x7": 6.399765743342923, "x8": 5.0006394208032265, "x9": 11.513211154746994}, "datetime": {"datetime": "2023-11-30 16:20:19", "elapsed": 22236.50006, "delta": 273.615171}}
{"target": 8.047642040882021, "params": {"x0": 7.326174423522246, "x1": 28.534591881516114, "x10": 27.170651954019473, "x11": 3.930358307922995, "x12": 13.872667981062406, "x13": 25.75955944235438, "x14": 3.945007906156156, "x15": 17.944190753693633, "x16": 33.54720691031854, "x2": 5.786918895537171, "x3": 5.02369787798352, "x4": 9.520406571676014, "x5": 5.497947577514439, "x6": 8.94701084632199, "x7": 6.401138265917464, "x8": 5.000251130544823, "x9": 11.514593336842292}, "datetime": {"datetime": "2023-11-30 16:24:37", "elapsed": 22494.377925, "delta": 257.877865}}
{"target": 8.04867840700557, "params": {"x0": 7.32994272946161, "x1": 28.53617081437316, "x10": 27.173444821091824, "x11": 3.929528244758011, "x12": 13.873623270667238, "x13": 25.753572006245893, "x14": 3.9461296321923647, "x15": 17.94594227602766, "x16": 33.55111446003832, "x2": 5.786502338429874, "x3": 5.023918239413069, "x4": 9.520704521593688, "x5": 5.498732730651401, "x6": 8.947203612897995, "x7": 6.4002417789441575, "x8": 5.000456433343582, "x9": 11.51356052185647}, "datetime": {"datetime": "2023-11-30 16:24:51", "elapsed": 22507.609505, "delta": 13.23158}}
{"target": 8.046800189904484, "params": {"x0": 7.330966015078311, "x1": 28.538330661883943, "x10": 27.170003781176543, "x11": 3.930392144852422, "x12": 13.871554155085029, "x13": 25.7586931467104, "x14": 3.94649356977903, "x15": 17.948433363051517, "x16": 33.54621134397705, "x2": 5.786557116327723, "x3": 5.023684039579211, "x4": 9.521358164807397, "x5": 5.497265228264746, "x6": 8.946340929647064, "x7": 6.400089010114998, "x8": 4.999539961176898, "x9": 11.513613068585462}, "datetime": {"datetime": "2023-11-30 16:29:16", "elapsed": 22772.995376, "delta": 265.385871}}
{"target": 8.04867840700557, "params": {"x0": 7.328185414825202, "x1": 28.537534526726326, "x10": 27.173518891062514, "x11": 3.9295750469522464, "x12": 13.872546787662404, "x13": 25.75390254045401, "x14": 3.944989784564669, "x15": 17.947468675234983, "x16": 33.54964070129137, "x2": 5.787476276180659, "x3": 5.0245946930579155, "x4": 9.520975430661476, "x5": 5.498379338601319, "x6": 8.94646622254049, "x7": 6.40019765191334, "x8": 5.000100438994163, "x9": 11.513937224183927}, "datetime": {"datetime": "2023-11-30 16:29:27", "elapsed": 22784.043194, "delta": 11.047818}}
{"target": 8.047642040882021, "params": {"x0": 7.326412204314596, "x1": 28.537764266040757, "x10": 27.17398304438412, "x11": 3.9302742467948337, "x12": 13.874097159840337, "x13": 25.751353545167813, "x14": 3.94631654668573, "x15": 17.944660456378497, "x16": 33.54684281503169, "x2": 5.786684735945322, "x3": 5.024912060583175, "x4": 9.521235971532445, "x5": 5.497401206940631, "x6": 8.947323909771118, "x7": 6.401662985292437, "x8": 5.000379016111741, "x9": 11.51381848956615}, "datetime": {"datetime": "2023-11-30 16:29:38", "elapsed": 22794.916073, "delta": 10.872879}}
{"target": 8.04705920221455, "params": {"x0": 7.330284201422528, "x1": 28.537522802549717, "x10": 27.17380496685936, "x11": 3.930223984991336, "x12": 13.871934903310823, "x13": 25.75759423399325, "x14": 3.946241078945955, "x15": 17.944829299163313, "x16": 33.5519577305743, "x2": 5.787718454847868, "x3": 5.024857104947086, "x4": 9.521183878609964, "x5": 5.4985026342152965, "x6": 8.947279920052859, "x7": 6.401592547729248, "x8": 4.999665587633993, "x9": 11.513906063773707}, "datetime": {"datetime": "2023-11-30 16:34:17", "elapsed": 23074.010858, "delta": 279.094785}}
{"target": 8.04867840700557, "params": {"x0": 7.330100791033205, "x1": 28.537305485407778, "x10": 27.173644697087077, "x11": 3.9293645081515187, "x12": 13.873880934187387, "x13": 25.757298622417306, "x14": 3.9449505805958, "x15": 17.944981257669646, "x16": 33.54735430658595, "x2": 5.7876694892156415, "x3": 5.023917363569964, "x4": 9.52113699497973, "x5": 5.497511349668097, "x6": 8.947240329306426, "x7": 6.401529153922377, "x8": 5.000307673263966, "x9": 11.513984880560507}, "datetime": {"datetime": "2023-11-30 16:34:29", "elapsed": 23085.727966, "delta": 11.717108}}
{"target": 8.046800189904484, "params": {"x0": 7.329935721682814, "x1": 28.537109899980035, "x10": 27.17350045429202, "x11": 3.930138037307354, "x12": 13.87212950639848, "x13": 25.752243664468704, "x14": 3.945011709465018, "x15": 17.947579748127943, "x16": 33.54757236351172, "x2": 5.786832176904579, "x3": 5.023961877635196, "x4": 9.521094799712522, "x5": 5.498403505760576, "x6": 8.947204697634637, "x7": 6.401472099496194, "x8": 4.99972979619699, "x9": 11.5153326476148}, "datetime": {"datetime": "2023-11-30 16:34:40", "elapsed": 23097.291769, "delta": 11.563803}}
{"target": 8.04867840700557, "params": {"x0": 7.327113035791132, "x1": 28.53376538916561, "x10": 27.171033902496585, "x11": 3.9294418610671022, "x12": 13.872212468767428, "x13": 25.756793126622448, "x14": 3.946057013128643, "x15": 17.947456661737814, "x16": 33.5477686147449, "x2": 5.787585757984536, "x3": 5.024001940293905, "x4": 9.521056823972033, "x5": 5.498361245735143, "x6": 8.947172629130026, "x7": 6.401420750512629, "x8": 5.000249885557269, "x9": 11.514119657265937}, "datetime": {"datetime": "2023-11-30 16:34:51", "elapsed": 23108.572811, "delta": 11.281042}}
{"target": 8.04867840700557, "params": {"x0": 7.329653453093646, "x1": 28.533923813362083, "x10": 27.17325379911248, "x11": 3.9294748378363775, "x12": 13.872287134899482, "x13": 25.756577625783585, "x14": 3.946007498744577, "x15": 17.945351884466593, "x16": 33.54794524085477, "x2": 5.786907535012575, "x3": 5.024687011757827, "x4": 9.521022645805594, "x5": 5.498323211712253, "x6": 8.947143767475877, "x7": 6.4005426828936685, "x8": 5.000225249745466, "x9": 11.515211348579914}, "datetime": {"datetime": "2023-11-30 16:35:03", "elapsed": 23119.874774, "delta": 11.301963}}
{"target": 8.047642040882021, "params": {"x0": 7.329533117537211, "x1": 28.534066395138908, "x10": 27.171255892158175, "x11": 3.930038740590981, "x12": 13.873563925757594, "x13": 25.75638367502861, "x14": 3.94516080277704, "x15": 17.94724618401069, "x16": 33.548104204353656, "x2": 5.787517935687339, "x3": 5.024654561004273, "x4": 9.520438199159482, "x5": 5.498288981091653, "x6": 8.947117791987141, "x7": 6.400584275570356, "x8": 5.000203077514843, "x9": 11.514228826397334}, "datetime": {"datetime": "2023-11-30 16:35:14", "elapsed": 23131.178665, "delta": 11.303891}}
{"target": 0.0, "params": {"x0": 7.327475379522174, "x1": 28.536504543522625, "x10": 27.17305400841705, "x11": 3.9300120294078686, "x12": 13.872414813985293, "x13": 25.756209119349133, "x14": 3.945922829147823, "x15": 17.947156454032285, "x16": 33.550822480184536, "x2": 5.787489021971166, "x3": 5.024099653118497, "x4": 9.520465883474298, "x5": 5.497703637479377, "x6": 8.94709441404728, "x7": 6.400621708979375, "x8": 5.000183122507283, "x9": 11.515113096361656}, "datetime": {"datetime": "2023-11-30 16:36:43", "elapsed": 23219.939354, "delta": 88.760689}}
{"target": 0.0, "params": {"x0": 7.329327343735708, "x1": 28.53431020997728, "x10": 27.171435703784063, "x11": 3.9295552681766392, "x12": 13.872469245595559, "x13": 25.753224217230063, "x14": 3.9452370054141186, "x15": 17.945622071401566, "x16": 33.54837603193674, "x2": 5.7874629996266105, "x3": 5.024599070215695, "x4": 9.520939285257649, "x5": 5.498230446730425, "x6": 8.946694651275655, "x7": 6.401261820273597, "x8": 4.999841891878005, "x9": 11.514317253393767}, "datetime": {"datetime": "2023-11-30 16:37:23", "elapsed": 23260.200103, "delta": 40.260749}}
{"target": 8.04867840700557, "params": {"x0": 7.329239619115066, "x1": 28.536285110168087, "x10": 27.17151236031931, "x11": 3.9299663532847458, "x12": 13.873400026131124, "x13": 25.755910629137226, "x14": 3.9458542467744526, "x15": 17.945694752684073, "x16": 33.54849191632743, "x2": 5.787018017534708, "x3": 5.024149594828216, "x4": 9.520916860962648, "x5": 5.498205492608007, "x6": 8.946713587406942, "x7": 6.400685720108797, "x8": 5.000148999444356, "x9": 11.51435495121856}, "datetime": {"datetime": "2023-11-30 16:37:36", "elapsed": 23273.221999, "delta": 13.021896}}
{"target": 8.04867840700557, "params": {"x0": 7.329160666956489, "x1": 28.536191562264314, "x10": 27.17282318707203, "x11": 3.929946880832256, "x12": 13.873355936526808, "x13": 25.754654051561175, "x14": 3.945825009025805, "x15": 17.94693760261496, "x16": 33.548596212279044, "x2": 5.787039095633798, "x3": 5.0241708857676235, "x4": 9.520896679097147, "x5": 5.49818303389783, "x6": 8.947037395251959, "x7": 6.401204210257117, "x8": 5.000134452243844, "x9": 11.514999584022553}, "datetime": {"datetime": "2023-11-30 16:37:48", "elapsed": 23285.152231, "delta": 11.930232}}
{"target": 0.0, "params": {"x0": 7.328244260718867, "x1": 28.53509141234627, "x10": 27.171962776869297, "x11": 3.9297646989387105, "x12": 13.87318250537983, "x13": 25.755078015098107, "x14": 3.945589499278901, "x15": 17.9458358443105, "x16": 33.54932780382349, "x2": 5.7871786593210714, "x3": 5.024398530827362, "x4": 9.520859917614704, "x5": 5.498123702186486, "x6": 8.946987154525946, "x7": 6.40093075361848, "x8": 4.999970241440618, "x9": 11.514755284853628}, "datetime": {"datetime": "2023-11-30 16:38:28", "elapsed": 23325.278376, "delta": 40.126145}}
