{"target": 0.0, "params": {"x0": 8.25533007053861, "x1": 21.560631525561405, "x10": 14.926705059172948, "x11": 3.8929910330888795, "x12": 7.674047342136456, "x13": 16.54345096945389, "x14": 4.775918500929143, "x15": 13.011152439394154, "x16": 32.40940229635812, "x2": 7.201070682137389, "x3": 5.92328482614816, "x4": 7.959437012055214, "x5": 5.625321586569525, "x6": 8.958648320505098, "x7": 4.6819210965585505, "x8": 5.135225566346, "x9": 9.754189703479893}, "datetime": {"datetime": "2023-11-30 10:09:43", "elapsed": 0.0, "delta": 0.0}}
{"target": 0.0, "params": {"x0": 10.380347426686274, "x1": 6.134292566633219, "x10": 18.39753796455138, "x11": 5.574832472538731, "x12": 13.99027595107616, "x13": 20.419213897638425, "x14": 7.105222535402719, "x15": 18.781575918949315, "x16": 45.336593388539, "x2": 4.85052901489545, "x3": 4.151073399431698, "x4": 5.289721573344467, "x5": 9.214743258271913, "x6": 4.919436599255199, "x7": 6.779661426026918, "x8": 6.105102430539853, "x9": 10.64499461004354}, "datetime": {"datetime": "2023-11-30 10:09:45", "elapsed": 2.482259, "delta": 2.482259}}
{"target": 0.0, "params": {"x0": 12.3781567092571, "x1": 10.792715784761276, "x10": 26.959473162814774, "x11": 5.689160867250495, "x12": 6.686311249188553, "x13": 28.075179927574247, "x14": 8.470129820018814, "x15": 17.38770956250148, "x16": 29.388876964339588, "x2": 8.49846692137871, "x3": 4.450239642664967, "x4": 6.730088465591189, "x5": 9.376996840480015, "x6": 5.93092128857566, "x7": 6.069267003988066, "x8": 3.311568413755916, "x9": 6.694604792281567}, "datetime": {"datetime": "2023-11-30 10:09:48", "elapsed": 4.753634, "delta": 2.271375}}
{"target": 0.0, "params": {"x0": 12.182532994098365, "x1": 8.02930788560157, "x10": 19.57989226679075, "x11": 4.531564468675573, "x12": 6.955983264387184, "x13": 24.989326094838283, "x14": 4.593962284576463, "x15": 15.660804769460842, "x16": 40.277045431319515, "x2": 4.940092341328138, "x3": 5.899329015214827, "x4": 8.006992817029719, "x5": 6.742747148039337, "x6": 4.668758917340732, "x7": 7.391256050717846, "x8": 5.112708650829655, "x9": 10.504476426971511}, "datetime": {"datetime": "2023-11-30 10:10:02", "elapsed": 18.815652, "delta": 14.062018}}
{"target": 0.0, "params": {"x0": 16.1689213398622, "x1": 18.00236407735301, "x10": 30.76187761614577, "x11": 3.3366946416710634, "x12": 7.616540123472182, "x13": 29.07875372585118, "x14": 5.749026945277015, "x15": 11.05219933517933, "x16": 46.19094430371166, "x2": 6.211427153481724, "x3": 7.469286024820757, "x4": 8.17066956411534, "x5": 9.242254853944555, "x6": 7.640622032548054, "x7": 8.537021288497652, "x8": 4.050122565170032, "x9": 8.62106758862458}, "datetime": {"datetime": "2023-11-30 10:10:59", "elapsed": 76.5024, "delta": 57.686748}}
{"target": 0.0, "params": {"x0": 15.438293272941003, "x1": 13.787225650576445, "x10": 31.838924930539488, "x11": 5.11151699023857, "x12": 11.325669714399854, "x13": 16.93626575345644, "x14": 8.288909159976908, "x15": 14.145514838207042, "x16": 37.1255117609449, "x2": 6.524148638303437, "x3": 5.0740197818929955, "x4": 9.089505916512476, "x5": 7.592564304989939, "x6": 4.424868294021404, "x7": 7.824148099771217, "x8": 3.9750305565397612, "x9": 10.598038925017855}, "datetime": {"datetime": "2023-11-30 10:11:02", "elapsed": 78.932945, "delta": 2.430545}}
{"target": 0.0, "params": {"x0": 15.289131489661617, "x1": 11.903375616066494, "x10": 30.851866316714634, "x11": 4.976266374727858, "x12": 6.667343207750033, "x13": 31.218292369868383, "x14": 7.098660331946897, "x15": 20.096197778117862, "x16": 26.581797043999813, "x2": 5.120363183077587, "x3": 8.316760048679257, "x4": 8.019518076517683, "x5": 4.887648920263149, "x6": 8.323298612480777, "x7": 8.552652332121522, "x8": 5.987453992748053, "x9": 12.016329259190869}, "datetime": {"datetime": "2023-11-30 10:11:04", "elapsed": 81.423711, "delta": 2.490766}}
{"target": 0.0, "params": {"x0": 3.8640644295824704, "x1": 2.9288115601385627, "x10": 15.384194326558546, "x11": 2.968317413177369, "x12": 8.43871841437278, "x13": 30.001505957180235, "x14": 6.39873162295176, "x15": 15.264206601501485, "x16": 43.97137936954494, "x2": 5.05321777232114, "x3": 5.270554311549932, "x4": 7.444233026153931, "x5": 9.702006147047227, "x6": 7.316136535744578, "x7": 4.63535275777904, "x8": 5.574454890693471, "x9": 8.33694600185407}, "datetime": {"datetime": "2023-11-30 10:11:07", "elapsed": 83.702723, "delta": 2.279012}}
{"target": 0.0, "params": {"x0": 14.106577934281686, "x1": 12.71709313210697, "x10": 30.06310683553952, "x11": 5.393887271252355, "x12": 10.822408663058734, "x13": 17.316841978967204, "x14": 4.194389141286808, "x15": 10.57377616997526, "x16": 23.26356080942041, "x2": 4.966819588769561, "x3": 5.021256936589818, "x4": 8.103282918382265, "x5": 7.518172080384471, "x6": 4.47503997722422, "x7": 4.919478962185585, "x8": 6.136777247952917, "x9": 10.913597211517668}, "datetime": {"datetime": "2023-11-30 10:11:21", "elapsed": 97.835123, "delta": 14.1324}}
{"target": 0.0, "params": {"x0": 5.049398519914857, "x1": 9.111864805570603, "x10": 27.964413517448826, "x11": 3.532257241055285, "x12": 11.01553624823317, "x13": 31.92973242071157, "x14": 7.816383607498334, "x15": 11.861989050589749, "x16": 34.92822066253041, "x2": 7.621370621215547, "x3": 7.833708953702933, "x4": 5.2221794242667166, "x5": 4.634974005201237, "x6": 4.772714704465572, "x7": 7.127246751072505, "x8": 4.918798135402998, "x9": 10.919371159183122}, "datetime": {"datetime": "2023-11-30 10:11:35", "elapsed": 112.078315, "delta": 14.243192}}
{"target": 0.0, "params": {"x0": 6.760436139832411, "x1": 28.69718970737114, "x10": 25.08798154051037, "x11": 4.155548372900908, "x12": 10.781720477509861, "x13": 27.990859774449525, "x14": 6.9989451619863186, "x15": 12.134534543529336, "x16": 23.829190111669575, "x2": 6.327036145195071, "x3": 6.904743017734534, "x4": 5.4987013713588695, "x5": 8.5466815903204, "x6": 4.754658973414315, "x7": 5.922958845226466, "x8": 5.588363799895545, "x9": 8.032938825377718}, "datetime": {"datetime": "2023-11-30 10:11:37", "elapsed": 114.528415, "delta": 2.4501}}
{"target": 0.0, "params": {"x0": 11.591913213199103, "x1": 16.356230222691316, "x10": 31.137138605882857, "x11": 3.761268622331707, "x12": 7.052848441833185, "x13": 27.81084737602835, "x14": 7.472781034381656, "x15": 19.123203006224806, "x16": 46.306845932006595, "x2": 4.482269148013593, "x3": 5.061596045498062, "x4": 7.604911889268586, "x5": 9.59235895662362, "x6": 9.331912297699873, "x7": 7.501848186703794, "x8": 5.962422066651316, "x9": 11.478445954104812}, "datetime": {"datetime": "2023-11-30 10:12:09", "elapsed": 146.514849, "delta": 31.986434}}
{"target": 0.0, "params": {"x0": 7.8501157121186935, "x1": 15.3273517447778, "x10": 25.518625351876885, "x11": 4.727194506338494, "x12": 13.66673851737524, "x13": 31.030648366718495, "x14": 5.736133471164539, "x15": 19.725941641667603, "x16": 26.62373721442495, "x2": 5.064386910697322, "x3": 4.598739034813861, "x4": 7.029330018206325, "x5": 4.6506841625009265, "x6": 9.320485694107587, "x7": 8.942871230397664, "x8": 2.9234800486162174, "x9": 7.90040253061437}, "datetime": {"datetime": "2023-11-30 10:12:24", "elapsed": 160.900399, "delta": 14.38555}}
{"target": 0.0, "params": {"x0": 6.980953615502555, "x1": 5.884516071970389, "x10": 29.11555752739426, "x11": 4.036079360814505, "x12": 13.773810388668327, "x13": 25.127757782980282, "x14": 7.963687857850836, "x15": 18.437470262080687, "x16": 45.61666018298001, "x2": 6.79217977693106, "x3": 6.516068856286981, "x4": 8.546766602167564, "x5": 6.058310042039539, "x6": 6.949513247171225, "x7": 7.72805971913724, "x8": 2.92521548501874, "x9": 11.108741155060665}, "datetime": {"datetime": "2023-11-30 10:12:39", "elapsed": 175.607001, "delta": 14.706602}}
{"target": 0.0, "params": {"x0": 8.505145234841875, "x1": 23.875790068336784, "x10": 20.451130545143748, "x11": 5.885763658047271, "x12": 10.988612985436681, "x13": 18.15050924065044, "x14": 7.545280677452031, "x15": 15.907846113184657, "x16": 23.506540504230315, "x2": 6.586603262405864, "x3": 7.134818916068033, "x4": 9.168357209923585, "x5": 4.538141988621152, "x6": 9.469612391980888, "x7": 6.542419916965486, "x8": 6.158735171836323, "x9": 11.195120213949105}, "datetime": {"datetime": "2023-11-30 10:12:41", "elapsed": 178.333756, "delta": 2.726755}}
{"target": 0.0, "params": {"x0": 14.432687119710394, "x1": 17.68732602523552, "x10": 25.935252602046837, "x11": 3.8364486049539495, "x12": 11.05762682296836, "x13": 28.073031530765853, "x14": 7.869246926315597, "x15": 17.462896437956765, "x16": 40.232873347531736, "x2": 8.888003447682827, "x3": 5.473338807252912, "x4": 7.884685936279702, "x5": 6.938256333210324, "x6": 6.389292255523259, "x7": 6.724802872385405, "x8": 4.227552706459617, "x9": 8.985938206894808}, "datetime": {"datetime": "2023-11-30 10:14:05", "elapsed": 262.224912, "delta": 83.891156}}
{"target": 6.526350138684941, "params": {"x0": 11.32879051880452, "x1": 13.844577403845634, "x10": 31.99603470731149, "x11": 5.1599713280559385, "x12": 8.072424444160685, "x13": 22.405024714476625, "x14": 5.4989540724337145, "x15": 17.925512382311993, "x16": 44.95726355981121, "x2": 9.091901331180607, "x3": 7.058599765293473, "x4": 5.809678797314145, "x5": 5.880609785616453, "x6": 8.838371343172543, "x7": 7.347663635533003, "x8": 5.579612361865115, "x9": 10.947335213279384}, "datetime": {"datetime": "2023-11-30 10:14:12", "elapsed": 269.516098, "delta": 7.291186}}
{"target": 0.0, "params": {"x0": 12.997137879312668, "x1": 16.205709290543886, "x10": 28.438757481444398, "x11": 4.792354403833992, "x12": 10.126356972542304, "x13": 20.932242169765804, "x14": 4.2325539888924055, "x15": 13.362962583804041, "x16": 24.174318509159445, "x2": 9.500992649123706, "x3": 4.815679112904021, "x4": 8.615428054192396, "x5": 9.197795644325026, "x6": 7.9759806473591865, "x7": 7.570266231107362, "x8": 3.41598201639059, "x9": 10.135353743017959}, "datetime": {"datetime": "2023-11-30 10:14:27", "elapsed": 283.990966, "delta": 14.474868}}
{"target": 0.0, "params": {"x0": 7.177580767328225, "x1": 8.38606287785465, "x10": 25.311788566585676, "x11": 3.9265233403413484, "x12": 13.590806878396762, "x13": 30.87115653371577, "x14": 5.102064082620693, "x15": 10.460154973868043, "x16": 27.1172860772475, "x2": 6.99784600411663, "x3": 7.365666384097568, "x4": 5.48844719095754, "x5": 5.857522799033886, "x6": 8.82166031217038, "x7": 6.751641970929386, "x8": 4.953742090608628, "x9": 8.342265478154898}, "datetime": {"datetime": "2023-11-30 10:14:41", "elapsed": 298.402695, "delta": 14.411729}}
{"target": 0.0, "params": {"x0": 3.5295088913869614, "x1": 16.121796651362892, "x10": 23.289267787574914, "x11": 3.38797519582797, "x12": 11.326519393359359, "x13": 24.461523788879624, "x14": 6.929463380636943, "x15": 10.825996748479128, "x16": 41.621322216424026, "x2": 5.5602145441636, "x3": 6.390218205194446, "x4": 8.477833426187985, "x5": 4.654976520340343, "x6": 6.090197541381646, "x7": 9.186930421459792, "x8": 5.723188099892424, "x9": 10.68555434022241}, "datetime": {"datetime": "2023-11-30 10:14:56", "elapsed": 313.013439, "delta": 14.610744}}
{"target": 0.0, "params": {"x0": 14.999124112497695, "x1": 27.664839370006465, "x10": 29.412110512640933, "x11": 5.754927153682015, "x12": 7.30489851923593, "x13": 26.34245572853698, "x14": 7.156747993069031, "x15": 15.888383777956452, "x16": 42.86998965539475, "x2": 4.589078918935066, "x3": 7.559852980495316, "x4": 8.20035415183075, "x5": 5.919673039493626, "x6": 5.74161896789872, "x7": 7.904912075267721, "x8": 4.037971754392945, "x9": 12.67035170972683}, "datetime": {"datetime": "2023-11-30 10:14:59", "elapsed": 315.6017, "delta": 2.588261}}
{"target": 0.0, "params": {"x0": 8.69219348005186, "x1": 23.221134433258975, "x10": 32.2882646499961, "x11": 3.8859579969231923, "x12": 7.645214611145223, "x13": 30.72517767426458, "x14": 6.411289509142802, "x15": 19.850712675417256, "x16": 38.63715181308927, "x2": 9.558469467482281, "x3": 6.5147820889144405, "x4": 7.1368863376306, "x5": 5.257559867568521, "x6": 6.252552785696504, "x7": 4.675692526555077, "x8": 3.4140374937711035, "x9": 12.278606119850856}, "datetime": {"datetime": "2023-11-30 10:15:13", "elapsed": 330.117054, "delta": 14.515354}}
{"target": 0.0, "params": {"x0": 2.4559953489318325, "x1": 12.1500463866836, "x10": 30.04214722000262, "x11": 5.210171689956816, "x12": 11.858077753489944, "x13": 18.231616302827174, "x14": 5.952597023428844, "x15": 15.576795364276851, "x16": 47.80718669222037, "x2": 5.466234246707572, "x3": 5.123930788016098, "x4": 5.768056573943683, "x5": 8.532918618051706, "x6": 6.777132196116889, "x7": 4.839320047854314, "x8": 4.588737202315192, "x9": 8.175376921879367}, "datetime": {"datetime": "2023-11-30 10:15:27", "elapsed": 344.564913, "delta": 14.447859}}
{"target": 0.0, "params": {"x0": 13.979063671403154, "x1": 10.30901474809344, "x10": 15.408649953169622, "x11": 4.875278457473417, "x12": 13.03365152188034, "x13": 21.604141264485055, "x14": 7.370047832610293, "x15": 14.811114553976761, "x16": 36.15337913873117, "x2": 9.379869783099878, "x3": 7.717065676166692, "x4": 4.577433485110113, "x5": 8.31561527456034, "x6": 6.818707674498961, "x7": 9.584540759753093, "x8": 3.6200026187011787, "x9": 8.599109930545215}, "datetime": {"datetime": "2023-11-30 10:15:42", "elapsed": 358.799935, "delta": 14.235022}}
{"target": 0.0, "params": {"x0": 3.22210947315893, "x1": 13.801260842456722, "x10": 16.83586434451268, "x11": 5.011450045008855, "x12": 12.719363146871721, "x13": 27.1400307772844, "x14": 7.445317744815556, "x15": 12.977381755170967, "x16": 44.0705871191865, "x2": 6.631022254497113, "x3": 7.810534015862231, "x4": 7.6552501016738415, "x5": 5.300158003315064, "x6": 4.81604414124863, "x7": 4.633676321440502, "x8": 3.097956832034244, "x9": 10.07156751007865}, "datetime": {"datetime": "2023-11-30 10:15:56", "elapsed": 373.192623, "delta": 14.392688}}
{"target": 0.0, "params": {"x0": 3.700128841513857, "x1": 3.1390370793746207, "x10": 28.157874685663728, "x11": 4.205183461266381, "x12": 12.28861131732802, "x13": 22.855628055761343, "x14": 5.9902592790951035, "x15": 14.451634991526852, "x16": 34.41497035946987, "x2": 8.570386112151398, "x3": 5.844953927576764, "x4": 9.096274310579968, "x5": 4.733461263499103, "x6": 8.418669095291769, "x7": 5.205417278701872, "x8": 4.959912180188141, "x9": 6.625386659702064}, "datetime": {"datetime": "2023-11-30 10:15:59", "elapsed": 375.761343, "delta": 2.56872}}
{"target": 0.0, "params": {"x0": 10.079409238645205, "x1": 2.480277646081263, "x10": 31.59969777591458, "x11": 5.927988622526653, "x12": 12.665571429817334, "x13": 30.970007992698175, "x14": 4.58857542637587, "x15": 10.96932049753462, "x16": 26.978856597588347, "x2": 7.634528773913591, "x3": 8.191883870390704, "x4": 9.5379678239, "x5": 8.324860460304269, "x6": 8.200726119357089, "x7": 9.380714193811787, "x8": 4.22550832251311, "x9": 8.466701939978218}, "datetime": {"datetime": "2023-11-30 10:16:13", "elapsed": 390.32628, "delta": 14.564937}}
{"target": 0.0, "params": {"x0": 4.601452561806843, "x1": 5.577557538877191, "x10": 29.170251174568307, "x11": 3.368136184859145, "x12": 8.577777625694049, "x13": 29.283824754952974, "x14": 5.34817100255839, "x15": 19.934167124283864, "x16": 29.030400523290655, "x2": 7.174324326950876, "x3": 5.435045206148431, "x4": 9.127803265480477, "x5": 6.489013798439377, "x6": 6.656008255274992, "x7": 7.265495464459109, "x8": 6.0409785292363605, "x9": 6.78365452961637}, "datetime": {"datetime": "2023-11-30 10:16:16", "elapsed": 392.781209, "delta": 2.454929}}
{"target": 0.0, "params": {"x0": 12.753179954475337, "x1": 26.101104184176215, "x10": 15.403061400595341, "x11": 4.634409728728872, "x12": 9.052105266775017, "x13": 29.99206348836624, "x14": 6.489339980586165, "x15": 16.757891063649964, "x16": 33.865765691841595, "x2": 7.66464081436063, "x3": 5.32143152256678, "x4": 4.458425633866552, "x5": 7.608955621611219, "x6": 6.023281029206157, "x7": 7.292001764814019, "x8": 5.965119910545072, "x9": 9.824694058871835}, "datetime": {"datetime": "2023-11-30 10:16:18", "elapsed": 395.258752, "delta": 2.477543}}
{"target": 0.0, "params": {"x0": 5.710940549035781, "x1": 12.276414050022849, "x10": 31.260784491308538, "x11": 6.034168665889405, "x12": 13.037415242542345, "x13": 31.05647231968681, "x14": 4.967579454587922, "x15": 10.205684107173264, "x16": 28.009160998210003, "x2": 6.038470871470781, "x3": 4.783758515573124, "x4": 7.554747759017346, "x5": 6.7395884191261874, "x6": 8.63870083126497, "x7": 5.522374761977395, "x8": 5.241212162009694, "x9": 8.393698257215089}, "datetime": {"datetime": "2023-11-30 10:16:32", "elapsed": 409.528607, "delta": 14.269855}}
{"target": 0.0, "params": {"x0": 10.613286332612896, "x1": 11.683070086072984, "x10": 15.923320101573749, "x11": 3.644908851288692, "x12": 11.651718907100864, "x13": 23.64179248666613, "x14": 6.307526771494329, "x15": 11.154012863774053, "x16": 36.92625023076103, "x2": 9.573182742578528, "x3": 7.777085277186542, "x4": 7.488850191444465, "x5": 9.736069756067062, "x6": 9.080094188587083, "x7": 7.709399070234896, "x8": 2.9822193921411038, "x9": 7.265176858902283}, "datetime": {"datetime": "2023-11-30 10:16:46", "elapsed": 423.501536, "delta": 13.972929}}
{"target": 0.0, "params": {"x0": 2.980575725633396, "x1": 14.416101755193244, "x10": 21.506297886332447, "x11": 6.164021155641654, "x12": 7.837256348094559, "x13": 31.978250159134607, "x14": 7.451133326402677, "x15": 18.214659859422063, "x16": 38.53358186794755, "x2": 7.874035749670872, "x3": 6.192225438875804, "x4": 4.478046328861514, "x5": 6.416816423766843, "x6": 6.9589319317366325, "x7": 8.425925972688077, "x8": 4.45413947976247, "x9": 10.062503437845205}, "datetime": {"datetime": "2023-11-30 10:16:49", "elapsed": 425.977, "delta": 2.475464}}
{"target": 0.0, "params": {"x0": 4.064941114184047, "x1": 2.689640319172541, "x10": 28.21777287311803, "x11": 3.9524488568093177, "x12": 14.114230595157828, "x13": 18.785538125105703, "x14": 5.477605299687076, "x15": 14.949765332372252, "x16": 41.70866450890803, "x2": 6.812783320603531, "x3": 4.5509226959866345, "x4": 6.028757140588817, "x5": 7.2240781361668995, "x6": 7.900537861527374, "x7": 8.639358967230827, "x8": 3.312605059252373, "x9": 6.7218852786852645}, "datetime": {"datetime": "2023-11-30 10:16:51", "elapsed": 428.481428, "delta": 2.504428}}
{"target": 0.0, "params": {"x0": 9.786234833179842, "x1": 23.945699703620274, "x10": 15.14565159829395, "x11": 5.141982243799559, "x12": 11.826293731474948, "x13": 22.80026513842591, "x14": 8.129189367335774, "x15": 16.259291607959366, "x16": 22.242760768360558, "x2": 6.919339347764465, "x3": 7.975139612027013, "x4": 8.711469772793418, "x5": 7.994693562215282, "x6": 7.899757835794912, "x7": 7.61824576111686, "x8": 3.7977897693230256, "x9": 10.855390885235543}, "datetime": {"datetime": "2023-11-30 10:16:54", "elapsed": 430.976936, "delta": 2.495508}}
{"target": 0.0, "params": {"x0": 12.075946772261304, "x1": 11.774628163756475, "x10": 29.927884774981706, "x11": 3.5309344927877815, "x12": 12.291550782318026, "x13": 20.001609902303674, "x14": 7.480243359327521, "x15": 13.90446141228075, "x16": 43.0798815100531, "x2": 6.24131058862019, "x3": 4.965237873829107, "x4": 8.384533753624751, "x5": 6.180444296976109, "x6": 8.208209450822894, "x7": 8.502552959598157, "x8": 3.6198810275446336, "x9": 8.191922575159237}, "datetime": {"datetime": "2023-11-30 10:17:08", "elapsed": 445.162865, "delta": 14.185929}}
{"target": 0.0, "params": {"x0": 4.984218851406, "x1": 6.190987784571468, "x10": 21.535184213664092, "x11": 2.9626531341034075, "x12": 7.3985223493566625, "x13": 26.750212074986848, "x14": 7.59981144403129, "x15": 10.13010427760183, "x16": 28.123221215460372, "x2": 5.485500928143758, "x3": 8.245609071086562, "x4": 8.094609203947002, "x5": 7.487097207681936, "x6": 5.987403177428813, "x7": 8.984102365782224, "x8": 4.341696423425052, "x9": 13.645785455562216}, "datetime": {"datetime": "2023-11-30 10:17:11", "elapsed": 447.765206, "delta": 2.602341}}
{"target": 0.0, "params": {"x0": 12.590777065038997, "x1": 15.11563279187654, "x10": 17.13723884478851, "x11": 6.166361356698367, "x12": 7.774597004035597, "x13": 18.476436816375816, "x14": 5.903243382652155, "x15": 13.648617236919314, "x16": 25.917337000414122, "x2": 8.187872002290618, "x3": 4.848929501781441, "x4": 7.745379437534414, "x5": 8.55494210467052, "x6": 5.501593790991602, "x7": 7.737884233917506, "x8": 5.39998390942955, "x9": 11.452708378475496}, "datetime": {"datetime": "2023-11-30 10:17:13", "elapsed": 450.231029, "delta": 2.465823}}
{"target": 0.0, "params": {"x0": 10.956909544199736, "x1": 10.259828798436223, "x10": 27.750200404746394, "x11": 6.06264879993583, "x12": 9.81767130516493, "x13": 28.636816558144638, "x14": 4.177005977355864, "x15": 18.334603482027422, "x16": 27.098779286813986, "x2": 6.456601780850061, "x3": 5.367977836104012, "x4": 4.824936874915336, "x5": 9.355873983644303, "x6": 6.327398639728364, "x7": 7.363555952200871, "x8": 4.540145927640559, "x9": 7.561834155942474}, "datetime": {"datetime": "2023-11-30 10:17:27", "elapsed": 464.565305, "delta": 14.334276}}
{"target": 0.0, "params": {"x0": 5.096810883341496, "x1": 4.426622320259743, "x10": 23.828872153060857, "x11": 3.7553728077052315, "x12": 9.291003886056235, "x13": 16.819150051259783, "x14": 7.543543607552561, "x15": 10.413330691020342, "x16": 47.702206741830864, "x2": 5.327694831791002, "x3": 6.637552634170335, "x4": 4.642298833171477, "x5": 8.729755591286285, "x6": 5.392158809698776, "x7": 7.348672396958499, "x8": 5.3701176616359705, "x9": 7.698463214934814}, "datetime": {"datetime": "2023-11-30 10:17:31", "elapsed": 468.322614, "delta": 3.757309}}
