{"target": 0.0, "params": {"x0": 16.680092077375207, "x1": 8.687817024365991, "x10": 26.505385538441892, "x11": 3.1752498304608276, "x12": 8.166233465330253, "x13": 23.739513137707746, "x14": 4.401680744588993, "x15": 13.48198721133327, "x16": 36.07641193377904, "x2": 6.1670776777048175, "x3": 6.560606784272095, "x4": 7.190459907661964, "x5": 6.617172737270234, "x6": 8.016679030463713, "x7": 8.15095451490094, "x8": 5.192035747248941, "x9": 10.86278169240487}, "datetime": {"datetime": "2023-11-30 10:44:52", "elapsed": 2108.668194, "delta": 48.322653}}
{"target": 0.0, "params": {"x0": 7.3711987101940375, "x1": 18.708788120762527, "x10": 31.32871819540171, "x11": 4.886940638577691, "x12": 14.077377014579877, "x13": 22.655810659739757, "x14": 7.322885941029736, "x15": 9.663476723248342, "x16": 41.964050744270025, "x2": 7.094698586092888, "x3": 3.9937856766646633, "x4": 5.84589654277386, "x5": 7.385586134865556, "x6": 8.388047709497194, "x7": 4.818877348571053, "x8": 4.725525940929193, "x9": 12.704226741711242}, "datetime": {"datetime": "2023-11-30 10:45:06", "elapsed": 2123.410368, "delta": 14.742174}}
{"target": 0.0, "params": {"x0": 11.743745823177184, "x1": 27.176490598811426, "x10": 16.234787069975773, "x11": 3.806855727399419, "x12": 13.613349475224009, "x13": 28.335699252755425, "x14": 6.679084857536176, "x15": 18.309563504395257, "x16": 45.37390292833145, "x2": 9.448691427777632, "x3": 8.624102604052675, "x4": 5.133383548483656, "x5": 4.911848014394429, "x6": 4.790557269585439, "x7": 4.614554917914917, "x8": 6.152109654256713, "x9": 7.274324913873052}, "datetime": {"datetime": "2023-11-30 10:45:09", "elapsed": 2126.224584, "delta": 2.814216}}
{"target": 0.0, "params": {"x0": 14.626052392787745, "x1": 20.62560171774481, "x10": 23.471869680276043, "x11": 4.042687207656385, "x12": 9.264756375643376, "x13": 19.374647910875602, "x14": 8.111833529340037, "x15": 17.14286985505652, "x16": 22.779904690912026, "x2": 6.800680091820054, "x3": 5.280426532566615, "x4": 4.5600448444015145, "x5": 9.249585132879922, "x6": 8.403807754205253, "x7": 6.292828502213422, "x8": 5.560707297783877, "x9": 9.04171420408996}, "datetime": {"datetime": "2023-11-30 10:45:12", "elapsed": 2129.035078, "delta": 2.810494}}
{"target": 0.0, "params": {"x0": 6.618236657264701, "x1": 27.08770148811932, "x10": 32.05062646860792, "x11": 4.639485020236682, "x12": 13.864748729362748, "x13": 30.491811336427283, "x14": 6.303000274506744, "x15": 13.306703128080926, "x16": 40.552193193393975, "x2": 6.77023293964584, "x3": 6.790502517064419, "x4": 9.540304099889923, "x5": 8.659425779768064, "x6": 6.14155177786802, "x7": 5.01018252054163, "x8": 3.4967454238354607, "x9": 10.596453332981959}, "datetime": {"datetime": "2023-11-30 10:45:27", "elapsed": 2144.082869, "delta": 15.047791}}
{"target": 0.0, "params": {"x0": 8.256536271602869, "x1": 23.697546906237775, "x10": 31.284296909815446, "x11": 3.4729868054870305, "x12": 13.158409374558877, "x13": 31.7084074954623, "x14": 8.334851309208178, "x15": 9.666289046073711, "x16": 23.601947856725207, "x2": 4.440030495313629, "x3": 5.4267195499968315, "x4": 4.698517777848702, "x5": 6.101699322587059, "x6": 6.254165397641546, "x7": 9.617191154429056, "x8": 4.482223192839383, "x9": 8.68496408840064}, "datetime": {"datetime": "2023-11-30 10:45:30", "elapsed": 2146.813158, "delta": 2.730289}}
{"target": 0.0, "params": {"x0": 9.545077925764321, "x1": 19.513320795667006, "x10": 16.874903387510678, "x11": 5.430803259204361, "x12": 13.0959702571195, "x13": 29.72490658816782, "x14": 8.017424848226366, "x15": 13.405555958173178, "x16": 33.630812063904045, "x2": 4.936192045401141, "x3": 5.021711872374418, "x4": 9.441440030835233, "x5": 6.052476506665422, "x6": 9.110312016808365, "x7": 9.28086258182364, "x8": 5.985699175555471, "x9": 7.746271541159494}, "datetime": {"datetime": "2023-11-30 10:45:33", "elapsed": 2149.596348, "delta": 2.78319}}
{"target": 0.0, "params": {"x0": 15.195832152520714, "x1": 19.211065682319447, "x10": 18.61713834458866, "x11": 4.037359142833906, "x12": 7.775251597947563, "x13": 22.714389808925077, "x14": 4.304199357559886, "x15": 11.051811182614495, "x16": 27.22721865016142, "x2": 7.989521629263727, "x3": 6.644068976048876, "x4": 8.933813834310271, "x5": 5.839410302151941, "x6": 7.671369215803971, "x7": 4.719449781556205, "x8": 4.6146600870584615, "x9": 13.182703127305103}, "datetime": {"datetime": "2023-11-30 10:45:35", "elapsed": 2152.303641, "delta": 2.707293}}
{"target": 0.0, "params": {"x0": 16.761898158273752, "x1": 2.6626211445472325, "x10": 19.357162885695814, "x11": 3.6281583275532014, "x12": 6.91119754697956, "x13": 15.103029261742686, "x14": 6.17487098319775, "x15": 9.749118212723499, "x16": 29.33393524244917, "x2": 7.725068267984165, "x3": 5.3428542977569355, "x4": 5.806811352003886, "x5": 7.682431870513726, "x6": 6.3811665199459355, "x7": 8.279042724946345, "x8": 4.546920661097531, "x9": 11.414192761079683}, "datetime": {"datetime": "2023-11-30 10:45:50", "elapsed": 2167.081063, "delta": 14.777422}}
{"target": 0.0, "params": {"x0": 7.300915205024442, "x1": 10.035368967736531, "x10": 17.25990062832507, "x11": 6.0348840504656245, "x12": 12.73376088567704, "x13": 31.368903178656755, "x14": 4.771869478848904, "x15": 19.398663035346154, "x16": 46.40502924285855, "x2": 5.87876058046693, "x3": 5.249344866152049, "x4": 7.26641555162807, "x5": 5.523221067355647, "x6": 6.700083753046647, "x7": 5.523372417555982, "x8": 6.06962529754384, "x9": 10.34252026158596}, "datetime": {"datetime": "2023-11-30 10:45:53", "elapsed": 2169.791655, "delta": 2.710592}}
{"target": 0.0, "params": {"x0": 16.45876651135997, "x1": 19.555448488824833, "x10": 23.41504609072154, "x11": 6.1381908379714645, "x12": 7.646628955645994, "x13": 26.009822100828487, "x14": 6.9651397794792125, "x15": 13.970799225046422, "x16": 23.648005327486576, "x2": 6.962303074040053, "x3": 6.1374544446812775, "x4": 8.588948479813794, "x5": 5.903489754469457, "x6": 6.437609280258512, "x7": 5.815637520075498, "x8": 5.189134660157625, "x9": 14.156517919327747}, "datetime": {"datetime": "2023-11-30 10:45:55", "elapsed": 2172.417504, "delta": 2.625849}}
{"target": 0.0, "params": {"x0": 4.661443053023929, "x1": 24.250483290019506, "x10": 18.9740680373426, "x11": 3.068433584645065, "x12": 7.613004680645966, "x13": 31.3184952073274, "x14": 8.008381593328046, "x15": 12.39913514219652, "x16": 46.71691039883399, "x2": 8.81264017249875, "x3": 5.995360649962143, "x4": 6.83449669420833, "x5": 7.891856898996476, "x6": 5.22860490511255, "x7": 4.614758958161871, "x8": 3.7687437517588185, "x9": 6.664439908555112}, "datetime": {"datetime": "2023-11-30 10:46:10", "elapsed": 2187.079628, "delta": 14.662124}}
{"target": 0.0, "params": {"x0": 12.117482662433861, "x1": 17.069071032619856, "x10": 20.563384981304054, "x11": 5.505514766376913, "x12": 7.666585866437935, "x13": 19.21760452587908, "x14": 5.264061783914415, "x15": 11.384597817611944, "x16": 24.390168625997752, "x2": 8.916476613806926, "x3": 4.38013546565438, "x4": 7.951619539556084, "x5": 5.17749587189795, "x6": 4.465420836286822, "x7": 7.505125129839141, "x8": 5.933748795935618, "x9": 13.161407132486376}, "datetime": {"datetime": "2023-11-30 10:46:13", "elapsed": 2189.947602, "delta": 2.867974}}
{"target": 0.7256751863352461, "params": {"x0": 7.0767707617737505, "x1": 3.122424860067935, "x10": 28.96424501104256, "x11": 5.592515555518249, "x12": 13.223157731005495, "x13": 26.66400668377802, "x14": 7.636644547463835, "x15": 19.011044827601037, "x16": 33.891120792393956, "x2": 7.299535073243236, "x3": 6.328583322597231, "x4": 7.994476625435453, "x5": 8.174527790731974, "x6": 7.105224633771979, "x7": 8.950078292999391, "x8": 4.579501962783725, "x9": 12.887707542755095}, "datetime": {"datetime": "2023-11-30 10:50:11", "elapsed": 2427.885966, "delta": 237.938364}}
{"target": 0.0, "params": {"x0": 6.227676322148644, "x1": 7.147962557201188, "x10": 31.927113020485045, "x11": 5.376400734698985, "x12": 8.543134413140322, "x13": 25.114104291569618, "x14": 8.315481100585567, "x15": 10.132543430261984, "x16": 24.27579934108941, "x2": 7.61711842675512, "x3": 5.015588598333235, "x4": 8.373652895879573, "x5": 7.563116748832832, "x6": 7.860854307357705, "x7": 5.110432463433588, "x8": 3.157204728767517, "x9": 11.352005845773588}, "datetime": {"datetime": "2023-11-30 10:50:14", "elapsed": 2430.781672, "delta": 2.895706}}
{"target": 0.0, "params": {"x0": 8.145968917010308, "x1": 4.720917134994716, "x10": 21.429673594500805, "x11": 5.1408840959460695, "x12": 8.003361685113026, "x13": 30.627368709973304, "x14": 8.290552958737265, "x15": 19.707570479788842, "x16": 41.06446174381824, "x2": 6.514574055425472, "x3": 7.436358753389387, "x4": 5.901772034643213, "x5": 6.2112149608978955, "x6": 7.548543151108504, "x7": 7.705345526797386, "x8": 5.837753598480072, "x9": 8.503223369971913}, "datetime": {"datetime": "2023-11-30 10:50:17", "elapsed": 2433.60777, "delta": 2.826098}}
{"target": 0.0, "params": {"x0": 13.492825478042326, "x1": 27.430952897382774, "x10": 14.942807929249684, "x11": 4.479315119786302, "x12": 11.597420273739534, "x13": 29.708661933937584, "x14": 4.764315764982861, "x15": 18.561664612465524, "x16": 31.568032669255505, "x2": 9.031978953650572, "x3": 4.098192132450466, "x4": 4.852320920658024, "x5": 9.764954961537912, "x6": 7.567219975506712, "x7": 6.761145143825969, "x8": 3.443796344830389, "x9": 11.542530005645391}, "datetime": {"datetime": "2023-11-30 10:50:19", "elapsed": 2436.333771, "delta": 2.726001}}
{"target": 0.0, "params": {"x0": 2.5546260253903674, "x1": 10.688930098054744, "x10": 20.595484410736685, "x11": 4.922551925475509, "x12": 11.549681200076765, "x13": 29.75654475737485, "x14": 8.188069562587973, "x15": 16.43427177376922, "x16": 37.11991086974715, "x2": 6.475346515998264, "x3": 8.475347440697666, "x4": 5.208130110091611, "x5": 9.30502251648, "x6": 6.021047691643479, "x7": 7.458349869741003, "x8": 5.17436438245569, "x9": 8.363820561186278}, "datetime": {"datetime": "2023-11-30 10:50:22", "elapsed": 2439.158207, "delta": 2.824436}}
{"target": 5.786802617949505, "params": {"x0": 4.516050275754074, "x1": 15.925621557227785, "x10": 28.806548857324646, "x11": 5.209283361136579, "x12": 7.460438400188442, "x13": 30.715251475536526, "x14": 6.126736073613851, "x15": 19.54564350934251, "x16": 36.47749167666622, "x2": 4.849273436200628, "x3": 4.9128826723146855, "x4": 8.834952699706863, "x5": 8.297181010122424, "x6": 9.045786714392147, "x7": 6.289689897560029, "x8": 4.654487912814005, "x9": 11.546351081417404}, "datetime": {"datetime": "2023-11-30 10:54:47", "elapsed": 2704.053244, "delta": 264.895037}}
{"target": 0.0, "params": {"x0": 10.914362803799968, "x1": 8.556914085210991, "x10": 22.40713434863724, "x11": 3.7100273243246535, "x12": 13.047295198610385, "x13": 32.22174761675747, "x14": 4.225012092657716, "x15": 17.01552606756123, "x16": 30.678678497732484, "x2": 7.649755259653222, "x3": 5.172400424952082, "x4": 7.7822194162180045, "x5": 6.513472198817423, "x6": 5.937172156001472, "x7": 9.393874189461872, "x8": 6.053168201188914, "x9": 11.263040734210257}, "datetime": {"datetime": "2023-11-30 10:55:03", "elapsed": 2720.105437, "delta": 16.052193}}
{"target": 0.0, "params": {"x0": 5.2170167124603894, "x1": 27.38854196610384, "x10": 28.080600946187907, "x11": 5.407277445830076, "x12": 8.17354065511607, "x13": 29.477841997540807, "x14": 5.023709975573218, "x15": 16.12079647331639, "x16": 40.5621901157546, "x2": 8.255546165882787, "x3": 5.788414052843247, "x4": 8.345895554989385, "x5": 9.346842486504471, "x6": 7.452835699650649, "x7": 5.017702965221886, "x8": 3.308016560889696, "x9": 7.355021462499503}, "datetime": {"datetime": "2023-11-30 10:55:20", "elapsed": 2736.823482, "delta": 16.718045}}
{"target": 6.40840783107437, "params": {"x0": 4.5909119498432, "x1": 5.763061681705622, "x10": 28.568781583419554, "x11": 3.0057902067151887, "x12": 8.402946047566967, "x13": 30.335261455654717, "x14": 8.399512612657292, "x15": 15.836000477197649, "x16": 47.45628852053379, "x2": 4.63507898608358, "x3": 8.391246246168947, "x4": 6.022513707122946, "x5": 8.792927293446567, "x6": 8.60905875585495, "x7": 9.118072495940078, "x8": 4.420133856309399, "x9": 13.701052473603268}, "datetime": {"datetime": "2023-11-30 10:59:27", "elapsed": 2984.437742, "delta": 247.61426}}
{"target": 0.0, "params": {"x0": 5.868394766405599, "x1": 27.256250101286952, "x10": 25.77823864268156, "x11": 6.1980853209898354, "x12": 6.796685627839988, "x13": 27.637306629332677, "x14": 6.521733034608818, "x15": 14.607644849648171, "x16": 28.83771338152243, "x2": 6.102982947607823, "x3": 5.13199280764187, "x4": 5.545807775483815, "x5": 8.796592942332342, "x6": 7.012406130552979, "x7": 4.9792357269776035, "x8": 5.494655457577192, "x9": 10.648714286377373}, "datetime": {"datetime": "2023-11-30 10:59:32", "elapsed": 2988.872228, "delta": 4.434486}}
{"target": 0.0, "params": {"x0": 13.09081681019573, "x1": 16.10947223760703, "x10": 21.935992015013753, "x11": 6.200791142653033, "x12": 6.762846209384571, "x13": 31.276610964968746, "x14": 8.20313924560558, "x15": 13.504220945247749, "x16": 27.675623522770465, "x2": 7.617524883294178, "x3": 4.79870702796193, "x4": 8.570618446619083, "x5": 5.888959584116574, "x6": 5.916375883069271, "x7": 9.41599932917305, "x8": 5.919602562876046, "x9": 10.66202952415929}, "datetime": {"datetime": "2023-11-30 10:59:35", "elapsed": 2992.185681, "delta": 3.313453}}
{"target": 0.0, "params": {"x0": 14.942584708679234, "x1": 11.777366330214644, "x10": 32.41821012784948, "x11": 4.336242656648154, "x12": 8.812391633913911, "x13": 15.653521265669273, "x14": 8.474023166889616, "x15": 14.308307480590056, "x16": 41.181375225840355, "x2": 7.729383492557631, "x3": 7.340061429242938, "x4": 4.674754481819282, "x5": 9.438001920022955, "x6": 9.211037508733611, "x7": 7.477029504677562, "x8": 6.125437774777149, "x9": 8.70585474170414}, "datetime": {"datetime": "2023-11-30 10:59:41", "elapsed": 2998.454531, "delta": 6.26885}}
{"target": 0.0, "params": {"x0": 11.032199407048179, "x1": 12.945907555399797, "x10": 25.934324066608205, "x11": 3.8872535943945357, "x12": 12.845418876266278, "x13": 16.14809007476588, "x14": 4.111354080576823, "x15": 9.791668338794906, "x16": 26.013505539611774, "x2": 6.457915454256495, "x3": 8.423028129916949, "x4": 4.983920377625053, "x5": 7.9861623084299245, "x6": 7.143079413803889, "x7": 6.418075539077739, "x8": 3.541603479418055, "x9": 8.241759657691427}, "datetime": {"datetime": "2023-11-30 10:59:46", "elapsed": 3003.015989, "delta": 4.561458}}
{"target": 0.0, "params": {"x0": 2.657322645907204, "x1": 21.370161686051066, "x10": 26.38691099602987, "x11": 4.370256788570303, "x12": 12.073338148127572, "x13": 16.852644782549937, "x14": 8.239336611182516, "x15": 18.468910905457683, "x16": 39.21961536028013, "x2": 6.372345453667771, "x3": 5.911034090666753, "x4": 6.907557316775682, "x5": 9.519191926596235, "x6": 8.88341150647577, "x7": 7.0823782686258285, "x8": 4.743967220589846, "x9": 13.276330135520794}, "datetime": {"datetime": "2023-11-30 10:59:54", "elapsed": 3010.596766, "delta": 7.580777}}
{"target": 0.0, "params": {"x0": 16.23896650658435, "x1": 19.402314506095344, "x10": 28.04671032336544, "x11": 4.059323084022678, "x12": 13.604052534126005, "x13": 29.593465485167577, "x14": 6.459602810101338, "x15": 18.686328344842707, "x16": 44.17498319660854, "x2": 8.597570827219815, "x3": 4.5782899473406236, "x4": 7.186493337576987, "x5": 9.33537243515845, "x6": 8.402908882268841, "x7": 6.777559924406222, "x8": 6.1725595993538676, "x9": 8.473794492396046}, "datetime": {"datetime": "2023-11-30 11:00:02", "elapsed": 3018.752431, "delta": 8.155665}}
{"target": 0.0, "params": {"x0": 7.004153432718466, "x1": 27.781733497627066, "x10": 29.10196528289704, "x11": 5.910907311220777, "x12": 6.63480771713692, "x13": 21.58219836974575, "x14": 5.002660461883907, "x15": 12.471691575047293, "x16": 41.26993385691998, "x2": 8.160759496395904, "x3": 6.121908850348024, "x4": 6.302121709052745, "x5": 7.651236914088114, "x6": 7.174606169005552, "x7": 7.469487890393889, "x8": 4.949665828769301, "x9": 9.587681306156277}, "datetime": {"datetime": "2023-11-30 11:00:11", "elapsed": 3028.571596, "delta": 9.819165}}
{"target": 0.0, "params": {"x0": 13.575777236231875, "x1": 9.082004677093684, "x10": 26.42057971780675, "x11": 6.113564136953629, "x12": 6.573031131306786, "x13": 27.605653124858826, "x14": 4.420282342171364, "x15": 15.165996306880778, "x16": 38.38557743873158, "x2": 5.66846611149275, "x3": 8.229340146399688, "x4": 7.633578898622581, "x5": 5.770469315751813, "x6": 8.399284731767002, "x7": 5.098141722225799, "x8": 4.746352314852168, "x9": 7.2757792382834365}, "datetime": {"datetime": "2023-11-30 11:00:18", "elapsed": 3034.798784, "delta": 6.227188}}
{"target": 0.0, "params": {"x0": 10.714761090125293, "x1": 9.129270998357011, "x10": 26.310242823531475, "x11": 5.288286469724643, "x12": 10.575953516172609, "x13": 26.451444789880142, "x14": 7.6620289112621665, "x15": 18.032842900122745, "x16": 38.197734414865835, "x2": 6.746710753785614, "x3": 5.8708628489388275, "x4": 8.941192671104602, "x5": 8.28122026870537, "x6": 5.367963415894221, "x7": 7.550220877240715, "x8": 5.939481824193312, "x9": 7.704295074400058}, "datetime": {"datetime": "2023-11-30 11:00:25", "elapsed": 3041.795546, "delta": 6.996762}}
{"target": 0.0, "params": {"x0": 14.682765132960597, "x1": 24.217385603988305, "x10": 23.67844911041182, "x11": 2.9996229484533568, "x12": 7.679787762994878, "x13": 31.09910990110922, "x14": 4.121835695175457, "x15": 13.303985090086101, "x16": 38.18105457906242, "x2": 5.430190841574607, "x3": 8.542793828254267, "x4": 5.217951707164929, "x5": 7.41141075181927, "x6": 7.611298660115619, "x7": 5.766714446512182, "x8": 4.4463130531880015, "x9": 10.320868177091441}, "datetime": {"datetime": "2023-11-30 11:00:42", "elapsed": 3058.875905, "delta": 17.080359}}
{"target": 0.0, "params": {"x0": 13.50293564489813, "x1": 19.271868023785032, "x10": 23.121132960267243, "x11": 5.12333091775375, "x12": 10.031537681558575, "x13": 24.140739623169715, "x14": 6.949856981684828, "x15": 11.224402519067649, "x16": 42.56966747547084, "x2": 7.532842448448898, "x3": 8.539311910510223, "x4": 5.561944942491491, "x5": 7.020267774359503, "x6": 9.049424537465132, "x7": 7.740437206875143, "x8": 5.322475529432241, "x9": 9.72624442447858}, "datetime": {"datetime": "2023-11-30 11:00:57", "elapsed": 3073.788653, "delta": 14.912748}}
{"target": 0.0, "params": {"x0": 12.264644327469798, "x1": 27.565063793945182, "x10": 18.43408184404976, "x11": 5.597173346427629, "x12": 14.000089959831264, "x13": 15.180098609050265, "x14": 4.909166685176832, "x15": 10.530657549955908, "x16": 42.03407951578522, "x2": 4.830701915183359, "x3": 8.623604010150812, "x4": 6.428190242254801, "x5": 9.35892033689124, "x6": 5.386831986127244, "x7": 6.8849670806531655, "x8": 5.723533002054532, "x9": 11.122491235684398}, "datetime": {"datetime": "2023-11-30 11:01:00", "elapsed": 3076.794419, "delta": 3.005766}}
{"target": 0.0, "params": {"x0": 8.932371450370358, "x1": 16.036483263739328, "x10": 24.985257617738988, "x11": 4.358613134076825, "x12": 8.03389740235529, "x13": 16.922588177836413, "x14": 4.614671904099318, "x15": 9.825308271661877, "x16": 36.6136268955249, "x2": 8.801194852706535, "x3": 5.6432143580642045, "x4": 4.800110320253537, "x5": 6.8042596670567, "x6": 7.528400603284966, "x7": 6.802549664586997, "x8": 5.608497730684709, "x9": 13.787486592431103}, "datetime": {"datetime": "2023-11-30 11:01:15", "elapsed": 3092.015891, "delta": 15.221472}}
{"target": 0.0, "params": {"x0": 15.048661599025316, "x1": 21.126386654245035, "x10": 23.169322330786404, "x11": 5.176496275972731, "x12": 6.648868022544933, "x13": 32.14813090421193, "x14": 4.710637542942043, "x15": 19.10629426034106, "x16": 43.06459997260311, "x2": 8.554723565124597, "x3": 5.222779901393973, "x4": 5.545216713822597, "x5": 6.8206500918462645, "x6": 8.809742301784793, "x7": 6.935622735089325, "x8": 6.029281632705429, "x9": 9.257310275507713}, "datetime": {"datetime": "2023-11-30 11:01:18", "elapsed": 3094.788688, "delta": 2.772797}}
{"target": 0.0, "params": {"x0": 11.290882485451396, "x1": 28.486594367063752, "x10": 26.204984092394653, "x11": 3.026329180207413, "x12": 10.109805049491332, "x13": 20.793091906106756, "x14": 6.368125231535564, "x15": 12.350062135349905, "x16": 25.281408460890393, "x2": 7.8717369617291535, "x3": 7.14549917730327, "x4": 8.901781573995278, "x5": 5.241328597702265, "x6": 8.5468531968802, "x7": 8.941023838222527, "x8": 5.054518103198687, "x9": 8.121264410048981}, "datetime": {"datetime": "2023-11-30 11:01:33", "elapsed": 3109.823953, "delta": 15.035265}}
{"target": 0.0, "params": {"x0": 5.921310716087569, "x1": 13.532015346542074, "x10": 24.422762825324952, "x11": 4.483866637350377, "x12": 10.139812125980027, "x13": 29.64761155419123, "x14": 7.923507167037673, "x15": 18.13330564515408, "x16": 44.900218317119794, "x2": 7.367825386834038, "x3": 8.4633364536268, "x4": 7.551899723937423, "x5": 7.753833564472543, "x6": 6.063962278046525, "x7": 8.165455892975478, "x8": 3.04815301929249, "x9": 7.58017361259242}, "datetime": {"datetime": "2023-11-30 11:01:48", "elapsed": 3124.71595, "delta": 14.891997}}
{"target": 0.0, "params": {"x0": 3.9536325135914763, "x1": 19.82835424017797, "x10": 17.998385533306624, "x11": 4.02396584038002, "x12": 6.886394597038408, "x13": 19.0222035734585, "x14": 8.356731722416331, "x15": 14.789350788994426, "x16": 26.02959159134029, "x2": 7.119184194384525, "x3": 8.367640747793459, "x4": 8.894253552552811, "x5": 6.624926949661101, "x6": 5.880433732742226, "x7": 8.594496708426929, "x8": 3.684290305615539, "x9": 8.50039088201852}, "datetime": {"datetime": "2023-11-30 11:02:02", "elapsed": 3139.500612, "delta": 14.784662}}
