{"target": 0.0, "params": {"x0": 3.2612953126989424, "x1": 25.386232920723113, "x10": 22.77663673017288, "x11": 4.768491557802294, "x12": 12.209975869322399, "x13": 28.887627734130138, "x14": 5.978390462144617, "x15": 11.256277012164633, "x16": 43.626074462494806, "x2": 4.570569431910365, "x3": 8.382647192912275, "x4": 7.398745244753458, "x5": 9.20007119846526, "x6": 7.562368963523034, "x7": 5.876842264363581, "x8": 3.8720608138445796, "x9": 10.64312838737077}, "datetime": {"datetime": "2023-11-30 11:02:55", "elapsed": 3191.914859, "delta": 52.414247}}
{"target": 0.0, "params": {"x0": 16.431173192706403, "x1": 7.307583079438725, "x10": 23.86352450787559, "x11": 4.032878576237287, "x12": 12.46381028723782, "x13": 28.999431227052252, "x14": 5.872764355139043, "x15": 11.473634048438427, "x16": 23.84878518057526, "x2": 5.438998009698508, "x3": 5.23893276330318, "x4": 7.51172659476971, "x5": 9.187788873478194, "x6": 5.074236263219619, "x7": 9.641229615856966, "x8": 5.178091695501431, "x9": 12.250366222436796}, "datetime": {"datetime": "2023-11-30 11:03:10", "elapsed": 3206.712939, "delta": 14.79808}}
{"target": 0.0, "params": {"x0": 16.74321178881486, "x1": 13.468280551642579, "x10": 24.243677107234696, "x11": 5.164736179140432, "x12": 10.488991821317407, "x13": 20.168318869311246, "x14": 4.403664571641825, "x15": 12.352083383287146, "x16": 42.0711943703489, "x2": 7.729254409060562, "x3": 7.704803738333284, "x4": 7.08868435560681, "x5": 5.772628916397273, "x6": 7.662842781766256, "x7": 6.155741250838831, "x8": 2.972441796932355, "x9": 13.49105208607423}, "datetime": {"datetime": "2023-11-30 11:03:24", "elapsed": 3221.33665, "delta": 14.623711}}
{"target": 0.0, "params": {"x0": 8.305543532041776, "x1": 13.735078759297345, "x10": 27.91928767140869, "x11": 6.07327803948947, "x12": 7.10324288893035, "x13": 17.95225369561166, "x14": 5.40234705098004, "x15": 11.95522061215706, "x16": 34.97301998301356, "x2": 8.680700783932, "x3": 7.950219398460424, "x4": 7.496399099864075, "x5": 5.815645653851923, "x6": 5.37603212525251, "x7": 8.496784650078064, "x8": 3.673255116112387, "x9": 10.69362966397787}, "datetime": {"datetime": "2023-11-30 11:03:27", "elapsed": 3224.41573, "delta": 3.07908}}
{"target": 0.0, "params": {"x0": 13.239211806907877, "x1": 8.471426182769266, "x10": 17.983810518862747, "x11": 3.0068841007815523, "x12": 7.680297765539817, "x13": 29.85093490212492, "x14": 4.400218174579695, "x15": 11.68585583190926, "x16": 22.95729310292389, "x2": 7.913527371637622, "x3": 5.049200045508523, "x4": 6.552405098213139, "x5": 5.278196640812816, "x6": 6.3639855498276034, "x7": 6.79740282012467, "x8": 4.468772933556428, "x9": 9.796761563728682}, "datetime": {"datetime": "2023-11-30 11:03:42", "elapsed": 3238.623413, "delta": 14.207683}}
{"target": 0.0, "params": {"x0": 3.5413484581124646, "x1": 22.95063509239907, "x10": 17.33000356478024, "x11": 4.30453218792502, "x12": 8.63666176620444, "x13": 20.201549846956606, "x14": 7.013618332060831, "x15": 14.883352359886103, "x16": 27.042614404992428, "x2": 6.840116398336893, "x3": 5.551939530328367, "x4": 8.059295486925294, "x5": 5.740635238560621, "x6": 8.787038551516229, "x7": 7.3397516545426065, "x8": 4.562090686871672, "x9": 8.496188694836619}, "datetime": {"datetime": "2023-11-30 11:03:56", "elapsed": 3253.396101, "delta": 14.772688}}
{"target": 6.171087222146798, "params": {"x0": 4.79233504604996, "x1": 14.950387068820076, "x10": 32.13667113912746, "x11": 3.321278808366069, "x12": 8.72512925796636, "x13": 28.960420169893556, "x14": 6.978435108465304, "x15": 12.284971157542877, "x16": 30.277028546086623, "x2": 6.585331957801992, "x3": 6.779191885573585, "x4": 8.136174814205171, "x5": 9.103696176628159, "x6": 7.938157416974562, "x7": 5.798640439505209, "x8": 5.996551374438675, "x9": 12.551998957635696}, "datetime": {"datetime": "2023-11-30 11:08:19", "elapsed": 3515.986774, "delta": 262.590673}}
{"target": 0.0, "params": {"x0": 6.610722206417664, "x1": 10.512086067678881, "x10": 30.372109323049756, "x11": 3.298239224252306, "x12": 11.416126970104802, "x13": 19.793170827898614, "x14": 7.726037656551199, "x15": 13.217288589001038, "x16": 41.14972402863443, "x2": 5.4067246723431674, "x3": 6.2135007743349275, "x4": 8.57262016491272, "x5": 6.651153191790408, "x6": 5.246953526454545, "x7": 7.993777282271994, "x8": 5.414822599410037, "x9": 8.699989096329569}, "datetime": {"datetime": "2023-11-30 11:08:34", "elapsed": 3531.040842, "delta": 15.054068}}
{"target": 0.0, "params": {"x0": 8.770427918486025, "x1": 26.351941069469337, "x10": 30.211131306155515, "x11": 5.259133870455744, "x12": 11.08889834924194, "x13": 29.25390162942385, "x14": 8.096306777068339, "x15": 9.281958678126125, "x16": 32.4213545146856, "x2": 7.318102161661734, "x3": 7.390549661360096, "x4": 4.863108908118526, "x5": 6.665894574363646, "x6": 5.858437709550217, "x7": 6.792461562944415, "x8": 4.553179098092744, "x9": 11.620293047602397}, "datetime": {"datetime": "2023-11-30 11:08:37", "elapsed": 3533.968585, "delta": 2.927743}}
{"target": 0.0, "params": {"x0": 9.443542084554188, "x1": 18.904454136098067, "x10": 25.135220242835207, "x11": 4.318164843942316, "x12": 6.583961277719035, "x13": 18.334689444807136, "x14": 5.39244718834893, "x15": 10.852440414918616, "x16": 37.65196554812168, "x2": 7.57756728909674, "x3": 6.300434776240886, "x4": 6.0719973102924785, "x5": 8.016558901186293, "x6": 5.395668440277446, "x7": 4.567333869136979, "x8": 5.352788347847159, "x9": 9.955623638862596}, "datetime": {"datetime": "2023-11-30 11:08:52", "elapsed": 3548.891854, "delta": 14.923269}}
{"target": 0.0, "params": {"x0": 12.467624840747726, "x1": 7.322153100343561, "x10": 16.02246270065923, "x11": 4.1486896152406265, "x12": 11.896938770211225, "x13": 16.72716767249463, "x14": 4.819985810759255, "x15": 14.189437681509116, "x16": 38.23583254909903, "x2": 8.295643604997343, "x3": 4.480584669233731, "x4": 7.645550285066221, "x5": 6.599856861985794, "x6": 7.88106811011364, "x7": 5.620569692182611, "x8": 4.654209190387698, "x9": 7.869389020034184}, "datetime": {"datetime": "2023-11-30 11:08:55", "elapsed": 3551.931435, "delta": 3.039581}}
{"target": 0.0, "params": {"x0": 2.28021508994563, "x1": 15.35287655487726, "x10": 18.153446929778394, "x11": 5.026825732763431, "x12": 10.671209155980854, "x13": 28.509957478588483, "x14": 5.727315839844711, "x15": 20.01063833346857, "x16": 35.48507392936211, "x2": 6.890305218140743, "x3": 7.462900798646615, "x4": 7.376525359254712, "x5": 6.467215210574535, "x6": 6.944287988683536, "x7": 5.5437292616741916, "x8": 4.200907873203331, "x9": 6.7760639304564}, "datetime": {"datetime": "2023-11-30 11:08:58", "elapsed": 3554.781567, "delta": 2.850132}}
{"target": 0.0, "params": {"x0": 8.937935905133042, "x1": 9.701011400574984, "x10": 24.158345061602752, "x11": 2.9715758464626627, "x12": 10.813540113082391, "x13": 20.06112869873528, "x14": 6.576674106569156, "x15": 17.220347966863013, "x16": 33.54077621329238, "x2": 7.845152342528582, "x3": 5.0827982096049285, "x4": 9.582743278877967, "x5": 5.830056763190122, "x6": 9.283491186496299, "x7": 5.693346830083343, "x8": 4.55178125941134, "x9": 12.859401212274289}, "datetime": {"datetime": "2023-11-30 11:10:18", "elapsed": 3634.744912, "delta": 79.963345}}
{"target": 0.0, "params": {"x0": 12.748820701921012, "x1": 21.168438962409795, "x10": 22.645887280710323, "x11": 5.417688205895889, "x12": 13.618855072236444, "x13": 22.66186090643383, "x14": 6.348719530467257, "x15": 9.972546419611257, "x16": 32.253748094777414, "x2": 6.830295773606213, "x3": 8.142132007766259, "x4": 4.982687540523186, "x5": 8.431501149844095, "x6": 7.235540653082367, "x7": 7.767620773792144, "x8": 2.973299566670788, "x9": 7.6739819040287305}, "datetime": {"datetime": "2023-11-30 11:10:32", "elapsed": 3649.566361, "delta": 14.821449}}
{"target": 0.0, "params": {"x0": 6.259748381992777, "x1": 2.5295964755659215, "x10": 26.655437690062488, "x11": 5.809398422844415, "x12": 10.751120542662864, "x13": 24.446691651440155, "x14": 6.752663304220088, "x15": 12.53959421842004, "x16": 31.629482674997014, "x2": 7.388187787298831, "x3": 7.7415677132902605, "x4": 5.454270566234326, "x5": 6.281048169559685, "x6": 8.25833207701863, "x7": 6.352423087377119, "x8": 3.033458317827399, "x9": 7.747865881820228}, "datetime": {"datetime": "2023-11-30 11:10:47", "elapsed": 3664.295622, "delta": 14.729261}}
{"target": 0.0, "params": {"x0": 4.907972894893202, "x1": 15.56998884412734, "x10": 26.058821642907816, "x11": 5.843014291126385, "x12": 13.484942567708075, "x13": 20.30941256800481, "x14": 7.386257800582446, "x15": 12.324862148994367, "x16": 31.677388146447015, "x2": 5.926323591642414, "x3": 5.897626212160211, "x4": 5.522227303562211, "x5": 6.2355574424731675, "x6": 5.041544635950654, "x7": 9.666961180565009, "x8": 4.573440266915252, "x9": 13.643051908151202}, "datetime": {"datetime": "2023-11-30 11:10:50", "elapsed": 3667.187695, "delta": 2.892073}}
{"target": 5.996426130026505, "params": {"x0": 13.192402111601316, "x1": 14.57496065229915, "x10": 28.153680382986735, "x11": 4.99200107645121, "x12": 8.881177096820057, "x13": 24.069700759722707, "x14": 7.197230574125987, "x15": 12.573641274961963, "x16": 22.4318754962963, "x2": 5.799601454924151, "x3": 7.6834274072009725, "x4": 9.227364200830937, "x5": 7.867764393324544, "x6": 5.097942770126529, "x7": 8.572334874070261, "x8": 4.650789399702157, "x9": 12.34189774406686}, "datetime": {"datetime": "2023-11-30 11:15:01", "elapsed": 3917.759874, "delta": 250.572179}}
{"target": 0.0, "params": {"x0": 14.879175546050188, "x1": 27.604605259308524, "x10": 26.399135704459013, "x11": 5.755408903293025, "x12": 12.25516254040567, "x13": 27.671220093429497, "x14": 7.8714420929455855, "x15": 19.288296854816792, "x16": 45.530546701195036, "x2": 6.459986354907636, "x3": 4.360707206421657, "x4": 8.707191861613211, "x5": 7.407427316023076, "x6": 7.217954481548657, "x7": 8.932534161257884, "x8": 2.9807274317576113, "x9": 13.295986475410242}, "datetime": {"datetime": "2023-11-30 11:15:16", "elapsed": 3932.745198, "delta": 14.985324}}
{"target": 6.289308176100628, "params": {"x0": 2.519510020065805, "x1": 20.838975252865122, "x10": 25.223655413700286, "x11": 5.038318435804888, "x12": 9.421852931444356, "x13": 19.753714604392314, "x14": 6.2633058186463355, "x15": 18.884128777287764, "x16": 36.78535075451457, "x2": 7.845111257785161, "x3": 6.026709974705222, "x4": 9.445680471289123, "x5": 8.49215962612991, "x6": 6.248395006207006, "x7": 8.018013342031978, "x8": 4.703804820219933, "x9": 13.342854594494767}, "datetime": {"datetime": "2023-11-30 11:19:31", "elapsed": 4188.232997, "delta": 255.487799}}
{"target": 0.0, "params": {"x0": 6.125810765981176, "x1": 5.274595105584173, "x10": 18.27781383025376, "x11": 4.178848807302601, "x12": 13.112224139331971, "x13": 19.67277384649192, "x14": 6.801604299408929, "x15": 16.033082208445848, "x16": 32.70229674472553, "x2": 4.67073597163596, "x3": 7.441415516077481, "x4": 5.941858268315705, "x5": 6.658985271213286, "x6": 6.364100959808039, "x7": 8.071674821543587, "x8": 3.164123043029089, "x9": 10.773583642540874}, "datetime": {"datetime": "2023-11-30 11:19:46", "elapsed": 4203.281984, "delta": 15.048987}}
{"target": 0.0, "params": {"x0": 2.231327335148838, "x1": 28.548836962148485, "x10": 25.415488264795336, "x11": 4.1689550509504665, "x12": 7.673986140191324, "x13": 27.141395189433055, "x14": 8.08785498041692, "x15": 12.71273300323739, "x16": 42.00989492343046, "x2": 5.8992401685733515, "x3": 8.431584546149423, "x4": 8.047995609837102, "x5": 7.866083080534015, "x6": 9.231205917717766, "x7": 5.969457839278222, "x8": 5.989448974452262, "x9": 11.759208447305653}, "datetime": {"datetime": "2023-11-30 11:20:01", "elapsed": 4218.18218, "delta": 14.900196}}
{"target": 0.0, "params": {"x0": 13.57043760802193, "x1": 17.605499949169705, "x10": 29.54354933936806, "x11": 5.229082103530461, "x12": 7.672915664481943, "x13": 25.66151106152733, "x14": 5.204255640774853, "x15": 19.21085124697539, "x16": 27.254118586970982, "x2": 5.890011446023349, "x3": 4.191166234568643, "x4": 6.728459966182306, "x5": 7.506827879231684, "x6": 7.381046407749354, "x7": 9.359850680425138, "x8": 4.045113574842361, "x9": 9.986566699325326}, "datetime": {"datetime": "2023-11-30 11:21:22", "elapsed": 4298.802478, "delta": 80.620298}}
{"target": 0.0, "params": {"x0": 14.768564937522463, "x1": 17.743659465971863, "x10": 26.3895885441676, "x11": 3.81209572448258, "x12": 10.293671849680504, "x13": 25.810367925718225, "x14": 4.532586041952511, "x15": 9.612437494590806, "x16": 25.051598101963712, "x2": 6.883248375439402, "x3": 4.081012636848829, "x4": 7.653762252930808, "x5": 5.055920188576578, "x6": 5.709980765370153, "x7": 6.808354415521932, "x8": 3.2636457740855667, "x9": 8.6258660595112}, "datetime": {"datetime": "2023-11-30 11:21:37", "elapsed": 4313.822031, "delta": 15.019553}}
{"target": 0.0, "params": {"x0": 2.316195092532669, "x1": 28.602211726038487, "x10": 25.645952294533203, "x11": 4.149517193765664, "x12": 6.749665880347799, "x13": 21.7588071622625, "x14": 6.00163684553148, "x15": 19.375263318136405, "x16": 29.338506428450085, "x2": 7.594570195811489, "x3": 7.070014869062186, "x4": 5.373277823545036, "x5": 7.230707123399709, "x6": 8.484073951614462, "x7": 5.050573095434587, "x8": 4.917805510141346, "x9": 6.74606439846798}, "datetime": {"datetime": "2023-11-30 11:21:40", "elapsed": 4316.8576, "delta": 3.035569}}
{"target": 0.0, "params": {"x0": 2.1057008571511346, "x1": 3.983460949925898, "x10": 23.3639388891581, "x11": 5.996495944364314, "x12": 9.663868503691301, "x13": 16.240067187153162, "x14": 7.8832331695504845, "x15": 14.899776332614968, "x16": 30.388380133831188, "x2": 9.398507514904619, "x3": 8.343176364758088, "x4": 5.756898274735667, "x5": 5.609015796586702, "x6": 7.46054708312548, "x7": 9.024937022035825, "x8": 4.009031645235713, "x9": 11.054521249870122}, "datetime": {"datetime": "2023-11-30 11:21:43", "elapsed": 4319.933196, "delta": 3.075596}}
{"target": 0.0, "params": {"x0": 4.433674992182117, "x1": 7.5761933573345726, "x10": 28.271363137471035, "x11": 3.379292247986357, "x12": 8.590152875800326, "x13": 27.01195864842245, "x14": 3.9880530651730766, "x15": 9.604672486693682, "x16": 29.572771074227944, "x2": 6.153708075053709, "x3": 5.657651483980912, "x4": 8.591247181160032, "x5": 4.727706595685244, "x6": 6.2664873671591845, "x7": 7.9367458940456395, "x8": 3.3553530671586276, "x9": 13.140509111532662}, "datetime": {"datetime": "2023-11-30 11:21:58", "elapsed": 4334.649374, "delta": 14.716178}}
{"target": 0.0, "params": {"x0": 11.683466124101491, "x1": 5.46680511776872, "x10": 18.572772455727545, "x11": 5.388409567276606, "x12": 9.647332202610123, "x13": 23.417750850463893, "x14": 8.00337823335315, "x15": 10.748793850545164, "x16": 47.14818268060637, "x2": 4.630821751706284, "x3": 4.432590479322273, "x4": 5.566375072271497, "x5": 8.83348531828402, "x6": 6.771421142174022, "x7": 8.01652208596831, "x8": 3.4610292464469383, "x9": 7.827558253498905}, "datetime": {"datetime": "2023-11-30 11:22:12", "elapsed": 4349.38937, "delta": 14.739996}}
{"target": 0.0, "params": {"x0": 9.812725108306838, "x1": 22.091810698453894, "x10": 23.03215485989858, "x11": 5.807225768832683, "x12": 11.623343200908685, "x13": 19.291398704615453, "x14": 4.999807941907928, "x15": 13.320812240375165, "x16": 41.75344648742136, "x2": 9.268517101124672, "x3": 7.987205768824399, "x4": 5.765143906097535, "x5": 6.73262212826982, "x6": 7.5777984351526655, "x7": 7.449533980586628, "x8": 4.186369375788013, "x9": 7.325483785129384}, "datetime": {"datetime": "2023-11-30 11:22:27", "elapsed": 4364.198363, "delta": 14.808993}}
{"target": 0.0, "params": {"x0": 12.683672065958834, "x1": 4.74439536041654, "x10": 30.107556983378927, "x11": 5.786420417058442, "x12": 11.992694755645095, "x13": 23.452014633593024, "x14": 7.136631811282573, "x15": 13.548446335542248, "x16": 42.81495922575167, "x2": 8.483640486209612, "x3": 4.694074258018825, "x4": 6.056294910816097, "x5": 6.3687423659157565, "x6": 6.296402147025264, "x7": 7.555087526033125, "x8": 3.013470106040459, "x9": 11.619943181225835}, "datetime": {"datetime": "2023-11-30 11:22:45", "elapsed": 4382.131429, "delta": 17.933066}}
{"target": 0.0, "params": {"x0": 5.024476385849515, "x1": 13.477903994204677, "x10": 22.829118804051173, "x11": 4.049543611161576, "x12": 9.492588992450237, "x13": 18.085573430297732, "x14": 4.232189028173446, "x15": 15.247190527922069, "x16": 37.579338630049335, "x2": 5.163688908168452, "x3": 5.045650244197743, "x4": 5.893433541363641, "x5": 8.96224328286678, "x6": 5.204720475221296, "x7": 7.477795566644949, "x8": 4.789930663380534, "x9": 9.186119727875338}, "datetime": {"datetime": "2023-11-30 11:23:00", "elapsed": 4396.926849, "delta": 14.79542}}
{"target": 0.0, "params": {"x0": 7.259257839604304, "x1": 27.912379666010782, "x10": 24.625151440395072, "x11": 5.075376164320181, "x12": 10.318804459294517, "x13": 26.260862168695493, "x14": 6.704448315531906, "x15": 10.832820798017192, "x16": 30.797215525201082, "x2": 6.795048086117275, "x3": 4.564904586408966, "x4": 6.2907198162713005, "x5": 5.751538627512689, "x6": 8.800063479760682, "x7": 6.355373898353479, "x8": 3.638077883656244, "x9": 9.684043533970058}, "datetime": {"datetime": "2023-11-30 11:23:21", "elapsed": 4418.553662, "delta": 21.626813}}
{"target": 0.0, "params": {"x0": 12.245960714333703, "x1": 4.1455451723739, "x10": 18.092991551988575, "x11": 5.215669334704229, "x12": 12.32950013169675, "x13": 25.754303174132257, "x14": 7.965375134437842, "x15": 11.08965934625749, "x16": 40.37544254298162, "x2": 9.161407624034444, "x3": 4.671748290738457, "x4": 5.672697402912219, "x5": 7.448735400099805, "x6": 6.192538165535667, "x7": 8.215725022408597, "x8": 3.0670561716136824, "x9": 7.7817511846681535}, "datetime": {"datetime": "2023-11-30 11:23:36", "elapsed": 4433.261373, "delta": 14.707711}}
{"target": 0.0, "params": {"x0": 12.743574597194323, "x1": 28.218457378342908, "x10": 31.22027583048724, "x11": 5.913360462605942, "x12": 7.527867243279167, "x13": 17.48292149114605, "x14": 4.251220222667496, "x15": 15.152437858423763, "x16": 45.02186545728672, "x2": 7.164682042346483, "x3": 7.613356660515873, "x4": 5.386190616200335, "x5": 9.134656794166233, "x6": 5.380860312357321, "x7": 4.827783263682435, "x8": 4.295079265588574, "x9": 10.813675920562881}, "datetime": {"datetime": "2023-11-30 11:23:39", "elapsed": 4436.204318, "delta": 2.942945}}
{"target": 0.0, "params": {"x0": 16.561130142820918, "x1": 4.840651969535694, "x10": 19.726648525170038, "x11": 3.2274732939104673, "x12": 9.547634191020837, "x13": 19.991237694931517, "x14": 6.28121884853088, "x15": 13.04045908463967, "x16": 46.20962565869308, "x2": 8.501929585264149, "x3": 7.983035000478354, "x4": 5.080814899984201, "x5": 7.599973849715868, "x6": 5.522573535883568, "x7": 9.161975108637058, "x8": 2.923481536764754, "x9": 7.358724972448919}, "datetime": {"datetime": "2023-11-30 11:23:54", "elapsed": 4450.902613, "delta": 14.698295}}
{"target": 0.0, "params": {"x0": 7.640856133209734, "x1": 13.095697902078948, "x10": 19.784534386666095, "x11": 3.1969549830155386, "x12": 7.458570592748687, "x13": 20.498462301796074, "x14": 8.294909256692932, "x15": 11.509333803524942, "x16": 41.51102918481641, "x2": 5.747417279558767, "x3": 4.142614071657479, "x4": 4.493150443485382, "x5": 5.349617201333308, "x6": 6.803596119728304, "x7": 8.563441047681426, "x8": 5.332113106355727, "x9": 9.255081467475076}, "datetime": {"datetime": "2023-11-30 11:24:08", "elapsed": 4465.553458, "delta": 14.650845}}
{"target": 0.0, "params": {"x0": 9.187089181443705, "x1": 24.054361839792694, "x10": 29.62240599056733, "x11": 3.9523269138904498, "x12": 6.578492020524884, "x13": 15.747425840261796, "x14": 7.314579797635618, "x15": 12.218376474626805, "x16": 34.60924949072593, "x2": 5.4047219580413275, "x3": 7.918240414775191, "x4": 7.017496017917345, "x5": 7.344709416248209, "x6": 5.90225226628421, "x7": 7.263931900977381, "x8": 2.8794261249787754, "x9": 8.677710647182806}, "datetime": {"datetime": "2023-11-30 11:24:23", "elapsed": 4480.197764, "delta": 14.644306}}
{"target": 0.0, "params": {"x0": 7.231444753076539, "x1": 9.953093575288356, "x10": 16.431494120768683, "x11": 4.633498512439407, "x12": 12.60800066485561, "x13": 31.44901613527262, "x14": 6.207525455154579, "x15": 15.709160692638683, "x16": 29.659343661149368, "x2": 5.182646256206578, "x3": 4.583785822175992, "x4": 8.203628819004308, "x5": 8.44925315154445, "x6": 5.33903308617777, "x7": 6.73944970344542, "x8": 4.877680620037211, "x9": 7.508942771446823}, "datetime": {"datetime": "2023-11-30 11:24:26", "elapsed": 4483.08469, "delta": 2.886926}}
{"target": 0.0, "params": {"x0": 13.780534248032987, "x1": 18.891792608318354, "x10": 25.709905385158116, "x11": 5.238956585370232, "x12": 14.135755844775527, "x13": 24.78381224960291, "x14": 7.897335169345157, "x15": 13.806314523076427, "x16": 39.101043855582304, "x2": 9.202852953108408, "x3": 7.065271102532679, "x4": 5.979957901385083, "x5": 7.839070656894764, "x6": 6.229828899455438, "x7": 6.253569645116187, "x8": 4.931875950233751, "x9": 7.778361201465913}, "datetime": {"datetime": "2023-11-30 11:24:29", "elapsed": 4486.050335, "delta": 2.965645}}
{"target": 0.0, "params": {"x0": 9.3010840363663, "x1": 27.55387198063801, "x10": 21.65494701042896, "x11": 3.510435374648666, "x12": 10.150415148218872, "x13": 29.666318830079298, "x14": 7.797230993560417, "x15": 18.25341789486542, "x16": 22.404680045630116, "x2": 5.7932688054285695, "x3": 8.630420921671211, "x4": 5.02995937585708, "x5": 7.14719683515491, "x6": 8.502335460121909, "x7": 5.187155712980066, "x8": 5.108033539324547, "x9": 10.298355313435254}, "datetime": {"datetime": "2023-11-30 11:24:32", "elapsed": 4489.039188, "delta": 2.988853}}
