{"target": 6.731558894408767, "params": {"x0": 7.034705259834469, "x1": 27.913952688891662, "x10": 26.90198381529354, "x11": 3.5309148601785587, "x12": 13.306759069666038, "x13": 25.0780504530019, "x14": 4.541780061143637, "x15": 18.726286061762067, "x16": 33.42795851651659, "x2": 5.595600834380487, "x3": 5.765407078845199, "x4": 8.485269110337216, "x5": 6.158508740844245, "x6": 8.879114253987753, "x7": 6.347006755092644, "x8": 5.045994329481895, "x9": 11.364826826918513}, "datetime": {"datetime": "2023-11-30 12:08:57", "elapsed": 7153.645021, "delta": 256.643654}}
{"target": 6.854996264027036, "params": {"x0": 7.152888088423306, "x1": 29.0, "x10": 26.568901600617608, "x11": 3.7801077848583593, "x12": 14.216662610762672, "x13": 25.783979405093163, "x14": 4.346588561481994, "x15": 18.822954167625074, "x16": 32.885864941418916, "x2": 5.58330385418471, "x3": 4.875075473746593, "x4": 8.800343076102397, "x5": 5.38104010402907, "x6": 8.953692569008709, "x7": 5.768375620213416, "x8": 5.106937667215232, "x9": 11.056028620473839}, "datetime": {"datetime": "2023-11-30 12:13:16", "elapsed": 7413.47936, "delta": 259.834339}}
{"target": 6.751054852320674, "params": {"x0": 6.3418081508087765, "x1": 29.0, "x10": 26.25284488577072, "x11": 3.351415508975622, "x12": 13.038896797324925, "x13": 25.396085542360606, "x14": 4.706376850625705, "x15": 18.760210821070984, "x16": 33.25993463701924, "x2": 5.504631330915746, "x3": 5.305924052093064, "x4": 8.971958835976638, "x5": 5.193230446974614, "x6": 9.3130743082344, "x7": 6.303646235929986, "x8": 5.15491994035645, "x9": 11.92656306006335}, "datetime": {"datetime": "2023-11-30 12:17:27", "elapsed": 7663.955813, "delta": 250.476453}}
{"target": 5.704539101763273, "params": {"x0": 6.578910529079915, "x1": 29.0, "x10": 27.033973787524502, "x11": 3.4028196063314216, "x12": 13.875662985777451, "x13": 25.34244930514464, "x14": 5.052803370795224, "x15": 18.97407655465935, "x16": 33.03590027345352, "x2": 5.874064527407774, "x3": 4.590267965289618, "x4": 8.412236986611566, "x5": 6.386158947034518, "x6": 9.012643964868724, "x7": 6.353084795078661, "x8": 4.5017020921904, "x9": 11.986124458791332}, "datetime": {"datetime": "2023-11-30 12:21:33", "elapsed": 7910.187622, "delta": 246.231809}}
{"target": 6.995697645947743, "params": {"x0": 6.129033705972461, "x1": 29.0, "x10": 27.39038906915038, "x11": 3.4490832939516407, "x12": 13.590784946254761, "x13": 25.078527029867818, "x14": 4.163300715980498, "x15": 18.509738370877024, "x16": 33.36834994556943, "x2": 5.123045345257786, "x3": 5.761864369239632, "x4": 8.63531061612053, "x5": 5.124011184720519, "x6": 8.211553934905648, "x7": 5.767439602701145, "x8": 5.3040601223675035, "x9": 11.115306719687913}, "datetime": {"datetime": "2023-11-30 12:26:10", "elapsed": 8187.31087, "delta": 277.123248}}
{"target": 6.961897534792083, "params": {"x0": 7.329694990542783, "x1": 29.0, "x10": 26.60088618409516, "x11": 3.490720612809838, "x12": 14.015735840691029, "x13": 24.88337030124051, "x14": 4.964795495360551, "x15": 18.22892043493588, "x16": 33.87858457240679, "x2": 5.066642175084857, "x3": 5.742024597168132, "x4": 9.59, "x5": 5.350487663670144, "x6": 8.2743602194771, "x7": 6.175074762516994, "x8": 5.261778342497945, "x9": 11.501261811064323}, "datetime": {"datetime": "2023-11-30 12:30:29", "elapsed": 8446.562579, "delta": 259.251709}}
{"target": 7.715156424796512, "params": {"x0": 6.944763841569325, "x1": 29.0, "x10": 27.50299204597081, "x11": 4.202718765285015, "x12": 13.365659593736423, "x13": 24.567985163357875, "x14": 4.042249695568481, "x15": 18.32649500686207, "x16": 33.777612029098485, "x2": 5.738331375359746, "x3": 5.217705002001245, "x4": 9.59, "x5": 5.248220079296568, "x6": 9.348347685648916, "x7": 6.179432025828778, "x8": 5.223724740615342, "x9": 11.088168328649212}, "datetime": {"datetime": "2023-11-30 12:34:58", "elapsed": 8714.995021, "delta": 268.432442}}
{"target": 0.0, "params": {"x0": 6.50356472812276, "x1": 29.0, "x10": 26.955384465085814, "x11": 3.9160458249463255, "x12": 13.99547731213213, "x13": 24.7428550381661, "x14": 4.424838293157429, "x15": 19.259987759218493, "x16": 34.72091571209024, "x2": 5.331865181521513, "x3": 5.58271773823329, "x4": 9.163182307073306, "x5": 5.408820502757093, "x6": 9.59, "x7": 5.715217695635099, "x8": 5.514834795017254, "x9": 10.929179337648792}, "datetime": {"datetime": "2023-11-30 12:35:14", "elapsed": 8731.036911, "delta": 16.04189}}
{"target": 7.483797578243104, "params": {"x0": 7.017005746454162, "x1": 28.701352524762896, "x10": 27.2121309392531, "x11": 3.9447131189801943, "x12": 13.293844870466637, "x13": 24.786262750012053, "x14": 4.313995893049979, "x15": 17.691621588187356, "x16": 32.578974574266596, "x2": 5.661360420602137, "x3": 5.144391422752942, "x4": 9.322753805066531, "x5": 5.213682569844982, "x6": 8.959168543301917, "x7": 6.453989635469374, "x8": 4.961725691653622, "x9": 11.549937025729164}, "datetime": {"datetime": "2023-11-30 12:39:26", "elapsed": 8983.098808, "delta": 252.061897}}
{"target": 7.570366557148698, "params": {"x0": 6.925722552524093, "x1": 28.84087048191913, "x10": 27.47003818429322, "x11": 3.9705136836106765, "x12": 13.137304077918582, "x13": 25.741630903152412, "x14": 4.352146459615529, "x15": 18.13497858112627, "x16": 33.562283790928525, "x2": 5.801173389247823, "x3": 5.012313226915556, "x4": 9.407011638993488, "x5": 5.407578300596586, "x6": 8.998086457536617, "x7": 6.555445633285657, "x8": 4.987925596549793, "x9": 11.348879810801984}, "datetime": {"datetime": "2023-11-30 12:43:39", "elapsed": 9236.000108, "delta": 252.9013}}
{"target": 0.0, "params": {"x0": 6.957750270595511, "x1": 29.0, "x10": 27.090252561835143, "x11": 3.99373419177811, "x12": 12.991519617068189, "x13": 24.67941210216341, "x14": 4.321156783210824, "x15": 18.536248371447137, "x16": 32.94580773351894, "x2": 5.419021804348955, "x3": 4.912941643004349, "x4": 9.27884990185644, "x5": 5.354734121203275, "x6": 9.033112580347847, "x7": 6.5178442725399695, "x8": 5.011505510956348, "x9": 10.601315333583658}, "datetime": {"datetime": "2023-11-30 12:44:50", "elapsed": 9307.032859, "delta": 71.032751}}
{"target": 7.319786847806992, "params": {"x0": 6.809687959224812, "x1": 28.607904064443996, "x10": 27.172820668417145, "x11": 4.014632649128801, "x12": 13.778882998775845, "x13": 25.126896709284484, "x14": 4.29326607444659, "x15": 17.816725348382686, "x16": 33.495167685505166, "x2": 6.016268247786282, "x3": 5.491992025098451, "x4": 9.309964911670797, "x5": 5.3523981383207815, "x6": 9.064636090877954, "x7": 5.893618821476331, "x8": 5.120935507983065, "x9": 11.526336024208211}, "datetime": {"datetime": "2023-11-30 12:49:23", "elapsed": 9579.686789, "delta": 272.65393}}
{"target": 7.043940098333404, "params": {"x0": 6.94925206091447, "x1": 28.83330038726738, "x10": 27.869246849336495, "x11": 4.033441260744422, "x12": 13.737560658271903, "x13": 24.864464064548226, "x14": 4.268164436558779, "x15": 17.996056591159718, "x16": 33.655211786452995, "x2": 5.479690622841005, "x3": 5.3253553924541075, "x4": 9.337968420503717, "x5": 5.047359875707608, "x6": 9.09300725035505, "x7": 6.453545945664843, "x8": 5.119728083274083, "x9": 11.482519254652312}, "datetime": {"datetime": "2023-11-30 12:53:49", "elapsed": 9846.293618, "delta": 266.606829}}
{"target": 7.704160246533128, "params": {"x0": 6.5347370766768105, "x1": 28.410609998826942, "x10": 27.155618553701455, "x11": 4.050369011198481, "x12": 13.035304735265084, "x13": 24.739107278032535, "x14": 4.245572962459749, "x15": 17.87760303685463, "x16": 33.936850043760494, "x2": 5.842119954173748, "x3": 5.285992333022033, "x4": 9.363171578453345, "x5": 5.487418383820439, "x6": 9.118541293884437, "x7": 6.426134553681236, "x8": 5.069016922193936, "x9": 11.443084162052001}, "datetime": {"datetime": "2023-11-30 12:58:13", "elapsed": 10110.266755, "delta": 263.973137}}
{"target": 7.755064056829109, "params": {"x0": 7.3100697581218625, "x1": 29.0, "x10": 26.761672579145802, "x11": 4.065603986607135, "x12": 13.62021188962775, "x13": 25.10040139094846, "x14": 4.225240635770622, "x15": 17.894210543159577, "x16": 33.82280170132433, "x2": 5.8145846020661045, "x3": 5.0177497621633815, "x4": 9.38585442060801, "x5": 5.463498553368052, "x6": 9.141521933060885, "x7": 6.401464300895991, "x8": 5.084487704036077, "x9": 11.407592578711721}, "datetime": {"datetime": "2023-11-30 13:02:39", "elapsed": 10375.985675, "delta": 265.71892}}
{"target": 7.668829276522647, "params": {"x0": 6.772633750617214, "x1": 28.21146067098632, "x10": 26.567976213340316, "x11": 3.9490564247309368, "x12": 13.693554153983907, "x13": 25.6107435636824, "x14": 4.3807829349424425, "x15": 18.189667406914044, "x16": 33.207018604570564, "x2": 5.629848154815261, "x3": 5.113643629334291, "x4": 9.21233067812482, "x5": 5.432459370554182, "x6": 8.965720043361058, "x7": 6.439721618265414, "x8": 4.986879928126308, "x9": 11.679103191264854}, "datetime": {"datetime": "2023-11-30 13:07:00", "elapsed": 10637.079344, "delta": 261.093669}}
{"target": 7.210325185665873, "params": {"x0": 6.8160402370649384, "x1": 29.0, "x10": 27.32878197126693, "x11": 3.9607111809185565, "x12": 13.485545159948186, "x13": 24.891090215045605, "x14": 4.3652287050252605, "x15": 18.2308926936669, "x16": 33.56412509301478, "x2": 5.980847404591864, "x3": 4.864784003687416, "x4": 9.229683052373138, "x5": 5.628186586032737, "x6": 8.983300232331041, "x7": 6.231609610469572, "x8": 5.191004037019215, "x9": 11.65195213000954}, "datetime": {"datetime": "2023-11-30 13:11:26", "elapsed": 10902.671682, "delta": 265.592338}}
{"target": 7.613710770355256, "params": {"x0": 6.865443189170631, "x1": 29.0, "x10": 26.647885837854545, "x11": 3.9712004614874146, "x12": 13.410917398013794, "x13": 25.625296313033665, "x14": 4.351229898099797, "x15": 17.586229267203237, "x16": 33.148195203999194, "x2": 5.6649480797929215, "x3": 5.155418944791751, "x4": 9.245300189196627, "x5": 5.315279323969835, "x6": 8.999122402404025, "x7": 6.2485950795122145, "x8": 4.988623004351252, "x9": 11.627516174879759}, "datetime": {"datetime": "2023-11-30 13:16:00", "elapsed": 11177.240661, "delta": 274.568979}}
{"target": 7.619512046448546, "params": {"x0": 7.7102336701779715, "x1": 28.27548906465916, "x10": 27.221031186763916, "x11": 3.9806408139993863, "x12": 13.431846847175189, "x13": 24.91636362584585, "x14": 4.33863097186688, "x15": 17.88239282298821, "x16": 33.63393684320381, "x2": 5.67991173202024, "x3": 5.141652026528914, "x4": 9.512353228878258, "x5": 5.330101246909657, "x6": 9.013362355469711, "x7": 6.263882001650592, "x8": 4.998209474319735, "x9": 11.605523815262956}, "datetime": {"datetime": "2023-11-30 13:20:36", "elapsed": 11452.8259, "delta": 275.585239}}
{"target": 7.822522607090334, "params": {"x0": 7.67021727897236, "x1": 29.0, "x10": 27.175095326002104, "x11": 3.9891371312601613, "x12": 13.789740427835056, "x13": 25.525566277837477, "x14": 4.123189333283991, "x15": 18.143675376684214, "x16": 33.1565645376107, "x2": 5.935790185107383, "x3": 5.12926180009236, "x4": 9.499703348051233, "x5": 5.343440977555496, "x6": 9.02617831322883, "x7": 6.41123372047318, "x8": 5.006837297291369, "x9": 11.585730691607832}, "datetime": {"datetime": "2023-11-30 13:25:08", "elapsed": 11725.150934, "delta": 272.325034}}
{"target": 7.682674800058388, "params": {"x0": 7.364091886249437, "x1": 28.74814753759149, "x10": 26.899730517084098, "x11": 3.924140304215234, "x12": 13.645641170358846, "x13": 25.16417612398181, "x14": 4.036445726170354, "x15": 18.355720485180157, "x16": 33.722866126767286, "x2": 6.038814930692469, "x3": 5.224047032331992, "x4": 9.59, "x5": 5.241392038114824, "x6": 8.928136236371582, "x7": 6.522186911883093, "x8": 4.940834451558367, "x9": 11.737148087569526}, "datetime": {"datetime": "2023-11-30 13:29:39", "elapsed": 11996.19301, "delta": 271.042076}}
{"target": 7.765964882306803, "params": {"x0": 7.394704425521729, "x1": 28.471831528136526, "x10": 27.491363727347178, "x11": 3.9306399869197266, "x12": 13.660051096106468, "x13": 25.850817416307574, "x14": 4.045120086881718, "x15": 17.952834779037868, "x16": 32.64689310736977, "x2": 5.843067914080804, "x3": 5.2145685091080285, "x4": 9.412608918557169, "x5": 5.435285023052101, "x6": 9.114416182400353, "x7": 6.311375848204258, "x8": 5.066239858451071, "x9": 11.722006347973357}, "datetime": {"datetime": "2023-11-30 13:34:10", "elapsed": 12266.96559, "delta": 270.77258}}
{"target": 7.681848560037488, "params": {"x0": 7.422255710866792, "x1": 28.524648375322872, "x10": 26.890453764791538, "x11": 3.93648970135377, "x12": 13.906460826390786, "x13": 25.232840253214388, "x14": 4.193451655046037, "x15": 17.9719188388025, "x16": 32.69786025039386, "x2": 6.019240229031303, "x3": 5.206037838206462, "x4": 9.421318361506575, "x5": 5.426100618502441, "x6": 9.1055923954832, "x7": 6.50110580551521, "x8": 4.953374992247638, "x9": 11.708378782336805}, "datetime": {"datetime": "2023-11-30 13:38:45", "elapsed": 12542.244961, "delta": 275.279371}}
{"target": 7.938965235271235, "params": {"x0": 7.447051867677349, "x1": 28.572183537790586, "x10": 27.431272731091614, "x11": 3.9417544443444092, "x12": 13.894788786535214, "x13": 25.789019699998256, "x14": 4.05995324369815, "x15": 17.989094492590674, "x16": 33.56939839610585, "x2": 5.860685145575855, "x3": 5.060163365789668, "x4": 9.570249835941425, "x5": 5.417834654407747, "x6": 8.954705639199895, "x7": 6.3303488439353535, "x8": 4.958721222752011, "x9": 11.475347409951757}, "datetime": {"datetime": "2023-11-30 13:43:18", "elapsed": 12815.487382, "delta": 273.242421}}
{"target": 7.890915977526671, "params": {"x0": 7.25736126807659, "x1": 28.93582753066859, "x10": 27.649023525417697, "x11": 3.9014791604660197, "x12": 13.80549768164008, "x13": 25.565084291161593, "x14": 4.006202567550185, "x15": 17.857700741111163, "x16": 33.21848961638497, "x2": 5.796845861974056, "x3": 5.118897034946956, "x4": 9.59, "x5": 5.481069279732159, "x6": 8.893953866275302, "x7": 6.261596698878201, "x8": 4.9178225593935565, "x9": 11.56917319935942}, "datetime": {"datetime": "2023-11-30 13:47:57", "elapsed": 13093.849933, "delta": 278.362551}}
{"target": 7.8466451668589094, "params": {"x0": 7.617773407318032, "x1": 28.899463131380788, "x10": 27.23529701619814, "x11": 3.9055066888538588, "x12": 13.814426792129595, "x13": 25.990561567951254, "x14": 4.108328852231319, "x15": 17.870840116259114, "x16": 33.88521629785465, "x2": 5.803229790334235, "x3": 5.113023668031227, "x4": 9.516281772705428, "x5": 5.474745817199718, "x6": 8.900029043567761, "x7": 6.268471913383916, "x8": 4.995530019774621, "x9": 11.559790620418655}, "datetime": {"datetime": "2023-11-30 13:52:27", "elapsed": 13363.892886, "delta": 270.042953}}
{"target": 7.802868334399726, "params": {"x0": 7.293402482000734, "x1": 28.86673517202177, "x10": 27.254894587687488, "x11": 3.909131464402914, "x12": 13.967114581500272, "x13": 25.970407381155955, "x14": 4.103491291378002, "x15": 17.88266555389227, "x16": 33.28516228453194, "x2": 5.912394965293312, "x3": 5.012589093772265, "x4": 9.521678579029027, "x5": 5.366614607894973, "x6": 8.905496703130975, "x7": 6.386038081431647, "x8": 4.925593305431663, "x9": 11.39934852053155}, "datetime": {"datetime": "2023-11-30 13:57:06", "elapsed": 13643.100142, "delta": 279.207256}}
{"target": 7.850464354966596, "params": {"x0": 7.308767420568396, "x1": 28.83728000859865, "x10": 27.2725324020279, "x11": 3.9123937623970635, "x12": 13.829695571066662, "x13": 25.62577078695633, "x14": 4.0207690007862835, "x15": 18.084880537419238, "x16": 33.82521089652237, "x2": 5.814146307830143, "x3": 5.017346520974005, "x4": 9.526535704720267, "x5": 5.37173661254625, "x6": 8.910417596737867, "x7": 6.280228530188689, "x8": 4.928906097163698, "x9": 11.40694840947357}, "datetime": {"datetime": "2023-11-30 14:01:42", "elapsed": 13918.858064, "delta": 275.757922}}
{"target": 7.981992624638814, "params": {"x0": 7.571507870075407, "x1": 28.33359671406333, "x10": 27.28840643493427, "x11": 3.915329830591798, "x12": 13.836204892613518, "x13": 25.64209567826052, "x14": 4.02468742507747, "x15": 17.902887052244967, "x16": 33.33916714573098, "x2": 5.818800191604714, "x3": 5.021628205455571, "x4": 9.530907117842384, "x5": 5.459322892083094, "x6": 8.91484640098407, "x7": 6.375457126307351, "x8": 4.985554835781493, "x9": 11.413788309521388}, "datetime": {"datetime": "2023-11-30 14:06:21", "elapsed": 14198.021064, "delta": 279.163}}
{"target": 8.006597436287501, "params": {"x0": 7.465720268037058, "x1": 28.536395514231497, "x10": 27.16697008320053, "x11": 3.8928689089020785, "x12": 13.786408582780075, "x13": 25.517210259783447, "x14": 3.9947114792498923, "x15": 17.829610727951117, "x16": 33.53486370854962, "x2": 5.783197980729245, "x3": 5.054383091739553, "x4": 9.56434842822657, "x5": 5.494587894107139, "x6": 8.948726753467522, "x7": 6.41379916632355, "x8": 5.008363406856553, "x9": 11.466113544887202}, "datetime": {"datetime": "2023-11-30 14:10:58", "elapsed": 14475.00423, "delta": 276.983166}}
{"target": 0.0, "params": {"x0": 7.539771589463903, "x1": 28.678354674349215, "x10": 27.28840643493427, "x11": 3.870407987212359, "x12": 13.736612272946632, "x13": 25.392324841306372, "x14": 4.02468742507747, "x15": 17.756334403657267, "x16": 33.67185130252267, "x2": 5.818800191604714, "x3": 5.0773115121383405, "x4": 9.540939510957639, "x5": 5.459322892083094, "x6": 8.925010506729105, "x7": 6.452141206339748, "x8": 5.031171977931613, "x9": 11.429485880131134}, "datetime": {"datetime": "2023-11-30 14:11:15", "elapsed": 14491.94034, "delta": 16.93611}}
{"target": 7.911767963669161, "params": {"x0": 7.399074078752897, "x1": 28.40863227012555, "x10": 27.05767736664016, "x11": 3.913083738422826, "x12": 13.741591903929976, "x13": 25.62960713641281, "x14": 4.021689830494712, "x15": 17.895559419815584, "x16": 33.41157487397388, "x2": 5.751155990941323, "x3": 5.075018670098462, "x4": 9.585416453768607, "x5": 5.526326395928779, "x6": 8.970071375532097, "x7": 6.3792913303089716, "x8": 4.987835692888999, "x9": 11.499078443167663}, "datetime": {"datetime": "2023-11-30 14:15:53", "elapsed": 14769.6302, "delta": 277.68986}}
{"target": 8.006725649545618, "params": {"x0": 7.461438217859199, "x1": 28.52554950311699, "x10": 27.167255302559944, "x11": 3.8916462592929872, "x12": 13.787893143034042, "x13": 25.51328692779676, "x14": 3.9947091087325055, "x15": 17.82607825513384, "x16": 33.52528073494449, "x2": 5.784549953121228, "x3": 5.055759039487383, "x4": 9.563118089164925, "x5": 5.496203936483316, "x6": 8.950112909049581, "x7": 6.4122074611140585, "x8": 5.009829324832139, "x9": 11.46537577881939}, "datetime": {"datetime": "2023-11-30 14:20:29", "elapsed": 15046.50996, "delta": 276.87976}}
{"target": 8.0150683284575, "params": {"x0": 7.407668907047922, "x1": 28.62849543028708, "x10": 27.07874246311402, "x11": 3.907959138724338, "x12": 13.824120424889923, "x13": 25.60413223126721, "x14": 3.9728567627500704, "x15": 17.879320071903194, "x16": 33.42589592761839, "x2": 5.75866354001261, "x3": 5.039113018404058, "x4": 9.546114505428958, "x5": 5.470576552126596, "x6": 8.967332745142784, "x7": 6.384335699202724, "x8": 4.993275172417199, "x9": 11.492040458123173}, "datetime": {"datetime": "2023-11-30 14:25:06", "elapsed": 15322.760957, "delta": 276.250997}}
{"target": 8.040007075206226, "params": {"x0": 7.359810015610682, "x1": 28.545733934686755, "x10": 27.153263435703195, "x11": 3.921190754277403, "x12": 13.855956135520172, "x13": 25.67866710764581, "x14": 3.9542498808281814, "x15": 17.92262730107537, "x16": 33.51475406452192, "x2": 5.779826242744921, "x3": 5.025643531346609, "x4": 9.531011762110422, "x5": 5.491445489401534, "x6": 8.952002042165132, "x7": 6.408973166895072, "x8": 5.006646744206014, "x9": 11.514074710833336}, "datetime": {"datetime": "2023-11-30 14:29:34", "elapsed": 15590.660363, "delta": 267.899406}}
{"target": 8.010317288667803, "params": {"x0": 7.407668907047922, "x1": 28.487800887766525, "x10": 27.10109875489077, "x11": 3.9344223698304677, "x12": 13.88779184615042, "x13": 25.60413223126721, "x14": 3.9728567627500704, "x15": 17.965934530247544, "x16": 33.57695476035438, "x2": 5.765012350832303, "x3": 5.039113018404058, "x4": 9.546114505428958, "x5": 5.476837233309078, "x6": 8.941270550080775, "x7": 6.391726939510429, "x8": 4.997286643953844, "x9": 11.492040458123173}, "datetime": {"datetime": "2023-11-30 14:34:09", "elapsed": 15865.890343, "delta": 275.22998}}
{"target": 8.04518174065552, "params": {"x0": 7.330588977658449, "x1": 28.515069227154697, "x10": 27.163779222385223, "x11": 3.931151544158506, "x12": 13.87539887940388, "x13": 25.712586844510138, "x14": 3.94422656233002, "x15": 17.956105329586755, "x16": 33.557706669435255, "x2": 5.791473986713583, "x3": 5.032139475523854, "x4": 9.520659785025279, "x5": 5.4946063863979555, "x6": 8.948210877233695, "x7": 6.401547158272656, "x8": 4.998843114110836, "x9": 11.522269072019867}, "datetime": {"datetime": "2023-11-30 14:38:44", "elapsed": 16141.147316, "delta": 275.256973}}
{"target": 7.922611926699995, "params": {"x0": 7.367893627825002, "x1": 28.56046175978348, "x10": 27.12205162026126, "x11": 3.9413711132624334, "x12": 13.850584090987564, "x13": 25.771264107533586, "x14": 3.958796970761842, "x15": 17.922700375382863, "x16": 33.605941602813886, "x2": 5.80289085196437, "x3": 5.042724962831525, "x4": 9.532375408259036, "x5": 5.5062810289830235, "x6": 8.956713827575452, "x7": 6.387949014522216, "x8": 4.991651614411337, "x9": 11.539707098655773}, "datetime": {"datetime": "2023-11-30 14:43:05", "elapsed": 16402.469815, "delta": 261.322499}}
